[    00000] Iniiaizg cgrupubys cpuset
[    0.000000] Initializing cgroup subsys cpu
[    0.000000] Initializing cgroup subsys cpuacct
[    0.000000 Lnu version4.0-119geri (bil@ly01-amd4-2)(gcc eron 5..001060 (untu 5.4.06unt1~16.04.) #143-butuMP Mo A 216:0822TC2018 Ubnt4.4.01114-geer 44.114)[   0.000]KERNEL supported cpus:
[    0.000000]   Intel GenuineIntel
[    0.000000]   AMD AuthenticAMD
[    0.000000]   NSC Geode by NSC
[    0.0000]  Cyrix CyrixInstead
[    0.000000]   Centaur CentaurHauls
[    0.000000]   Transmeta GenuineTMx86
[    0.000000]   Transmeta TransmetaCPU
[    0.000000]   UMC UMC UMC UMC
[   .0000] x86fp xstate_fft[2]: 5, stat_ses2]: 2
    0.00000] 6/pu: Supporting XSAVE feature 0x01: 'x87 floating point registers'
[    0.000000] x86/fpu: Supporting XSAVE feature 0x02: 'SSE registers'
[    0.000000] x86/fpu: Supporting XSAVE feature 0x04: 'AVX registers'
[    0.000000] x86/fpu: Enabled xstate features 0x7, context size is 832 bytes, using 'standard' format.
[   .00000x8/fpuUsng 'la' PU context switches.
[    0.000000] e820: BIOS-provided physical RAM map:
[    0.000000] BIOS-e820: [mem 0x0000000000000000-0x000000000009fbff] usable
[    0.000000] BIOS-e820: [mem 0x000000000009fc00-0x000000000009ffff] reserved
[    0.000000] BIOS-e820: [mem 0x00000000000f0000-0x00000000000fffff] reserved
[    0.000000] BIOS-e820: [mem 0x0000000000100000-0x000000001ffeffff] usable
[    0.000000] BIOS-e820: [mem 0x000000001fff0000-0x000000001fffffff] ACPI data
[    0.000000] BIOS-e820: [mem 0x00000000fffc0000-0x00000000ffffffff] reserved
[    0.000000] NX (Execute Disable) protection: active
[    0.000000] SMBIOS 2.5 present.
[    0.000000] Hypervisor detected: KVM
[    0.000000] e820: last_pfn = 0x1fff0 max_arch_pfn = 0x1000000
[    0.000000] MTRR: Disabled
[    0.000000] x86/PAT: MTRRs disabled, skipping PAT initialization too.
[    0.000000] CPU MTRRs all blank - virtualized system.
[    0.000000] x86/PAT: Configuration [0-7]: WB  WT  UC- UC  WB  WT  UC- UC  
[    0.000000] found SMP MP-table at [mem 0x0009fff0-0x0009ffff] mapped at [c009fff0]
[    0.000000] Scanning 1 areas for low memory corruption
[    0.000000] RAMDISK: [mem 0x1ed89000-0x1f821fff]
[    0.000000] ACPI: Early table checksum verification disabled
[    0.000000] ACPI: RSDP 0x00000000000E0000 000024 (v02 VBOX  )
[    0.000000] ACPI: XSDT 0x000000001FFF0030 00003C (v01 VBOX   VBOXSD 0000001 AL 000061)
[   0.0000]AC: ACP 0000001FFF000 004 (v0 VX  VBOXFCP000001 ASL 000061)
[    0.000000] ACPI: DSDT 0x000000001FFF0470 002118 (v01 VBOX   VBOXBIOS 00000002 INTL 20160108)
[    0.000000] ACPI: FACS 0x000000001FFF0200 000040
[    0.000000] ACPI: FACS 0x000000001FFF0200 000040
[    0.000000] ACPI: APIC 0x000000001FFF0240 00005C (v02 VBOX   VBOXAPIC 00000001 ASL  00000061)
[    0.000000] ACPI: SDTx000000001FFF02A0 0001CC (v01 VBOX   VBOXCPUT 00000002 INTL 20160108)
[    0.000000] 0MB HIGHMEM available.
[    0.000000] 511MB LOWMEM available.
[    0.000000]   mapped low ram: 0 - 1fff0000
[    0.000000]   low ram: 0 - 1fff0000
[    0.000000] kvm-clock: Using msrs 4b564d01 and 4b564d00
[    0.000000] kvm-clock: cpu 0, ms0:ffef1,primy pu clock
[    0.0000kvclock ungschedofse of3363153 cyces[    0.000] clocksur: vm-clock:mak:0xffffffffffff ma_cles: 0x1c42dfb, axdl_ns 8155914 n
[  0.0000Zoe raes
[   0.00000]   MA    [mem0x00000000001000-0x0000000000ffffff]
[    0.000000]   Normal   [mem 0x0000000001000000-0x000000001ffeffff]
[    0.000000]   HighMem  empty
[    0.000000] Movable zone start for each node
[    0.000000] Early memory node ranges
[    0.000000]   node   0: [mem 0x0000000000001000-0x000000000009efff]
[    0.000000]   node   0: [mem 0x0000000000100000-0x000000001ffeffff]
[   00000Inmem tunode 0me 0x0000000000x00001ffeff
[  0.0000Usg AP dver deful
[   00000] AC: M-Tir  Port: 0x400
  .00000 IPIC[0]apc_id 2vesion7,ades0xfec000 GSI 03
[    00000] ACP INT_S_OR (bus 0 bs_ir0 lobair 2flfl)   0.00000 APIINSRC_OVR bu0 busir9 loba_i 9high lve
    0.000]Usig CP(MADT) orMPconfigraoninfoaton
  0.0000smboot: Alloin2 PUs 0otlugCP
    0.00000PM: Regited osave emy:[me 0000000-0x00000fff]
   0.000000] PM: Registered nosave memory: [mem 0x0009f000-0x0009ffff]
[    0.000000] PM: Registered nosave memory: [mem 0x000a0000-0x000effff]
[    0.000000] PM: Registered nosave memory: [mem 0x000f0000-0x000fffff]
[    0.000000] e820: [mem 0x20000000-0xfffbffff] available for PCI devices
[    0.000000] Booting paravirtualized kernel on KVM
[    0.000000] clocksource: refined-jiffies: mask: 0xffffffff max_cycles: 0xffffffff, max_idle_ns: 7645519600211568 ns
[    0.000000] setup_percpu: NR_CPUS:8 nr_cpumask_bits:8 nr_cpu_ids:2 nr_ndeds1
[    .0000] ERU:Embdd 1 pagescp@daae00 s43 r0 d3038 784
[   000000] P qinock hah ble etrs:512(oer 0,40 btes)
[    0.000000] Built 1 zonelists in Zone order, mobility grouping on.  Total pages: 129678
[    0.000000] Kernel command line: BOOT_IMAGE=/boot/vmlinuz-4.4.0-119-generic root=LABEL=cloudimg-rootfs ro console=tty1 console=ttyS0
[    0.000000] PID hash table entries: 2048 (order: 1, 8192 bytes)
[    0.000000] Dentry cache hash table entries: 65536 (order: 6, 262144 bytes)
[    0.000000] Inode-cache hash table entries: 32768 (order: 5, 131072 byte)    0.00000] Iniaizig U#
[    .000] Iitialzig HighMem for node 0 (00000000:00000000)
[    0.000000] Memory: 493284K/523832K available (8013K kernel code, 777K rwdata, 3172K rodata, 948K init, 800K bss, 30548K reserved, 0K cma-reserved, 0K highmem)
[    0.000000] virtual kernel memory layout:
[    0.000000]     fixmap  : 0xfff15000 - 0xfffff000   ( 936 kB)
[    0.000000]     pkmap   : 0xffc00000 - 0xffe00000   (2048 kB)
[    0.000000]     vmalloc : 0xe07f0000 - 0xffbfe000   ( 500 MB)
[    0.000000]     lowmem  : 0xc0000000 - 0xdfff0000   ( 511 MB)
[    0.000000]       .init : 0xc1bb2000 - 0xc1c9f000   ( 948 kB)
[    0.000000]       .data : 0xc7d774 - 0xcbb40   39 k)
[    .0000]    .ext: c100000 - 0xc17d3774   (8013 k)    0.00000Chcking if hiprcessorhours the P t ven i servisor mde.O.
[    .0000] LU Halign64Orer=0-3, MnOjes=0, PU=2, Noes=1[  0.0000 HerachalRCU implemeatn.
[   00000 	il-time ajumet of lafanut to 2.
[    .000] 	CUesricting CPUs from NR_CPUS=8 to nr_cpu_ids=2.
[    0.000000] RCU: Adjusing geometry for rcu_fanout_leaf=32, nr_cpu_ids=2
[    0.000000] NR_IRQS:2304 nr_irqs:440 16
[    0.000000] Console: colour VGA+ 80x25
[    0.000000] console [tty1] enabled
[    0.000000] console [ttyS0] enabled
[   .000000] allocated 524288 bytes of page_ext
[   .0000] tsc: Detected 3593.284 MHz processor
[    0.000000] tsc: Marking TSC unstable due to TSCs unsynchronized
[    0.012000] Calibrating delay loop (skipped) preset value.. 7186.56 BogoMIPS (lpj=14373136)
[    0.012000] pid_max: default: 32768 minimum: 301
[    0.012013] ACPI: Core revision 20150930
[    0.017036] ACPI: 2 ACPI AML tables successfully acquired and loaded
[    0.020914] Security Framework initialized
[    0.021701] Yama: becoming mindful.
[    0.024021] AppArmor: AppArmor initialized
[    0.024840] Mount-cache hash table entries: 1024 (order: 0, 4096 bytes)
[    0.025953] Mountpoint-cache hash table entries: 1024 (order: 0, 4096 bytes)
[    0.028172] Initializing cgroup subsys io
[    0.028952] Initializing cgroup subsys memory
[    0.029782] Initializing cgroup subsys devices
[    0.032005] Initializing cgroup subsys freezer
[    0.032835] Initializing cgroup subsys net_cls
[    0.033664] Initializing cgroup subsys perf_event
[    0.036004] Initializing cgroup subsys net_prio
[    0.036845] Initializing cgroup subsys hugetlb
[    0.040003] Initializing cgroup subsys pids
[    0.040922] CPU: Physical Processor ID: 0
[    0.041697] CPU: Processor Core ID: 0
[    0.044013] FEATURE SPEC_CTRL Not Present
[    0.044789] FEATURE IBPB Not Present
[    0.045517] mce: CPU supports 0 MCE banks
[    0.046322] Last level iTLB entries: 4KB 512, 2MB 1024, 4MB 512
[    0.048003] Last level dTLB entries: 4KB 1024, 2MB 1024, 4MB 512, 1GB 0
[    0.049098] Spectre V2 mitigation: LFENCE not serializing. Switching to generic retpoline
[    0.052003] Spectre V2 mitigation: Mitigation: Full generic retpoline
[    0.056003] Spectre V2 mitigation: Speculation control IBPB not-supported IBRS not-supported
[    0.060003] Spectre V2 mitigation: Filling RSB on context switch
[    0.065025] Freeing SMP alternatives memory: 28K
[    0.076349] ftrace: allocating 31465 entries in 62 pages
[    0.096105] smpboot: APIC(0) Converting physical 0 to logical package 0
[    0.100012] smpboot: Max logical packages: 1
[    0.104018] Enabling APIC mode:  Flat.  Using 1 I/O APICs
[    0.108378] ..TIMER: vector=0x30 apic1=0 pin1=2 apic2=-1 pin2=-1
[    0.116000] smpboot: CPU0: AMD PRO A10-8750B R7, 12 Compute Cores 4C+8G (family: 0x15, model: 0x38, stepping: 0x1)
[    0.117574] Performance Events: Broken PMU hardware detected, using software events only.
[    0.121142] Failed to access perfctr msr (MSR c0010007 is 0)
[    0.122134] KVM setup paravirtual spinlock
[    0.124944] x86: Booting SMP configuration:
[    0.128003] .... node  #0, CPUs:      #1
[    0.008000] Initializing CPU#1
[    0.012000] kvm-clock: cpu 1, msr 0:1ffef041, secondary cpu clock
[    0.012000] mce: CPU supports 0 MCE banks
[    0.133823] x86: Booted up 1 node, 2 CPUs
[    0.134848] smpboot: Total of 2 processors activated (14373.13 BogoMIPS)
[    0.136136] devtmpfs: initialized
[    0.138151] evm: security.selinux
[    0.138826] evm: security.SMACK64
[    0.140002] evm: security.SMACK64EXEC
[    0.142632] evm: security.SMACK64TRANSMUTE
[    0.143395] evm: security.SMACK64MMAP
[    0.144002] evm: security.ima
[    0.144638] evm: security.capability
[    0.145497] clocksource: jiffies: mask: 0xffffffff max_cycles: 0xffffffff, max_idle_ns: 7645041785100000 ns
[    0.147227] futex hash table entries: 512 (order: 3, 32768 bytes)
[    0.148107] pinctrl core: initialized pinctrl subsystem
[    0.149171] RTC time:  1:16:46, date: 04/07/18
[    0.152264] NET: Registered protocol family 16
[    0.156258] EISA bus registered
[    0.168033] cpuidle: using governor ladder
[    0.184037] cpuidle: using governor menu
[    0.188055] PCCT header not found.
[    0.192471] ACPI: bus type PCI registered
[    0.196010] acpiphp: ACPI Hot Plug PCI Controller Driver version: 0.5
[    0.200366] PCI : PCI BIOS area is rw and x. Use pci=nobios if you want it NX.
[    0.204005] PCI: PCI BIOS revision 2.10 entry at 0xfda26, last bus=0
[    0.208002] PCI: Using configuration type 1 for base access
[    0.208940] PCI: Using configuration type 1 for extended access
[    0.220242] ACPI: Added _OSI(Module Device)
[    0.224050] ACPI: Added _OSI(Processor Device)
[    0.228003] ACPI: Added _OSI(3.0 _SCP Extensions)
[    0.228839] ACPI: Added _OSI(Processor Aggregator Device)
[    0.232679] ACPI: Executed 1 blocks of module-level executable AML code
[    0.241383] ACPI: Interpreter enabled
[    0.244018] ACPI: (supports S0 S5)
[    0.244700] ACPI: Using IOAPIC for interrupt routing
[    0.245753] PCI: Using host bridge windows from ACPI; if necessary, use "pci=nocrs" and report a bug
[    0.253045] ACPI: PCI Root Bridge [PCI0] (domain 0000 [bus 00-ff])
[    0.256009] acpi PNP0A03:00: _OSC: OS supports [ExtendedConfig ASPM ClockPM Segments MSI]
[    0.257528] acpi PNP0A03:00: _OSC failed (AE_NOT_FOUND); disabling ASPM
[    0.258824] PCI host bridge to bus 0000:00
[    0.260005] pci_bus 0000:00: root bus resource [io  0x0000-0x0cf7 window]
[    0.261144] pci_bus 0000:00: root bus resource [io  0x0d00-0xffff window]
[    0.262250] pci_bus 0000:00: root bus resource [mem 0x000a0000-0x000bffff window]
[    0.264003] pci_bus 0000:00: root bus resource [mem 0x20000000-0xffdfffff window]
[    0.265417] pci_bus 0000:00: root bus resource [bus 00-ff]
[    0.269211] pci 0000:00:01.1: legacy IDE quirk: reg 0x10: [io  0x01f0-0x01f7]
[    0.272005] pci 0000:00:01.1: legacy IDE quirk: reg 0x14: [io  0x03f6]
[    0.273063] pci 0000:00:01.1: legacy IDE quirk: reg 0x18: [io  0x0170-0x0177]
[    0.276003] pci 0000:00:01.1: legacy IDE quirk: reg 0x1c: [io  0x0376]
[    0.307146] ACPI: PCI Interrupt Link [LNKA] (IRQs 5 9 10 11) *0, disabled.
[    0.313241] ACPI: PCI Interrupt Link [LNKB] (IRQs 5 9 10 *11)
[    0.316549] ACPI: PCI Interrupt Link [LNKC] (IRQs 5 9 *10 11)
[    0.317935] ACPI: PCI Interrupt Link [LNKD] (IRQs 5 *9 10 11)
[    0.320127] ACPI: Enabled 2 GPEs in block 00 to 07
[    0.323239] vgaarb: setting as boot device: PCI:0000:00:02.0
[    0.324000] vgaarb: device added: PCI:0000:00:02.0,decodes=io+mem,owns=io+mem,locks=none
[    0.324005] vgaarb: loaded
[    0.324636] vgaarb: bridge control possible 0000:00:02.0
[    0.328342] SCSI subsystem initialized
[    0.330392] ACPI: bus type USB registered
[    0.332035] usbcore: registered new interface driver usbfs
[    0.333005] usbcore: registered new interface driver hub
[    0.333969] usbcore: registered new device driver usb
[    0.336140] PCI: Using ACPI for IRQ routing
[    0.340260] NetLabel: Initializing
[    0.340934] NetLabel:  domain hash size = 128
[    0.341765] NetLabel:  protocols = UNLABELED CIPSOv4
[    0.342649] NetLabel:  unlabeled traffic allowed by default
[    0.344094] amd_nb: Cannot enumerate AMD northbridges
[    0.345153] clocksource: Switched to clocksource kvm-clock
[    0.352352] AppArmor: AppArmor Filesystem Enabled
[    0.360332] pnp: PnP ACPI init
[    0.361667] pnp: PnP ACPI: found 3 devices
[    0.362430] PnPBIOS: Disabled by ACPI PNP
[   .492 ccksoceac_p mk:xfffmacyes0xff, x_les:08014 
  1.5341NE Risreproc fil2
[  2.92] P stliedastae tries:09(oer2,63 bes
[  2811]CPbid shab eri: 96orr:3, 368yt)  3.02] P:astales nfur (stlied09bid 96
[   .585 U hh blenies:56orr:, 92yt)   53481UDLie ha tlentes25(oer1,19bys)[  6747]ETRestedroocol fil1  6.0181pc00:000: mingirt I/I aner
[   5307] i 000:.0AcvangSAMAang rkous  8.41] pain iniras.
[   10.533947] Freeing initrd memory: 10852K
[   10.650595] clocksource: tsc: mask: 0xffffffffffffffff max_cycles: 0x33cb8af5b44, max_idle_ns: 440795255642 ns
[   10.773572] platform rtc_cmos: registered platform RTC device (no PNP device found)
[   10.775033] Scanning for low memory corruption every 60 seconds
[   10.777043] audit: initializing netlink subsys (disabled)
[   10.790332] audit: type=2000 audit(1523063811.701:1): initialized
[   10.792832] Initialise system trusted keyring
[   108257] HugeTLB registered 2 MB page size, pre-allocated 0 pages
[   11.006507] zbud: loaded
[   11.083106] VFS: Disk quotas dquot_6.6.0
[   11.199419] VFS: Dquot-cache hash table entries: 1024 (order 0, 4096 bytes)
[   11.406422] squashfs: version 4.0 (2009/01/31) Phillip Lougher
[   11.583169] fuse init (API version 7.23)
[   11.699711] Key type big_key registered
[   11.810672] Allocating IMA MOK and blacklist keyrings.
[   11.858084] Key type asymmetric registered
[   11.904700] Asymmetric key parser 'x509' registered
[   11.947835] bounce: pool size: 64 pages
[   12.052116] Block layer SCSI generic (bsg) driver version 0.4 loaded (major 249)
[   12.280688] io scheduler noop registered
[   12.369920] io scheduler deadline registered (default)
[   12.377621] io scheduler cfq registered
[   12.381093] pci_hotplug: PCI Hot Plug PCI Core version: 0.5
[   12.383860] pciehp: PCI Express Hot Plug Controller Driver version: 0.4
[   12.390498] ACPI: AC Adapter [AC] (on-line)
[   12.396762] input: Power Button as /devices/LNXSYSTM:00/LNXPWRBN:00/input/input0
[   12.401627] ACPI: Power Button [PWRF]
[   12.402430] input: Sleep Button as /devices/LNXSYSTM:00/LNXSLPBN:00/input/input1
[   12.403852] ACPI: Sleep Button [SLPF]
[   12.404911] GHES: HEST is not enabled!
[   12.406979] Serial: 8250/16550 driver, 32 ports, IRQ sharing enabled
[   12.407070] isapnp: Scanning for PnP cards...
[   12.430227] 00:02: ttyS0 at I/O 0x3f8 (irq = 4, base_baud = 115200) is a 16550A
[   12.539405] Linux agpgart interface v0.103
[   12.650458] loop: module loaded
[   12.739987] scsi host0: ata_piix
[   12.764004] isapnp: No Plug & Play device found
[   12.771034] scsi host1: ata_piix
[   12.787545] ata1: PATA max UDMA/33 cmd 0x1f0 ctl 0x3f6 bmdma 0xd000 irq 14
[   12.827863] ata2: PATA max UDMA/33 cmd 0x170 ctl 0x376 bmdma 0xd008 irq 15
[   12.989591] libphy: Fixed MDIO Bus: probed
[   13.022355] tun: Universal TUN/TAP device driver, 1.6
[   13.124883] tun: (C) 1999-2004 Max Krasnyansky <maxk@qualcomm.com>
[   13.393805] PPP generic driver version 2.4.2
[   13.599326] ehci_hcd: USB 2.0 'Enhanced' Host Controller (EHCI) Driver
[   13.841249] ehci-pci: EHCI PCI platform driver
[   13.990514] ehci-platform: EHCI generic platform driver
[   14.128472] ohci_hcd: USB 1.1 'Open' Host Controller (OHCI) Drive
[   14.456890] ohci-pci: OHCI PCI platform driver
[   14.660759] ohci-platform: OHCI generic platform driver
[   14.900870] uhci_hcd: USB Universal Host Controller Interface driver
[   15.183406] i8042: PNP: PS/2 Controller [PNP0303:PS2K,PNP0f03:PS2M] at 0x60,0x64 irq 1,12
[   15.437326] serio: i8042 KBD port at 0x60,0x64 irq 1
[   15.663265] serio: i8042 AUX port at 0x60,0x64 irq 12
[   15.856492] mousedev: PS/2 mouse device common for all mice
[   16.093945] input: AT Translated Set 2 keyboard as /devices/platform/i8042/serio0/input/input2
[   16.100796] rtc_cmos rtc_cmos: rtc core: registered rtc_cmos as rtc0
[   16.101002] rtc_cmos rtc_cmos: alarms up to one day, 114 bytes nvram
[   16.101042] i2c /dev entries driver
[   16.101224] device-mapper: uevent: version 1.0.3
[   16.101440] device-mapper: ioctl: 4.34.0-ioctl (2015-10-28) initialised: dm-devel@redhat.com
[   16.101520] platform eisa.0: Probing EISA bus 0
[   16.101525] platform eisa.0: EISA: Cannot allocate resource for mainboard
[   16.101530] platform eisa.0: Cannot allocate resource for EISA slot 1
[   16.101533] platform eisa.0: Cannot allocate resource for EISA slot 2
[   16.101536] platform eisa.0: Cannot allocate resource for EISA slot 3
[   16.101539] platform eisa.0: Cannot allocate resource for EISA slot 4
[   16.101542] platform eisa.0: Cannot allocate resource for EISA slot 5
[   16.101545] platform eisa.0: Cannot allocate resource for EISA slot 6
[   16.101548] platform eisa.0: Cannot allocate resource for EISA slot 7
[   16.101551] platform eisa.0: Cannot allocate resource for EISA slot 8
[   16.101554] platform eisa.0: EISA: Detected 0 cards
[   16.101607] cpufreq-nforce2: No nForce2 chipset.
[   16.101629] ledtrig-cpu: registered to indicate activity on CPUs
[   16.102408] NET: Registered protocol family 10
[   16.102929] NET: Registered protocol family 17
[   16.102952] Key type dns_resolver registered
[   16.103337] Using IPI No-Shortcut mode
[   16.103641] registered taskstats version 1
[   16.103675] Loading compiled-in X.509 certificates
[   16.107518] Loaded X.509 cert 'Build time autogenerated kernel key: cd25daf5f2c6791a52e12acbf66969414c24a779'
[   16.107553] zswap: loaded using pool lzo/zbud
[   16.110040] Key type trusted registered
[   16.113598] Key type encrypted registered
[   16.113605] AppArmor: AppArmor sha1 policy hashing enabled
[   16.113615] ima: No TPM chip found, activating TPM-bypass!
[   16.113640] evm: HMAC attrs: 0x1
[   16.113934]   Magic number: 14:334:255
[   16.236031] rtc_cmos rtc_cmos: setting system clock to 2018-04-07 01:17:02 UTC (1523063822)
[   16.236234] BIOS EDD facility v0.16 2004-Jun-25, 0 devices found
[   16.236234] EDD information not available.
[   22.086092] Freeing unused kernel memory: 948K
[   22.097423] Write protecting the kernel text: 8016k
[   22.110240] Write protecting the kernel read-only data: 3176k
[   22.111231] NX-protecting the kernel data: 6320k
Loading, please wait...
startin[   22.129073] random: systemd-udevd: uninitialized urandom read (16 bytes read, 2 bits of entropy available)
g version 229
[   22.130002] random: udevadm: uninitialized urandom read (16 bytes read, 2 bits of entropy available)
[   22.145691] random: udevadm: uninitialized urandom read (16 bytes read, 2 bits of entropy available)
[   22.145757] random: udevadm: uninitialized urandom read (16 bytes read, 2 bits of entropy available)
[   22.145967] random: udevadm: uninitialized urandom read (16 bytes read, 2 bits of entropy available)
[   22.146039] random: udevadm: uninitialized urandom read (16 bytes read, 2 bits of entropy available)
[   22.146108] random: udevadm: uninitialized urandom read (16 bytes read, 2 bits of entropy available)
[   22.146185] random: udevadm: uninitialized urandom read (16 bytes read, 2 bits of entropy available)
[   22.146258] random: udevadm: uninitialized urandom read (16 bytes read, 2 bits of entropy available)
[   22.146332] random: udevadm: uninitialized urandom read (16 bytes read, 2 bits of entropy available)
[   22.525795] e1000: Intel(R) PRO/1000 Network Driver - version 7.3.21-k8-NAPI
[   22.691991] e1000: Copyright (c) 1999-2006 Intel Corporation.
[   22.792476] Fusion MPT base driver 3.04.20
[   22.800072] Copyright (c) 1999-2008 LSI Corporation
[   22.849815] Fusion MPT SPI Host driver 3.04.20
[   22.857683] mptbase: ioc0: Initiating bringup
[   22.928596] ioc0: LSI53C1030 A0: Capabilities={Initiator[   23.056652] input: ImExPS/2 Generic Explorer Mouse as /devices/platform/i8042/serio1/input/input4

[   23.408612] }
[   23.914915] scsi host2: ioc0: LSI53C1030 A0, FwRev=00000000h, Ports=1, MaxQ=256, IRQ=20
[   24.386302] scsi 2:0:0:0: Direct-Access     VBOX     HARDDISK         1.0  PQ: 0 ANSI: 5
[   24.613412] scsi target2:0:0: Beginning Domain Validation
[   24.756671] scsi target2:0:0: Domain Validation skipping write tests
[   24.774002] e1000 0000:00:03.0 eth0: (PCI:33MHz:32-bit) 02:43:fb:3a:dc:1d
[   24.774016] e1000 0000:00:03.0 eth0: Intel(R) PRO/1000 Network Connection
[   24.975792] e1000 0000:00:03.0 enp0s3: renamed from eth0
[   25.050173] scsi target2:0:0: Ending Domain Validation
[   25.051322] scsi target2:0:0: asynchronous
[   25.053921] scsi 2:0:1:0: Direct-Access     VBOX     HARDDISK         1.0  PQ: 0 ANSI: 5
[   25.056891] scsi target2:0:1: Beginning Domain Validation
[   25.060843] scsi target2:0:1: Domain Validation skipping write tests
[   25.062286] scsi target2:0:1: Ending Domain Validation
[   25.065400] scsi target2:0:1: asynchronous
[   25.076972] sd 2:0:0:0: Attached scsi generic sg0 type 0
[   25.081343] sd 2:0:0:0: [sda] 20971520 512-byte logical blocks: (10.7 GB/10.0 GiB)
[   25.089335] sd 2:0:1:0: Attached scsi generic sg1 type 0
[   25.089550] sd 2:0:1:0: [sdb] 20480 512-byte logical blocks: (10.5 MB/10.0 MiB)
[   25.089804] sd 2:0:1:0: [sdb] Write Protect is off
[   25.089926] sd 2:0:1:0: [sdb] Incomplete mode parameter data
[   25.089928] sd 2:0:1:0: [sdb] Assuming drive cache: write through
[   25.096040] sd 2:0:0:0: [sda] Write Protect is off
[   25.104506] sd 2:0:0:0: [sda] Incomplete mode parameter data
[   25.105490] sd 2:0:0:0: [sda] Assuming drive cache: write through
[   25.117517]  sda: sda1
[   25.118651] sd 2:0:1:0: [sdb] Attached SCSI disk
[   25.128878] sd 2:0:0:0: [sda] Attached SCSI disk
[   25.793234] floppy0: no floppy controllers found
Begin: Loading e[   28.440244] md: linear personality registered for level -1
ssential drivers[   28.626969] md: multipath personality registered for level -4
 ... [   28.857500] md: raid0 personality registered for level 0
[   29.046408] md: raid1 personality registered for level 1
[   29.140045] raid6: mmxx1    gen()  3553 MB/s
[   29.332095] raid6: mmxx2    gen()  5454 MB/s
[   29.504156] raid6: sse1x1   gen()  3052 MB/s
[   29.580237] raid6: sse1x2   gen()  4899 MB/s
[   29.672188] raid6: sse2x1   gen()  6209 MB/s
[   29.748227] raid6: sse2x1   xor()  4664 MB/s
[   29.840115] raid6: sse2x2   gen()  9611 MB/s
[   29.912084] raid6: sse2x2   xor()  6604 MB/s
[   29.918361] raid6: using algorithm sse2x2 gen() 9611 MB/s
[   29.919270] raid6: .... xor() 6604 MB/s, rmw enabled
[   29.920144] raid6: using ssse3x1 recovery algorithm
[   29.933082] xor: automatically using best checksumming function:
[   30.232370]    avx       : 10168.000 MB/sec
[   30.358026] async_tx: api initialized (async)
[   30.470128] md: raid6 personality registered for level 6
[   30.584796] md: raid5 personality registered for level 5
[   30.794872] md: raid4 personality registered for level 4
[   31.008365] md: raid10 personality registered for level 10
done.
Begin: Running /scripts/init-premount ... done.
Begin: Mounting root file system ... Begin: Running /scripts/local-top ... done.
Begin: Running /scripts/local-premount ... [   31.193816] Btrfs loaded
Scanning for Btrfs filesystems
done.
Warning: fsck no[   31.313654] EXT4-fs (sda1): mounted filesystem with ordered data mode. Opts: (null)
t present, so skipping root file system
done.
Begin: Running /scripts/local-bottom ... done.
Begin: Running /scripts/init-bottom ... done.
[   31.782027] systemd[1]: systemd 229 running in system mode. (+PAM +AUDIT +SELINUX +IMA +APPARMOR +SMACK +SYSVINIT +UTMP +LIBCRYPTSETUP +GCRYPT +GNUTLS +ACL +XZ -LZ4 +SECCOMP +BLKID +ELFUTILS +KMOD -IDN)
[   32.064526] systemd[1]: Detected virtualization oracle.
[   32.066630] systemd[1]: Detected architecture x86.

Welcome to [1mUbuntu 16.04.4 LTS[0m!

[   32.148573] systemd[1]: Set hostname to <ubuntu>.
[   32.307091] systemd[1]: Initializing machine ID from random generator.
[   32.401166] systemd[1]: Installed transient /etc/machine-id file.
[   32.850826] random: nonblocking pool is initialized
[ 33979]ysmd]:isnig on /v/itl ompatibility Named Pipe.
[[0;32m  OK  [0m] Listening on /dev/initctl Compatibility Named Pipe.
[   33.809747] systemd[1]: Listening on LVM2 poll daemon socket.
[[0;32m  OK  [0m] Listening on LVM2 poll daemon socket.
[  3.865 sstem1]Crtesle st Sce

[[0;32m  OK  [0m] Created slice System Slice.
[   .5522]ysmd]: Ltengn sl Ske
[[0;32m  OK  [0m] Listening on Syslog Socket.
[ 35886]ysmd]:Set uputountrbra EcublFi Fmas il Ste Automntoi.
[[0;32m  OK  [0m] Set up automount Arbitrary Executab...ats File System Automount Point.
[ 36400743syemd[: acd rg Eryedolum.
[[0;32m  OK  [0m] Reached target Encrypted Volumes.
[ 371232syem1]Crted sicsytem-serial\x2dgetty.slice.
[[0;32m  OK  [0m] Created slice system-serial\x2dgetty.slice.
[   37.641686] systemd[1]: Reached target System Time Synchronized.
[[0;32m  OK  [0m] Reached target System Time Synchronized.
[   37.656910] systemd[1]: Listening on LVM2 metadata daemon socket.
[[0;32m  OK  [0m] Listening on LVM2 metadata daemon socket.
[   37.712202] ysmd]:eaedart erndro Ne ooup
[[0;32m  OK  [0m] Reached target User and Group Name Lookups.
[   .44280] ysmd1]: Started Forward Password Rqutso llirto Wch

[[0;32m  OK  [0m] Started Forward Password Requests to Wall Directory Watch.
[ 39889]ysmd]:iseninondev ntl ck.
[[0;32m  OK  [0m] Listening on udev Control Socket.
[ 40333]ysmd]:Listeni o Deve-pp entaen FO
[[0;32m  OK  [0m] Listening on Device-mapper event daemon FIFOs.
[ 41486]ysmd]:isni o Journal Socket (/dev/log).
[[0;32m  OK  [0m] Listening on Journal Socket (/dev/log).
[   41.516899] systemd[1]: Started Trigger resolvconf update for networkd DNS.
[[0;32m  OK  [0m] Started Trigger resolvconf update for networkd DNS.
[   41344]ysmd]:isni oJonaSoet

[[0;32m  OK  [0m] Listening on Journal Socket.
[   42.232684] systemd[1]: Mounting Debug File System...
         Mounting Debug File System...
[   42.364581] systemd[1]: Starting Create list of required static device nodes for the current kernel...
         Starting Create list of required st... nodes for the current kernel...
[   42.424602] systemd[1]: Starting Nameserver information manager...
         Starting Nameserver information manager...
[   42.752824] systemd[1]: Starting Uncomplicated firewall...
         Starting Uncomplicated firewall...
[   42.992400] systemd[1]: Starting Set console keymap...
         Starting Set console keymap...
[   43.216873] systemd[1]: Starting Load Kernel Modules...
         Starting Load Ke[   43.396394] Loading iSCSI transport class v2.0-870.
rnel Modules...
[   43.575206] iscsi: registered transport (tcp)
[   43.676482] systemd[1]: Starting Monitoring of LVM2 mirrors, snapshots etc. using dmeventd or progress polling...
         Starting Monitoring of LVM2 mirrors... dmeventd or progress polling...
[   43.698654] systemd[1]: Mounting Huge Pages File System...
         Mounting Huge Pages File System...
[   43.750292] systemd[1]: Reached target Swap.
[[0;32m  OK  [0m] Reached target Swap.
[   43.772642] systemd[1]: Listening on Journal Audit Socket.
[[0;32m  OK  [0m] Listening on Journal Audit Socket.
[   43.804908] systemd[1]: Starting Journal Service...
         Startin[   43.811790] iscsi: registered transport (iser)
g Journal Service...
[   43.872674] systemd[1]: Listening on udev Kernel Socket.
[[0;32m  OK  [0m] Listening on udev Kernel Socket.
[   44.112291] systemd[1]: Mounting POSIX Message Queue File System...
         Mounting POSIX Message Queue File System...
[  43231syem[1]: reate sice User and Session Slice.
[[0;32m  OK  [0m] Created slice User and Session Slice.
[  44.736951] systemd[1]: Reached target Slices.
[[0;32m  OK  [0m] Reached target Slices.
[   44.812379] systemd[1]: Starting Remount Root and Kernel File Systems...
         [   44.908663] EXT4-fs (sda1): re-mounted. Opts: (null)
Starting Remount Root and Kernel File Systems...
[   44.934006] systemd[1]: Mounted POSIX Message Queue File System.
[[0;32m  OK  [0m] Mounted POSIX Message Queue File System.
[  44.972731] systemd[1]: Mounted Debug File System.
[[0;32m  OK  [0m] Mounted Debug File System.
[   45.015875] systemd[1]: Mounted Huge Pages File System.
[[0;32m  OK  [0m] Mounted Huge Pages File System.
[ 45406]ysmd]:taedoualServic.
[[0;32m  OK  [0m] Started Journal Service.
[[0;32m  OK  [0m] Started Create list of required sta...ce nodes for the current kernel.
[[0;32m  OK  [0m] Started Uncomplicated firewall.
[[0;32m  OK  [0m] Started Set console keymap.
[[0;32m  OK  [0m] Started Load Kernel Modules.
[[0;32m  OK  [0m] Started Remount Root and Kernel File Systems.
[[0;32m  OK  [0m] Started Nameserver information manager.
[[0;32m  OK  [0m] Started LVM2 metadata daemon.
         Starting Load/Save Random Seed...
         Starting udev Coldplug all Devices...
         Starting Initial cloud-init job (pre-networking)...
         Starting Apply Kernel Variables...
         Mounting FUSE Control File System...
         Starting Create Static Device Nodes in /dev...
         Starting Flush Journal to Persistent Storage...
[[0;32m  OK  [0m] Mounted FUSE Control File System.
[[0;32m  OK  [0m] Started Load/Save Random Seed.
[[0;32m  OK  [0m] Started Apply Kernel Variables.
[[0;32m  OK  [0m] Started udev Coldplug all Devices.
[[0;32m  OK  [0m] Started Create Static Device Nodes in /dev.
         Starting udev Kernel Device Manager...
[[0;32m  OK  [0m] Started Monitoring of LVM2 mirrors,...ng dmeventd or progress polling.
[[0;32m  OK  [0m] Started Flush Journal to Persistent Storage.
[[0;32m  OK  [0m] Started udev Kernel Device Manager.
[[0;32m  OK  [0m] Reached target Local File Systems (Pre).
[[0;32m  OK  [0m] Reached target Local File Systems.
         Starting Tell Plymouth To Write Out Runtime Data...
         Starting LSB: AppArmor initialization...
         Starting Commit a transient machine-id on disk...
         Starting Set console font and keymap...
         Starting Create Volatile Files and Directories...
[[0;32m  OK  [0m] Started Dispatch Password Requests to Console Directory Watch.
[[0;32m  OK  [0m] Started Tell Plymouth To Write Out Runtime Data.
[[0;32m  OK  [0m] Started Commit a transient machine-id on disk.
[[0;32m  OK  [0m] Found device /dev/ttyS0.
[[0;32m  OK  [0m] Started Create Volatile Files and Directories.
         Starting Update UTMP about System Boot/Shutdown...
[[0;32m  OK  [0m] Started Update UTMP about System Boot/Shutdown.
[[0;32m  OK  [0m] Listening on Load/Save RF Kill Switch Status /dev/rfkill Watch.
[[0;32m  OK  [0m] Started Set console font and keymap.
[[0;32m  OK  [0m] Created slice system-getty.slice.
[[0;32m  OK  [0m] Started LSB: AppArmor initialization.
[   49.292654] cloud-init[444]: Cloud-init v. 17.2 running 'init-local' at Sat, 07 Apr 2018 01:17:35 +0000. Up 48.79 seconds.
[[0;32m  OK  [0m] Started Initial cloud-init job (pre-networking).
[[0;32m  OK  [0m] Reached target Network (Pre).
         Starting Raise network interfaces...
[[0;32m  OK  [0m] Started Raise network interfaces.
         Starting Initial cloud-init job (metadata service crawler)...
[[0;32m  OK  [0m] Reached target Network.
[   52.588405] cloud-init[922]: Cloud-init v. 17.2 running 'init' at Sat, 07 Apr 2018 01:17:36 +0000. Up 50.50 seconds.
[[0;32m  OK  [0m] Started Initial cloud-init job (metadata service crawler).
[   52.689479] cloud-init[922]: ci-info: +++++++++++++++++++++++++++++++++++++Net device info++++++++++++++++++++++++++++++++++++++
[[0;32m  OK  [0m] Reached target Network is Online.
[   52.908690] cloud-init[922]: ci-info: +--------+------+----------------------------+---------------+-------+-------------------+
[   53.040968]          cloud-initStarting iSCSI initiator daemon (iscsid)...[922]: 
ci-info: | Device |  Up  |          Address           |      Mask     | Scope |     Hw-Address    |
[   53.636845] [cloud-init[0;32m  OK  [0m[922]: ] ci-info: +--------+------+----------------------------+---------------+-------+-------------------+Reached target Cloud-config availability.

[   53.637536] [cloud-init[0;32m  OK  [0m[922]: ] ci-info: | enp0s3 | True |         10.0.2.15          | 255.255.255.0 |   .   | 02:43:fb:3a:dc:1d |Reached target System Initialization.

[   53.741617] cloud-init[922]: ci-info: | enp0s3 | True | fe80::43:fbff:fe3a:dc1d/64 |       .       |  link | 02:43:fb:3a:dc:1d |
[   54.020585] cloud-init[922]: ci-info: |   lo   | True |         127.0.0.1          |   255.0.0.0   |   .   |         .         |
[   54.020992] cloud-init[922]: ci-info: |   lo   | True |          ::1/128           |       .       |  host |         .         |
         Starting LXD - unix socket.
[[   54.021165] cloud-init[922]: ci-info: +--------+------+----------------------------+---------------+-------+-------------------+
[0;32m  OK  [0m] Started Timer to automatically refresh installed snaps.
[[   54.374144] cloud-init[922]: ci-info: +++++++++++++++++++++++++++Route IPv4 info++++++++++++++++++++++++++++
[0;32m  OK  [0m] Listening on D-Bus System Message Bus Socket.
[   54.620761] cloud-init[922]: ci-info: +-------+-------------+----------+---------------+-----------+-------+
[   54.786308] cloud-init[922]: ci-info: | Route | Destination | Gateway  |    Genmask    | Interface | Flags |
[   54.786595] cloud-init[922]: ci-info: +-------+-------------+----------+---------------+-----------+-------+
         Starting Socket activation for snappy daemon.
[[   54.786747] cloud-init[922]: ci-info: |   0   |   0.0.0.0   | 10.0.2.2 |    0.0.0.0    |   enp0s3  |   UG  |
[0;32m  OK  [0m] Started Daily apt download activities.
[   55.493511] cloud-init[922]: ci-info: |   1   |   10.0.2.0  | 0.0.0.0  | 255.255.255.0 |   enp0s3  |   U   |
[   55.694012] cloud-init[922]: ci-info: +-------+-------------+----------+---------------+-----------+-------+
[[0;32m  OK  [0m] Started Daily apt upgrade and clean activities.
[   55.694686] cloud-init[922]: Generating public/private rsa key pair.
[   55.888426] cloud-init[922]: Your identification has been saved in /etc/ssh/ssh_host_rsa_key.
[   55.888662] cloud-init[922]: Your public key has been saved in /etc/ssh/ssh_host_rsa_key.pub.
[[0;32m  OK  [0m] Started ACPI Events Check.
[[   55.888782] cloud-init[922]: The key fingerprint is:
[   56.151069] cloud-init[922]: SHA256:B5ClSuTNFXZFZbKw7ROBBOUcad8iP3HoSp9tCMgzIhE root@ubuntu-xenial
[   56.152344] [0;32m  OK  [0mcloud-init] [922]: Reached target Paths.The key's randomart image is:

[[   56.152597] cloud-init[922]: +---[RSA 2048]----+
[0;32m  OK  [0m] Listening on ACPID Listen Socket.
[[   56.296750] cloud-init[922]: |    . .o*=*==.o  |
[0;32m  OK  [0m] Started Daily Cleanup of Temporary Directories.
[[   56.365229] cloud-init[922]: |   oEo.= ++= =   |
[0;32m  OK  [0m] Reached target Timers.
[   56.461707] cloud-init[922]: |    o.+ ..+.+o   |
[   56.684817] cloud-init[922]: |   ...   ...=.o  |
[   56.685266] cloud-init[922]: |    .. .S..+o+   |
[[0;32m  OK  [0m] Listening on UUID daemon activation socket.
[   56.685458] cloud-init[922]: |    . . =.o +.   |
[   56.864602] cloud-init[922]: |     . . + + =   |
[   56.864759] cloud-init[922]: |          . + o  |
[[0;32m  OK  [0m] Listening on LXD - unix socket.
[[0;32m  OK  [0m] Listening on Socket activation for snappy daemon.
[   56.864957] cloud-init[922]: |             .   |
[   56.976642] cloud-init[922]: +----[SHA256]-----+
[   56.977000] cloud-init[922]: Generating public/private dsa key pair.
[[0;32m  OK  [0m] Started iSCSI initiator daemon (iscsid).
[   56.977204] cloud-init[922]: Your identification has been saved in /etc/ssh/ssh_host_dsa_key.
[   57.168586] cloud-init[922]: Your public key has been saved in /etc/ssh/ssh_host_dsa_key.pub.
[   57.237648] cloud-init[922]: The key fingerprint is:
[   57.237926] cloud-init[922]: SHA256:F19w2B5WvixjHTJs6nIF0nboJTfepQ1Y1BbZK2PeVeY root@ubuntu-xenial
         Starting Login to default iSCSI targets...
[[   57.238090] cloud-init[922]: The key's randomart image is:
[0;32m  OK  [0m] Reached target Sockets.
[[   57.613470] cloud-init[922]: +---[DSA 1024]----+
[   57.695037] cloud-init[922]: |            .+++=|
[0;32m  OK  [0m] Reached target Basic System.
[   57.695181] cloud-init[922]: |          . +=+o*|
[   57.794515] cloud-init[922]: |         ..*.%o*=|
[   57.794771] cloud-init[922]: |          +oX=O=E|
         Starting LSB: MD monitoring daemon...
[   57.794939] cloud-init[922]: |        S .o+*==o|
[   57.836819] cloud-init[922]: |         .. o.o. |
[   57.852389] cloud-init[922]: |         . o     |
[   57.852683] cloud-init[922]: |          o      |
         Starting Accounts Service...
[   57.852874] cloud-init[922]: |                 |
[   57.928676]          cloud-initStarting /etc/rc.local Compatibility...[922]: 
+----[SHA256]-----+
[   57.929150] cloud-init[922]: Generating public/private ecdsa key pair.
[   58.000446] cloud-init[922]: Your identification has been saved in /etc/ssh/ssh_host_ecdsa_key.
[   58.059343]          cloud-initStarting LSB: Record successful boot for GRUB...[922]: 
Your public key has been saved in /etc/ssh/ssh_host_ecdsa_key.pub.
[   58.059917] cloud-init[922]: The key fingerprint is:
[   58.120297]          cloud-initStarting System Logging Service...[922]: 
SHA256:Ln8Ot8g6iu8msV23341ZnWYQjnRn/lL4jt9Wylpvu0c root@ubuntu-xenial
[   58.120830] cloud-init[922]: The key's randomart image is:
[   58.201840] cloud-init[922]: +---[ECDSA 256]---+
[   58.224448] cloud-init[922]: |                 |
[   58.224661] cloud-init[922]: |                 |
         Starting LXD - container startup/shutdown...
[   58.224824] cloud-init[922]: |           . o o |
[   58.304662]          cloud-initStarting Login Service...[922]: 
|          . + =. |
[   58.305014] cloud-init[922]: |        S  . o...|
[[0;32m  OK  [0m] Started Deferred execution scheduler.
[   58.336901] cloud-init[922]: |  .   ...     .+E|
[   58.388654] cloud-init[922]: |   + ...o..  .+*=|
[   58.388874] cloud-init[922]: |  o.o .+.+.o *===|
         Starting Pollinate to seed the pseudo random number generator...
[   58.388980] [[0;32m  OK  [0m] Started Unattended Upgrades Shutdown.
cloud-init[922]: |  .=+..o+++ =.o*O|
         Starting Apply the settings specified in cloud-config...
[   58.500934] cloud-init[922]: +----[SHA256]-----+
         Starting Virtualbox guest utils...
[   58.611365] cloud-init[922]: Generating public/private ed25519 key pair.
         Starting Snappy daemon...
[   58.728590] cloud-init[922]: Your identification has been saved in /etc/ssh/ssh_host_ed25519_key.
[[0;32m  OK  [0m] Started Regular background program processing daemon.
[   58.810923] cloud-init[922]: Your public key has been saved in /etc/ssh/ssh_host_ed25519_key.pub.
[[0;32m  OK  [0m] Started ACPI event daemon.
[   58.963004] cloud-init[922]: The key fingerprint is:
[   59.002207] cloud-init[922]: SHA256:ZDToXrtbDCg68DoW80gvl+R7WsUfaMdy+j/FvUa/IEs root@ubuntu-xenial
[   59.064878] [cloud-init[0;32m  OK  [0m[922]: ] The key's randomart image is:Started D-Bus System Message Bus.

[   59.065297] cloud-init[922]: +--[ED25519 256]--+
[   59.184683] cloud-init[922]: |       .o        |
[   59.201441] cloud-init[922]: |      .. .       |
[   59.204405] cloud-init[922]: |     .  o        |
[   59.228691] cloud-init[922]: |      o++        |
[   59.268968] [cloud-init[0;32m  OK  [0m[922]: ] |.   ...BS*  . .  |Started FUSE filesystem for LXC.

[   59.269265] cloud-init[922]: | * o .+ Bo.  o o |
[   59.319546] [cloud-init[0;32m  OK  [0m[922]: ] |. % .. . ooE... o|Started System Logging Service.

[   59.319840] cloud-init[922]: |.= B..  o...o .o.|
[[0;32m  OK  [0m] Started Snappy daemon.
[   59.400207] cloud-init[922]: |o.oo+   .o.o. ...|
[[0;32m  OK  [0m] Started /etc/rc.local Compatibility.
[   59.442394] cloud-init[922]: +----[SHA256]-----+
[[0;32m  OK  [0m] Started LXD - container startup/shutdown.
[   59.473562] cloud-init[1067]: Generating locales (this might take a while)...
[[0;32m  OK  [0m] Started LSB: MD monitoring daemon.
[[0;32m  OK  [0m] Started LSB: Record successful boot for GRUB.
[[0;32m  OK  [0m] Started Login to default iSCSI targets.
[[0;32m  OK  [0m] Started Login Service.
         Starting Authenticate and Authorize Users to Run Privileged Tasks...
[[0;32m  OK  [0m] Reached target Remote File Systems (Pre).
[[0;32m  OK  [0m] Reached target Remote File Systems.
         Starting LSB: daemon to balance interrupts for SMP systems...
         Starting LSB: automatic crash report generation...
         Starting LSB: Set the CPU Frequency Scaling governor to "ondemand"...
         Starting Permit User Sessions...
[[0;32m  OK  [0m] Started Pollinate to seed the pseudo random number generator.
[[0;32m  OK  [0m] Started Virtualbox guest utils.
[[0;32m  OK  [0m] Started Permit User Sessions.
[[0;32m  OK  [0m] Started Authenticate and Authorize Users to Run Privileged Tasks.
[[0;32m  OK  [0m] Started Accounts Service.
[   60.595680] cloud-init[1067]:   en_US.UTF-8... done
[   60.623756] cloud-init[1067]: Generation complete.
         Starting Hold until boot process finishes up...
         Starting Terminate Plymouth Boot Screen...
         Starting OpenBSD Secure Shell server...
[[0;32m  OK  [0m] Started LSB: daemon to balance interrupts for SMP systems.
[[0;32m  OK  [0m] Started LSB: automatic crash report generation.
[[0;32m  OK  [0m] Started LSB: Set the CPU Frequency Scaling governor to "ondemand".
[[0;32m  OK  [0m] Started Hold until boot process finishes up.
[[0;32m  OK  [0m] Started Terminate Plymouth Boot Screen.
[[0;32m  OK  [0m] Started OpenBSD Secure Shell server.
         Starting Set console scheme...
[[0;32m  OK  [0m] Started Getty on tty1.
[[0;32m  OK  [0m] Started Serial Getty on ttyS0.
[[0;32m  OK  [0m] Reached target Login Prompts.
[[0;32m  OK  [0m] Reached target Multi-User System.
[[0;32m  OK  [0m] Reached target Graphical Interface.
         Starting Update UTMP about System Runlevel Changes...
[[0;32m  OK  [0m] Started Set console scheme.
[[0;32m  OK  [0m] Started Update UTMP about System Runlevel Changes.
[[0;32m  OK  [0m] Created slice User Slice of vagrant.
         Starting User Manager for UID 1000...
[[0;32m  OK  [0m] Started Session 1 of user vagrant.
[[0;32m  OK  [0m] Started User Manager for UID 1000.
[   61.974736] cloud-init[1067]: Cloud-init v. 17.2 running 'modules:config' at Sat, 07 Apr 2018 01:17:45 +0000. Up 58.87 seconds.
[[0;32m  OK  [0m] Started Apply the settings specified in cloud-config.
         Starting Execute cloud user/final scripts...
ci-info: no authorized ssh keys fingerprints found for user ubuntu.
<14>Apr  7 01:17:49 ec2: 
<14>Apr  7 01:17:49 ec2: #############################################################
<14>Apr  7 01:17:49 ec2: -----BEGIN SSH HOST KEY FINGERPRINTS-----
<14>Apr  7 01:17:49 ec2: 1024 SHA256:F19w2B5WvixjHTJs6nIF0nboJTfepQ1Y1BbZK2PeVeY root@ubuntu-xenial (DSA)
<14>Apr  7 01:17:49 ec2: 256 SHA256:Ln8Ot8g6iu8msV23341ZnWYQjnRn/lL4jt9Wylpvu0c root@ubuntu-xenial (ECDSA)
<14>Apr  7 01:17:49 ec2: 256 SHA256:ZDToXrtbDCg68DoW80gvl+R7WsUfaMdy+j/FvUa/IEs root@ubuntu-xenial (ED25519)
<14>Apr  7 01:17:49 ec2: 2048 SHA256:B5ClSuTNFXZFZbKw7ROBBOUcad8iP3HoSp9tCMgzIhE root@ubuntu-xenial (RSA)
<14>Apr  7 01:17:49 ec2: -----END SSH HOST KEY FINGERPRINTS-----
<14>Apr  7 01:17:49 ec2: #############################################################
-----BEGIN SSH HOST KEY KEYS-----
ecdsa-sha2-nistp256 AAAAE2VjZHNhLXNoYTItbmlzdHAyNTYAAAAIbmlzdHAyNTYAAABBBE971/llxR6Uvu5jqltKTa9rqdQyC3air4Z9VGNt4yP9QA0NdfBnV0b8sH5o/CAKsHoont7kCENZ7FpaEuPprh8= root@ubuntu-xenial
ssh-ed25519 AAAAC3NzaC1lZDI1NTE5AAAAIECuo/vSIXtmj2Swj1c0h7opl/hUKP5yct9ZmBFgc1Mr root@ubuntu-xenial
ssh-rsa AAAAB3NzaC1yc2EAAAADAQABAAABAQCo74TziVn3RB9KTkPgaB6W43655kx1dB6t3gmO1Q3yRqBbsbazwlUCOBOTxxfyGukQssWoHHybE4wlSRlDVNNPaz05HNOnka9PQ6rl4/EEZHK6Kl0iudG1JZQz5kESAiB8osbYeV1BeykMZ3Pl71cVexObwJ03/0tqXh3w/Hobaw2/L1Mr5ZQo4e96QmHKxRnjUGxcS8z857nxUq72iLgPYORcHK/WKRCOKEVWYRKECPTVhHfCjlUyucae//mMLBoWfL0IyDaYM2W+Uf6+HLcALWtvpugtxPhvkSqsNkxEOWHurOI/d9+ZPY1wTRLA04KBoBkY7bALW+EXlhK9+wv7 root@ubuntu-xenial
-----END SSH HOST KEY KEYS-----
[   63.422418] cloud-init[1342]: Cloud-init v. 17.2 running 'modules:final' at Sat, 07 Apr 2018 01:17:48 +0000. Up 62.54 seconds.
[[0;32m  OK  [0m[   63.508490] cloud-init[1342]: ci-info: no authorized ssh keys fingerprints found for user ubuntu.
[   63.508849] cloud-init[1342]: Cloud-init v. 17.2 finished at Sat, 07 Apr 2018 01:17:49 +0000. Datasource DataSourceNoCloud [seed=/dev/sdb][dsmode=net].  Up 63.40 seconds
] Started Execute cloud user/final scripts.
[[0;32m  OK  [0m] Reached target Cloud-init target.

Ubuntu 16.04.4 LTS ubuntu-xenial ttyS0

ubuntu-xenial login: 