[    0.000000] Initializing cgroup subsys cpuset
[    0.000000] Initializing cgroup subsys cpu
[    0.000000] Initializing cgroup subsys cpuacct
[    0.000000] Linux version 4.4.0-119-generic (buildd@lcy01-amd64-002) (gcc version 5.4.0 20160609 (Ubuntu 5.4.0-6ubuntu1~16.04.9) ) #143-Ubuntu SMP Mon Apr 2 16:08:22 UTC 2018 (Ubuntu 4.4.0-119.143-generic 4.4.114)
[    0.000000] KERNEL supported cpus:
[    0.000000]   Intel GenuiInel
[    0.000000]   AMD AuthenticAMD
[    0.000000]   NSC Geode by NSC
[    0.000000]   Cyrix CyrixInstead
[    0.000000]   Centaur CentaurHauls
[    0.000000]   Transmeta GenuineTMx86
[    0.000000]   Transmeta TransmetaCPU
[    00000]  UMC UC C MC[   0.000000] x86/fpu: xstate_offset[2]:  576, xstate_sizes[2]:  256
[    0000] x86/fpu: Supporting XSAVE feature 0x01: 'x87 floating point risers'
[   000000] x86/fpu: Supporting XSAVE feature 0x02: 'SSE registers'
[    0.000000] x86/fpu: Supporting XSAVE feature 0x04: 'AVX registers'
[    0.000000] x86/fpu: Enabled xstate features 0x7, context size is 832 bytes, using 'standard' format.
[    0.000000] x86/fpu: Using 'lazy' FPU context switches.
[    0.000000] e8: IOpridedhycal RAM map:
[    0.000000] BIOS-e820: [mem 0x0000000000000000-0x000000000009fbff] usable
[    0.000000] BIOS-e820: [mem 0x000000000009fc0-0000000009ffff] rserve
[   0.000000] BIOS-e820: [mem 0x00000000000f0000-0x00000000000fffff] reserved
[    0.000000] BIOS-e820: [mem 0x0000000000100000-0x000000003ffeffff] usable
[    0.000000] BIOS-e820: [mem 0x000000003fff0000-0x000000003fffffff] ACPI data
[    0.000000] BIOS-e820: [mem 0x00000000fffc0000-0x00000000ffffffff] reserved
[    0.000000] NX (Execute Disable) protection: active
[    0.000000] SMBIOS 2.5 present.
[    0.000000] Hypervisor detected: KVM
[    0.000000] e820: last_pfn = 0x3fff0 max_arch_pfn = 0x1000000
[    0.000000] MTRR: Disabled
[    0.000000] x86/PAT: MTRRs disabled, skipping PAT initialization too.
[    0.000000] CPU MTRRs all blank - virtualized system.
[    0.000000] x86/PAT: Configuration [0-7]: WB  WT  UC- UC  WB  WT  UC- UC  
[    0.000000] found SMP MP-table at [mem 0x0009fff0-0x0009ffff] mapped at [c009fff0]
[    0.000000] Scanning 1 areas for low memory corruption
[    0.000000] RAMDISK: [mem 0x36abe000-0x37556fff]
[    0.000000] ACPI: Early tablehecksum verification disabled
[    0.000000] ACPI: RSDP 0x00000000000E0000 000024 (v02 VBOX  )
[    0.000000] ACPI: XSDT 0x000000003FFF0030 00003C (v01 VBOX   VBOXXSDT 00000001 ASL  00000061)
[    0.000000] ACPI: FACP 0x000000003FFF00F0 0000F4 (v04 VBOX   VBOXFACP 00000001 ASL  00000061)
[    0.000000] ACPI: DSDT 0x000000003FFF0470 002118 (v01 VBOX   VBOXBIOS 00000002 INTL 20160108)
[    0.000000] ACPI: FACS 0x000000003FFF0200 000040
[    0.000000] ACPI: FACS 0x000000003FFF0200 000040
[    0.000000] ACPI: APIC 0000003FF00 000C 02VBOX  VXAPI000001 ASL 000061
  0.000000] ACPI: SSDT 0x000000003FFF02A0 0001CC (v01 VBOX   VBOXCPUT 00000002 INTL 20160108)
[    0.000000] 131MB HIGHMEM available.
[    0.000000] 891MB LOWMEM available.
[    0.000000]   mapped low ram: 0 - 37bfe000
[    0.000000]   low ram: 0 - 37bfe000
[    0.000000] kvm-clock: Using msrs 4b564d01 and 4b564d00
[    0.000000] kvm-clock: cpu 0, msr 0:37bfd001, primary cpu clock
[    0.000000] kvm-clock: using sched offset of 3214958736 cycles
[    0.000000] clocksource: kvm-clock: mask: 0xffffffffffffffff max_cycles: 0x1cd42e4dffb, max_idle_ns: 881590591483 ns
[    0.000000] Zone ranges:
[    0.000000]   DMA      [mem 0x0000000000001000-0x0000000000ffffff]
[    0.000000]   Normal   [mem 0x0000000001000000-0x0000000037bfdfff]
[    0.000000]   HighMem  [mem 0x0000000037bfe000-0x000000003ffeffff]
[    0.000000] Movable zone start for each node
[    0.000000] Early memory node ranges
[    0.000000]   node   0: [mem 0x0000000000001000-0x000000000009efff]
[    0.000000]   node   0: [mem 0x0000000000100000-0x000000003ffeffff]
[    0.000000] Initmem setup node 0 [mem 0x0000000000001000-0x000000003ffeffff]
[    0.000000] Using APIC driver default
[    0.000000] AC: M-Timer IO Port: 0x4008
[    0.000000] IOAPIC[0]: apic_id 2, version 17, address 0xfec00000, GSI 0-23
[    0.000000] ACPI: INT_SRC_OVR (bus 0 bus_irq 0 global_irq 2 dfl dfl)
[    0.000000] ACPI: INT_SRC_OVR (bus 0 bus_irq 9 global_irq 9 high level)
[    0.000000] Using ACPI (MADT) for SMP configuration information
[    0.000000] smpboot: Allowing 2 CPUs, 0 hotplug CPUs
[    0.000000] PM: Registered nosave memory: [mem 0x00000000-0x00000fff]
[    0.000000] PM: Registered nosave memory: [mem 0x0009f000-0x0009ffff]
[    0.000000] PM: Registered nosave memory: [mem 0x000a0000-0x000effff]
[    0.000000] PM: Registered nosave memory: [mem 0x000f0000-0x000fffff]
[    0.000000] e820: [mem 0x40000000-0xfffbffff] available for PCI devices
[    0.000000] Booting paravirtualized kernel on KVM
[    0.000000] clocksource: refined-jiffies: mask: 0xffffffff max_cycles: 0xffffffff, max_idle_ns: 7645519600211568 ns
[    0.000000] setup_percpu: NR_CPUS:8 nr_cpumask_bits:8 nr_cpu_ids:2 nr_node_ids:1
[    0.000000] PERCPU: Embedded 19 pages/cpu @f76b0000 s47436 r0 d30388 u77824
[    0.000000] PV qspinlock hash table entries: 512 (order: 0, 4096 bytes)
[    0.000000] Built 1 zonelists in Zone order, mobility grouping on.  Total pages: 259800
[    0.000000] Kernel command line: BOOT_IMAGE=/boot/vmlinuz-4.4.0-119-generic root=LABEL=cloudimg-rootfs ro console=tty1 console=ttyS0
[    0.000000] PID hash table entries: 4096 (order: 2, 16384 bytes)
[    0.000000] Dentry cache hash table entries: 131072 (order: 7, 524288 bytes)
[    0.000000] Inode-cache hash table entries: 65536 (order: 6, 262144 bytes)
[    0.000000] Initializing CPU#0
[    0.000000] Initializing HighMem for node 0 (00037bfe:0003fff0)
[    0.000000] Initializing Movable for node 0 (00000000:00000000)
[    0.000000] Memory: 1012008K/1048120K available (8013K kernel code, 777K rwdata, 3172K rodata, 948K init, 800K bss, 36112K reserved, 0K cma-reserved, 135112K highmem)
[    0.000000] virtual kernel memory layout:
[    0.000000]     fixmap  : 0xfff15000 - 0xfffff000   ( 936 kB)
[    0.000000]     pkmap   : 0xffc00000 - 0xffe00000   (2048 kB)
[    0.000000]     vmalloc : 0xf83fe000 - 0xffbfe000   ( 120 MB)
[    0.000000]     lowmem  : 0xc0000000 - 0xf7bfe000   ( 891 MB)
[    0.000000]       .init : 0xc1bb2000 - 0xc1c9f000   ( 948 kB)
[    0.000000]       .data : 0xc17d3774 - 0xc1bb0740   (3955 kB)
[    0.000000]       .text : 0xc1000000 - 0xc17d3774   (8013 kB)
[    0.000000] Checking if this processor honours the WP bit evn in supervisor mode...Ok.
[    0.000000] SLUB: HWalign=64, Order=0-3, MinObjects=0, CPUs=2, Nodes=1
[    0.000000] Hierarchical RCU implementation.
[    0.000000] 	Build-time adjustment of leaf fanout to 32.
[    0.000000] 	RCU restricting CPUs from NR_CPUS=8 to nr_cpu_ids=2.
[    0.000000] RCU: Adjusting geometry for rcu_fanout_leaf=32, nr_cpu_ids=2
[    0.000000] NR_IRQS:2304 nr_irqs:440 16
[    0.000000] Console: colour VGA+ 80x25
[    0.000000] console [tty1] enabled
[    0.000000] console [ttyS0] enabled
[    0.000000] allocated 1048576 bytes of page_ext
[    0.000000] tsc: Detected 3593.284 MHz processor
[    0.000000] tsc: Marking TSC unstable due to TSCs unsynchronized
[    0.004000] Calibrating delay loop (skipped) preset value.. 7186.56 BogoMIPS (lpj=14373136)
[    0.004000] pid_max: default: 32768 minimum: 301
[   .04000] ACPI: Core revision 20150930
[    0.005042] ACPI: 2 ACPI AML tables successfully acquired and loaded
[    0.006253] Security Framework initialized
[    0.008004] Yama: becoming mindful.
[    0.008750] AppArmor: AppArmor initialized
[    0.012035] Mount-cache hash table entries: 2048 (order: 1, 8192 bytes)
[    0.013146] Mountpoint-cache hash table entries: 2048 (order: 1, 8192 bytes)
[    0.016123] Initializing cgroup subsys io
[    0.016923] Initializing cgroup subsys memory
[    0.017760] Initializing cgroup subsys devices
[    0.018656] Initializing cgroup subsys freezer
[    0.020005] Initializing cgroup subsys net_cls
[    0.020850] Initializing cgroup subsys perf_event
[    0.021742] Initializing cgroup subsys net_prio
[    0.024005] Initializing cgroup subsys hugetlb
[    0.024851] Initializing cgroup subsys pids
[    0.028106] CPU: Physical Processor ID: 0
[    0.028893] CPU: Processor Core ID: 0
[    0.029653] FEATURE SPEC_CTRL Not Present
[    0.032003] FEATURE IBPB Not Present
[    0.032737] mce: CPU supports 0 MCE banks
[    0.033557] Last level iTLB entries: 4KB 512, 2MB 1024, 4MB 512
[    0.036003] Last level dTLB entries: 4KB 1024, 2MB 1024, 4MB 512, 1GB 0
[    0.037116] Spectre V2 mitigation: LFENCE not serializing. Switching to generic retpoline
[    0.040003] Spectre V2 mitigation: Mitigation: Full generic retpoline
[    0.044003] Spectre V2 mitigation: Speculation control IBPB not-supported IBRS not-supported
[    0.045351] Spectre V2 mitigation: Filling RSB on context switch
[    0.048560] Freeing SMP alternatives memory: 28K
[    0.064564] ftrace: allocating 31465 entries in 62 pages
[    0.092109] smpboot: APIC(0) Converting physical 0 to logical package 0
[    0.096006] smpboot: Max logical packages: 1
[    0.096838] Enabling APIC mode:  Flat.  Using 1 I/O APICs
[    0.101185] ..TIMER: vector=0x30 apic1=0 pin1=2 apic2=-1 pin2=-1
[    0.108000] smpboot: CPU0: AMD PRO A10-8750B R7, 12 Compute Cores 4C+8G (family: 0x15, model: 0x38, stepping: 0x1)
[    0.116506] Performance Events: Broken PMU hardware detected, using software events only.
[    0.121168] Failed to access perfctr msr (MSR c0010007 is 0)
[    0.122193] KVM setup paravirtual spinlock
[    0.124125] x86: Booting SMP configuration:
[    0.128002] .... node  #0, CPUs:      #1
[    0.000000] Initializing CPU#1
[    0.004000] kvm-clock: cpu 1, msr 0:37bfd041, secondary cpu clock
[    0.004000] mce: CPU supports 0 MCE banks
[    0.154561] x86: Booted up 1 node, 2 CPUs
[    0.156004] smpboot: Total of 2 processors activated (14373.13 BogoMIPS)
[    0.157501] devtmpfs: initialized
[    0.160000] evm: security.selinux
[    0.160000] evm: security.SMACK64
[    0.160000] evm: security.SMACK64EXEC
[    0.160000] evm: security.SMACK64TRANSMUTE
[    0.160003] evm: security.SMACK64MMAP
[    0.160903] evm: security.ima
[    0.172006] evm: security.capability
[    0.172831] clocksource: jiffies: mask: 0xffffffff max_cycles: 0xffffffff, max_idle_ns: 7645041785100000 ns
[    0.174001] futex hash table entries: 512 (order: 3, 32768 bytes)
[    0.176063] pinctrl core: initialized pinctrl subsystem
[    0.177158] RTC time: 23:43:27, date: 04/06/18
[    0.178157] NET: Registered protocol family 16
[    0.192284] EISA bus registered
[    0.204023] cpuidle: using governor ladder
[    0.220017] cpuidle: using governor menu
[    0.224057] PCCT header not found.
[    0.225115] ACPI: bus type PCI registered
[    0.228004] acpiphp: ACPI Hot Plug PCI Controller Driver version: 0.5
[    0.229349] PCI : PCI BIOS area is rw and x. Use pci=nobios if you want it NX.
[    0.232003] PCI: PCI BIOS revision 2.10 entry at 0xfda26, last bus=0
[    0.233074] PCI: Using configuration type 1 for base access
[    0.234057] PCI: Using configuration type 1 for extended access
[    0.248203] ACPI: Added _OSI(Module Device)
[    0.252027] ACPI: Added _OSI(Processor Device)
[    0.252854] ACPI: Added _OSI(3.0 _SCP Extensions)
[    0.256006] ACPI: Added _OSI(Processor Aggregator Device)
[    0.260681] ACPI: Executed 1 blocks of module-level executable AML code
[    0.266404] ACPI: Interpreter enabled
[    0.268015] ACPI: (supports S0 S5)
[    0.272004] ACPI: Using IOAPIC for interrupt routing
[    0.273065] PCI: Using host bridge windows from ACPI; if necessary, use "pci=nocrs" and report a bug
[    0.281210] ACPI: PCI Root Bridge [PCI0] (domain 0000 [bus 00-ff])
[    0.284010] acpi PNP0A03:00: _OSC: OS supports [ExtendedConfig ASPM ClockPM Segments MSI]
[    0.288008] acpi PNP0A03:00: _OSC failed (AE_NOT_FOUND); disabling ASPM
[    0.292048] PCI host bridge to bus 0000:00
[    0.295959] pci_bus 0000:00: root bus resource [io  0x0000-0x0cf7 window]
[    0.296005] pci_bus 0000:00: root bus resource [io  0x0d00-0xffff window]
[    0.300021] pci_bus 0000:00: root bus resource [mem 0x000a0000-0x000bffff window]
[    0.304014] pci_bus 0000:00: root bus resource [mem 0x40000000-0xffdfffff window]
[    0.305452] pci_bus 0000:00: root bus resource [bus 00-ff]
[    0.308951] pci 0000:00:01.1: legacy IDE quirk: reg 0x10: [io  0x01f0-0x01f7]
[    0.312005] pci 0000:00:01.1: legacy IDE quirk: reg 0x14: [io  0x03f6]
[    0.316003] pci 0000:00:01.1: legacy IDE quirk: reg 0x18: [io  0x0170-0x0177]
[    0.320003] pci 0000:00:01.1: legacy IDE quirk: reg 0x1c: [io  0x0376]
[    0.373469] ACPI: PCI Interrupt Link [LNKA] (IRQs 5 9 10 11) *0, disabled.
[    0.380585] ACPI: PCI Interrupt Link [LNKB] (IRQs 5 9 10 *11)
[    0.384075] ACPI: PCI Interrupt Link [LNKC] (IRQs 5 9 *10 11)
[    0.385470] ACPI: PCI Interrupt Link [LNKD] (IRQs 5 *9 10 11)
[    0.386955] ACPI: Enabled 2 GPEs in block 00 to 07
[    0.388343] vgaarb: setting as boot device: PCI:0000:00:02.0
[    0.389013] vgaarb: device added: PCI:0000:00:02.0,decodes=io+mem,owns=io+mem,locks=none
[    0.392004] vgaarb: loaded
[    0.396002] vgaarb: bridge control possible 0000:00:02.0
[    0.397356] SCSI subsystem initialized
[    0.400076] ACPI: bus type USB registered
[    0.400878] usbcore: registered new interface driver usbfs
[    0.404056] usbcore: registered new interface driver hub
[    0.405067] usbcore: registered new device driver usb
[    0.412120] PCI: Using ACPI for IRQ routing
[    0.413087] NetLabel: Initializing
[    0.413769] NetLabel:  domain hash size = 128
[    0.416002] NetLabel:  protocols = UNLABELED CIPSOv4
[    0.416873] NetLabel:  unlabeled traffic allowed by default
[    0.417842] amd_nb: Cannot enumerate AMD northbridges
[    0.420098] clocksource: Switched to clocksource kvm-clock
[    0.432255] AppArmor: AppArmor Filesystem Enabled
[    4346] pnp: Pn AI it
[   .445 p: nP APIfod dece
[  1417]nPOSDibl bAC PP
[  1890]losour: pim:as 0fff x_cl: ffffmaid_n 25702ns[  28382] T:egted otolamy 

[   3912]CPstablished hastae trs:19(oder: 3 368yt)[    4.126033] TCP bind hash table entries: 8192 (order: 4, 65536 bytes)
[   .162 T: shabs nfur (taisd 92in8192)
[    4.938541] UDP hash table entries: 512 (order: 2, 16384 bytes)
[    4.940309] UDP-Lite hash table entries: 512 (order: 2, 16384 bytes)
[    4.942130] NET: Registered protocol family 1
[    4.942459] pci 0000:00:00.0: Limiting direct PCI/PCI transfers
[    4.942459] pci 0000:0:.0AcvangSAMAanwoarnd
[  4429]npki itrfs...
[    7.983470] Freeing initrd memory: 10852K
[    7.994463] clocksource: tsc: mask: 0xffffffffffffffff max_cycles: 0x33cb8af5b44, max_idle_ns: 440795255642 ns
[    8.000204] platform rtc_cmos: registered platform RTC device (no PNP device found)
[    8.000254] Scanning for low memory corruption every 60 seconds
[    8.000835] audit: initializing netlink subsys (disabled)
[    8.000862] audit: type=2000 audit(1523058218.095:1): initialized
[    8.001242] Initialise system trusted keyring
[    8.001357] HugeTLB registered 2 MB page size, pre-allocated 0 pages
[    8.008166] zbud: loaded
[    8.008482] VFS: Disk quotas dquot_6.6.0
[    8.008537] VFS: Dquot-cache hash table entries: 1024 (order 0, 4096 bytes)
[    8.008889] squashfs: version 4.0 (2009/01/31) Phillip Lougher
[    8.009334] fuse init (API version 7.23)
[    8.009568] Key type big_key registered
[    8.009601] Allocating IMA MOK and blacklist keyrings.
[    8.010069] Key type asymmetric registered
[    8.010076] Asymmetric key parser 'x509' registered
[    8.010095] bounce: pool size: 64 pages
[    8.010156] Block layer SCSI generic (bsg) driver version 0.4 loaded (major 249)
[    8.010209] io scheduler noop registered
[    8.010211] io scheduler deadline registered (default)
[    8.010261] io scheduler cfq registered
[    8.010431] pci_hotplug: PCI Hot Plug PCI Core version: 0.5
[    8.010440] pciehp: PCI Express Hot Plug Controller Driver version: 0.4
[    8.010767] ACPI: AC Adapter [AC] (on-line)
[    8.010856] input: Power Button as /devices/LNXSYSTM:00/LNXPWRBN:00/input/input0
[    8.010861] ACPI: Power Button [PWRF]
[    8.010948] input: Sleep Button as /devices/LNXSYSTM:00/LNXSLPBN:00/input/input1
[    8.010950] ACPI: Sleep Button [SLPF]
[    8.011197] GHES: HEST is not enabled!
[    8.011318] Serial: 8250/16550 driver, 32 ports, IRQ sharing enabled
[    8.034830] 00:02: ttyS0 at I/O 0x3f8 (irq = 4, base_baud = 115200) is a 16550A
[    8.049994] Linux agpgart interface v0.103
[    8.066365] isapnp: Scanning for PnP cards...
[    8.118733] loop: module loaded
[    8.119716] scsi host0: ata_piix
[    8.119822] scsi host1: ata_piix
[    8.119884] ata1: PATA max UDMA/33 cmd 0x1f0 ctl 0x3f6 bmdma 0xd000 irq 14
[    8.119886] ata2: PATA max UDMA/33 cmd 0x170 ctl 0x376 bmdma 0xd008 irq 15
[    8.120101] libphy: Fixed MDIO Bus: probed
[    8.120112] tun: Universal TUN/TAP device driver, 1.6
[    8.120113] tun: (C) 1999-2004 Max Krasnyansky <maxk@qualcomm.com>
[    8.120209] PPP generic driver version 2.4.2
[    8.120302] ehci_hcd: USB 2.0 'Enhanced' Host Controller (EHCI) Driver
[    8.120309] ehci-pci: EHCI PCI platform driver
[    8.120331] ehci-platform: EHCI generic platform driver
[    8.120341] ohci_hcd: USB 1.1 'Open' Host Controller (OHCI) Driver
[    8.120345] ohci-pci: OHCI PCI platform driver
[    8.120358] ohci-platform: OHCI generic platform driver
[    8.120369] uhci_hcd: USB Universal Host Controller Interface driver
[    8.120466] i8042: PNP: PS/2 Controller [PNP0303:PS2K,PNP0f03:PS2M] at 0x60,0x64 irq 1,12
[    8.121563] serio: i8042 KBD port at 0x60,0x64 irq 1
[    8.121572] serio: i8042 AUX port at 0x60,0x64 irq 12
[    8.121770] mousedev: PS/2 mouse device common for all mice
[    8.122320] input: AT Translated Set 2 keyboard as /devices/platform/i8042/serio0/input/input2
[    8.122769] rtc_cmos rtc_cmos: rtc core: registered rtc_cmos as rtc0
[    8.122853] rtc_cmos rtc_cmos: alarms up to one day, 114 bytes nvram
[    8.122861] i2c /dev entries driver
[    8.122952] device-mapper: uevent: version 1.0.3
[    8.123027] device-mapper: ioctl: 4.34.0-ioctl (2015-10-28) initialised: dm-devel@redhat.com
[    8.123063] platform eisa.0: Probing EISA bus 0
[    8.123068] platform eisa.0: EISA: Cannot allocate resource for mainboard
[    8.123069] platform eisa.0: Cannot allocate resource for EISA slot 1
[    8.123071] platform eisa.0: Cannot allocate resource for EISA slot 2
[    8.123072] platform eisa.0: Cannot allocate resource for EISA slot 3
[    8.123081] platform eisa.0: Cannot allocate resource for EISA slot 4
[    8.123082] platform eisa.0: Cannot allocate resource for EISA slot 5
[    8.123084] platform eisa.0: Cannot allocate resource for EISA slot 6
[    8.123085] platform eisa.0: Cannot allocate resource for EISA slot 7
[    8.123086] platform eisa.0: Cannot allocate resource for EISA slot 8
[    8.123088] platform eisa.0: EISA: Detected 0 cards
[    8.123111] cpufreq-nforce2: No nForce2 chipset.
[    8.123123] ledtrig-cpu: registered to indicate activity on CPUs
[    8.123436] NET: Registered protocol family 10
[    8.167932] NET: Registered protocol family 17
[    8.167966] Key type dns_resolver registered
[    8.168375] Using IPI No-Shortcut mode
[    8.168607] registered taskstats version 1
[    8.168624] Loading compiled-in X.509 certificates
[    8.171195] Loaded X.509 cert 'Build time autogenerated kernel key: cd25daf5f2c6791a52e12acbf66969414c24a779'
[    8.171259] zswap: loaded using pool lzo/zbud
[    8.261755] Key type trusted registered
[    8.373614] Key type encrypted registered
[    8.379723] AppArmor: AppArmor sha1 policy hashing enabled
[    8.380738] ima: No TPM chip found, activating TPM-bypass!
[    8.381729] evm: HMAC attrs: 0x1
[    8.382634]   Magic number: 14:562:756
[    8.384483] tty ttyS7: hash matches
[    8.385301] rtc_cmos rtc_cmos: setting system clock to 2018-04-06 23:43:35 UTC (1523058215)
[    8.386983] BIOS EDD facility v0.16 2004-Jun-25, 0 devices found
[    8.389135] EDD information not available.
[    8.442871] isapnp: No Plug & Play device found
[    8.449626] Freeing unused kernel memory: 948K
[    8.474737] Write protecting the kernel text: 8016k
[    8.496674] Write protecting the kernel read-only data: 3176k
[    8.513119] NX-protecting the kernel data: 6320k
Loading, please [    8.539046] random: systemd-udevd: uninitialized urandom read (16 bytes read, 1 bits of entropy available)
wait...
starting version 229
[    8.540139] random: udevadm: uninitialized urandom read (16 bytes read, 1 bits of entropy available)
[    8.548591] random: systemd-udevd: uninitialized urandom read (16 bytes read, 1 bits of entropy available)
[    8.559813] random: udevadm: uninitialized urandom read (16 bytes read, 1 bits of entropy available)
[    8.559876] random: udevadm: uninitialized urandom read (16 bytes read, 1 bits of entropy available)
[    8.560062] random: udevadm: uninitialized urandom read (16 bytes read, 1 bits of entropy available)
[    8.560130] random: udevadm: uninitialized urandom read (16 bytes read, 1 bits of entropy available)
[    8.560197] random: udevadm: uninitialized urandom read (16 bytes read, 1 bits of entropy available)
[    8.560269] random: udevadm: uninitialized urandom read (16 bytes read, 1 bits of entropy available)
[    8.560340] random: udevadm: uninitialized urandom read (16 bytes read, 1 bits of entropy available)
[    8.779539] e1000: Intel(R) PRO/1000 Network Driver - version 7.3.21-k8-NAPI
[    8.816160] e1000: Copyright (c) 1999-2006 Intel Corporation.
[    8.915658] Fusion MPT base driver 3.04.20
[    8.933385] Copyright (c) 1999-2008 LSI Corporation
[    8.951008] Fusion MPT SPI Host driver 3.04.20
[    9.071420] input: ImExPS/2 Generic Explorer Mouse as /devices/platform/i8042/serio1/input/input4
[    9.244266] e1000 0000:00:03.0 eth0: (PCI:33MHz:32-bit) 02:43:fb:3a:dc:1d
[    9.409565] e1000 0000:00:03.0 eth0: Intel(R) PRO/1000 Network Connection
[    9.508251] mptbase: ioc0: Initiating bringup
[    9.515583] e1000 0000:00:03.0 enp0s3: renamed from eth0
[    9.588499] ioc0: LSI53C1030 A0: Capabilities={Initiator}
[    9.752445] scsi host2: ioc0: LSI53C1030 A0, FwRev=00000000h, Ports=1, MaxQ=256, IRQ=20
[   10.603078] scsi 2:0:0:0: Direct-Access     VBOX     HARDDISK         1.0  PQ: 0 ANSI: 5
[   10.641131] scsi target2:0:0: Beginning Domain Validation
[   10.643453] scsi target2:0:0: Domain Validation skipping write tests
[   10.748933] scsi target2:0:0: Ending Domain Validation
[   10.757737] scsi target2:0:0: asynchronous
[   10.966296] scsi 2:0:1:0: Direct-Access     VBOX     HARDDISK         1.0  PQ: 0 ANSI: 5
[   10.973237] scsi target2:0:1: Beginning Domain Validation
[   10.978071] scsi target2:0:1: Domain Validation skipping write tests
[   10.979108] scsi target2:0:1: Ending Domain Validation
[   10.980064] scsi target2:0:1: asynchronous
[   10.987898] sd 2:0:0:0: Attached scsi generic sg0 type 0
[   10.990278] sd 2:0:1:0: [sdb] 20480 512-byte logical blocks: (10.5 MB/10.0 MiB)
[   10.990980] sd 2:0:0:0: [sda] 20971520 512-byte logical blocks: (10.7 GB/10.0 GiB)
[   11.005185] sd 2:0:1:0: [sdb] Write Protect is off
[   11.005573] sd 2:0:1:0: Attached scsi generic sg1 type 0
[   11.010157] sd 2:0:0:0: [sda] Write Protect is off
[   11.010187] sd 2:0:1:0: [sdb] Incomplete mode parameter data
[   11.010189] sd 2:0:1:0: [sdb] Assuming drive cache: write through
[   11.041112] sd 2:0:1:0: [sdb] Attached SCSI disk
[   11.083663] sd 2:0:0:0: [sda] Incomplete mode parameter data
[   11.128494] sd 2:0:0:0: [sda] Assuming drive cache: write through
[   11.145031]  sda: sda1
[   11.200151] sd 2:0:0:0: [sda] Attached SCSI disk
[   11.828692] floppy0: no floppy controllers found
Begin: Loading essential drivers ... [   13.444796] md: linear personality registered for level -1
[   13.468048] md: multipath personality registered for level -4
[   13.479911] md: raid0 personality registered for level 0
[   13.491702] md: raid1 personality registered for level 1
[   13.568593] raid6: mmxx1    gen()  2530 MB/s
[   13.660041] raid6: mmxx2    gen()  3863 MB/s
[   13.784118] raid6: sse1x1   gen()  2745 MB/s
[   13.860092] raid6: sse1x2   gen()  3240 MB/s
[   13.988073] raid6: sse2x1   gen()  3580 MB/s
[   14.060100] raid6: sse2x1   xor()  2172 MB/s
[   14.136053] raid6: sse2x2   gen()  4898 MB/s
[   14.208163] raid6: sse2x2   xor()  3124 MB/s
[   14.214329] raid6: using algorithm sse2x2 gen() 4898 MB/s
[   14.215309] raid6: .... xor() 3124 MB/s, rmw enabled
[   14.216261] raid6: using ssse3x1 recovery algorithm
[   14.229596] xor: automatically using best checksumming function:
[   14.352099]    avx       :  9516.000 MB/sec
[   14.361727] async_tx: api initialized (async)
[   14.401322] md: raid6 personality registered for level 6
[   14.408843] md: raid5 personality registered for level 5
[   14.410874] md: raid4 personality registered for level 4
[   14.429911] md: raid10 personality registered for level 10
done.
Begin: Running /scripts/init-premount ... done.
Begin: Mounting root file system ... Begin: Running /scripts/local-top ... done.
Begin: Running /scripts/local-premount ... [   14.510395] Btrfs loaded
Scanning for Btrfs filesystems
done.
Warning: fsck not present, so sk[   14.608825] EXT4-fs (sda1): mounted filesystem with ordered data mode. Opts: (null)
ipping root file system
done.
Begin: Running /scripts/local-bottom ... done.
Begin: Running /scripts/init-bottom ... done.
[   15.254278] systemd[1]: systemd 229 running in system mode. (+PAM +AUDIT +SELINUX +IMA +APPARMOR +SMACK +SYSVINIT +UTMP +LIBCRYPTSETUP +GCRYPT +GNUTLS +ACL +XZ -LZ4 +SECCOMP +BLKID +ELFUTILS +KMOD -IDN)
[   15.264484] systemd[1]: Detected virtualization oracle.
[   15.270081] systemd[1]: Detected architecture x86.

Welcome to [1mUbuntu 16.04.4 LTS[0m!

[   15.309706] systemd[1]: Set hostname to <ubuntu>.
[ 15486]ysmd]:niialiing che IDfr rdogeerator.
[   16.166269] systemd[1]: Installed transient /etc/machine-id file.
[   17.439949] random: nonblocking pool is initialized
[ 17.758843] systemd[1]: Listening on udev Kernel Socket.
[[0;32m  OK  [0m] Listening on udev Kernel Socket.
[   17.761529] systemd[1]: Started Trigger resolvconf update for networkd DNS.
[[0;32m  OK  [0m] Started Trigger resolvconf update for networkd DNS.
[   17.761529] systemd[1]: Created slice User and Session Slice.
[[0;32m  OK  [0m] Created slice User and Session Slice.
[ 179673] systemd[1]: Reached target Encrypted Volumes.
[[0;32m  OK  [0m] Reached target Encrypted Volumes.
[   18.157058] systemd[1]: Listening on LVM2 poll daemon socket.
[[0;32m  OK  [0m] Listening on LVM2 poll daemon socket.
[   18.160904] systemd[1]: Created slice System Slice.
[[0;32m  OK  [0m] Created slice System Slice.
[   18.187610] systemd[1]: Created slice system-serial\x2dgetty.slice.
[[0;32m  OK  [0m] Created slice system-serial\x2dgetty.slice.
[  12682] systemd[1]: Listening on udev Control Socket.
[[0;32m  OK  [0m] Listening on udev Control Socket.
[   18.272068] systemd[1]: Listening on Journal Audit Socket.
[[0;32m  OK  [0m] Listening on Journal Audit Socket.
[   18.272068] systemd[1]: Listening on /dev/initctl Compatibility Named Pipe.
[[0;32m  OK  [0m] Listening on /dev/initctl Compatibility Named Pipe.
[   18.272068] systemd[1]: Reached target Swap.
[[0;32m  OK  [0m] Reached target Swap.
[   18.272068] systemd[1]: Started Forward Password Requests to Wall Directory Watch.
[[0;32m  OK  [0m] Started Forward Password Requests to Wall Directory Watch.
[   18.272068] systemd[1]: Listening on LVM2 metadata daemon socket.
[[0;32m  OK  [0m] Listening on LVM2 metadata daemon socket.
[   18.272068] systemd[1]: Reached target System Time Synchronized.
[[0;32m  OK  [0m] Reached target System Time Synchronized.
[   18.272068] systemd[1]: Set up automount Arbitrary Executable File Formats File System Autoount Point.
[[0;32m  OK  [0m] Set up automount Arbitrary Executab...ats File System Automount Point.
[   18.272068] systemd[1]: Reached target Slices.
[[0;32m  OK  [0m] Reached target Slices.
[   18.272068] systemd[1]: Listening on Device-mapper event daemon FIFOs.
[[0;32m  OK  [0m] Listening on Device-mapper event daemon FIFOs.
[ 18856505] systemd[1]: Reached target User and Group Name Lookups.
[[0;32m  OK  [0m] Reached target User and Group Name Lookups.
[   18.944401] systemd[1]: Listening on Syslog Socket.
[[0;32m  OK  [0m] Listening on Syslog Socket.
[   18.955430] systemd[1]: Listening on Journal Socket.
[[0;32m  OK  [0m] Listening on Journal Socket.
[   18.972563] systemd[1]: Starting Nameserver information manager...
         Starting Nameserver information manager...
[   19.011060] systemd[1]: Starting Monitoring of LVM2 mirrors, snapshots etc. using dmeventd or progress polling...
         Starting Monitoring of LVM2 mirrors... dmeventd or progress polling...
[   19.073152] systemd[1]: Starting Create list of required static device nodes for the current kernel...
         Starting Create list of required st... nodes for the current kernel...
[   19.276760] systemd[1]: Starting Load Kernel Modules...
         Starting Load Kernel Mo[   19.322611] Loading iSCSI transport class v2.0-870.
dules...
[   19.363635] iscsi: registered transport (tcp)
[   19.385644] systemd[1]: Mounting Debug File System...
         Mounting Debug File System...
[   19.402713] systemd[1]: Mounting POSIX Message Queue File System...
         Mounting POSIX Message Queue File System...
[   19.496314] systemd[1]: Starting Remount Root and Kernel File Systems...
         Startin[   19.514871] EXT4-fs (sda1): re-mounted. Opts: (null)
g Remount Root and Kernel File S[   19.531675] iscsi: registered transport (iser)
ystems...
[   19.564556] systemd[1]: Starting Uncomplicated firewall...
         Starting Uncomplicated firewall...
[   19.620407] systemd[1]: Starting Set console keymap...
         Starting Set console keymap...
[   19.676435] systemd[1]: Listening on Journal Socket (/dev/log).
[[0;32m  OK  [0m] Listening on Journal Socket (/dev/log).
[   19.794379] systemd[1]: Starting Journal Service...
         Starting Journal Service...
[   19.864434] systemd[1]: Mounting Huge Pages File System...
         Mounting Huge Pages File System...
[   19.936744] systemd[1]: Mounted POSIX Message Queue File System.
[[0;32m  OK  [0m] Mounted POSIX Message Queue File System.
[  2.003] systmd]:ouedDebug File System.
[[0;32m  OK  [0m] Mounted Debug File System.
[   20.377247] systemd[1]: Mounted He ges File System.
[[0;32m  OK  [0m] Mounted Huge Pages File System.
[   20.557989] systemd[1]: Started Journal Service.
[[0;32m  OK  [0m] Started Journal Service.
[[0;32m  OK  [0m] Started Create list of required sta...ce nodes for the current kernel.
[[0;32m  OK  [0m] Started Load Kernel Modules.
[[0;32m  OK  [0m] Started Remount Root and Kernel File Systems.
[[0;32m  OK  [0m] Started Uncomplicated firewall.
[[0;32m  OK  [0m] Started Set console keymap.
[[0;32m  OK  [0m] Started Nameserver information manager.
[[0;32m  OK  [0m] Started LVM2 metadata daemon.
         Starting udev Coldplug all Devices...
         Starting Load/Save Random Seed...
         Starting Initial cloud-init job (pre-networking)...
         Starting Apply Kernel Variables...
         Mounting FUSE Control File System...
         Starting Create Static Device Nodes in /dev...
         Starting Flush Journal to Persistent Storage...
[[0;32m  OK  [0m] Mounted FUSE Control File System.
[[0;32m  OK  [0m] Started Monitoring of LVM2 mirrors,...ng dmeventd or progress polling.
[[0;32m  OK  [0m] Started Load/Save Random Seed.
[[0;32m  OK  [0m] Started Apply Kernel Variables.
[[0;32m  OK  [0m] Started Create Static Device Nodes in /dev.
[[0;32m  OK  [0m] Started udev Coldplug all Devices.
         Starting udev Kernel Device Manager...
[[0;32m  OK  [0m] Started Flush Journal to Persistent Storage.
[[0;32m  OK  [0m] Started udev Kernel Device Manager.
[[0;32m  OK  [0m] Reached target Local File Systems (Pre).
[[0;32m  OK  [0m] Reached target Local File Systems.
         Starting Tell Plymouth To Write Out Runtime Data...
         Starting Commit a transient machine-id on disk...
         Starting LSB: AppArmor initialization...
         Starting Set console font and keymap...
         Starting Create Volatile Files and Directories...
[[0;32m  OK  [0m] Started Dispatch Password Requests to Console Directory Watch.
[[0;32m  OK  [0m] Started Tell Plymouth To Write Out Runtime Data.
[[0;32m  OK  [0m] Started Commit a transient machine-id on disk.
[[0;32m  OK  [0m] Started Create Volatile Files and Directories.
[[0;32m  OK  [0m] Found device /dev/ttyS0.
         Starting Update UTMP about System Boot/Shutdown...
[[0;32m  OK  [0m] Started Update UTMP about System Boot/Shutdown.
[[0;32m  OK  [0m] Listening on Load/Save RF Kill Switch Status /dev/rfkill Watch.
[[0;32m  OK  [0m] Started Set console font and keymap.
[[0;32m  OK  [0m] Created slice system-getty.slice.
[[0;32m  OK  [0m] Started LSB: AppArmor initialization.
[   24.660761] cloud-init[443]: Cloud-init v. 17.2 running 'init-local' at Fri, 06 Apr 2018 23:43:51 +0000. Up 24.03 seconds.
[[0;32m  OK  [0m] Started Initial cloud-init job (pre-networking).
[[0;32m  OK  [0m] Reached target Network (Pre).
         Starting Raise network interfaces...
[[0;32m  OK  [0m] Started Raise network interfaces.
[[0;32m  OK  [0m] Reached target Network.
         Starting Initial cloud-init job (metadata service crawler)...
[   28.181118] cloud-init[926]: Cloud-init v. 17.2 running 'init' at Fri, 06 Apr 2018 23:43:53 +0000. Up 25.97 seconds.
[   28.232772] cloud-init[926]: ci-info: +++++++++++++++++++++++++++++++++++++Net device info++++++++++++++++++++++++++++++++++++++
[   28.261515] cloud-init[926]: ci-info: +--------+------+----------------------------+---------------+-------+-------------------+
[   28.266340] cloud-init[926]: ci-info: | Device |  Up  |          Address           |      Mask     | Scope |     Hw-Address    |
[   28.279388] cloud-init[926]: ci-info: +--------+------+----------------------------+---------------+-------+-------------------+
[   28.286946] cloud-init[926]: ci-info: | enp0s3 | True |         10.0.2.15          | 255.255.255.0 |   .   | 02:43:fb:3a:dc:1d |
[   28.291856] cloud-init[926]: ci-info: | enp0s3 | True | fe80::43:fbff:fe3a:dc1d/64 |       .       |  link | 02:43:fb:3a:dc:1d |
[   28.296848] cloud-init[926]: ci-info: |   lo   | True |         127.0.0.1          |   255.0.0.0   |   .   |         .         |
[   28.301479] cloud-init[926]: ci-info: |   lo   | True |          ::1/128           |       .       |  host |         .         |
[   28.311355] cloud-init[926]: ci-info: +--------+------+----------------------------+---------------+-------+-------------------+
[   28.344432] cloud-init[926]: ci-info: +++++++++++++++++++++++++++Route IPv4 info++++++++++++++++++++++++++++
[   28.456671] cloud-init[926]: ci-info: +-------+-------------+----------+---------------+-----------+-------+
[[0;32m  OK  [0m] Started Initial cloud-init job (metadata service crawler).
[[0;32m  OK  [0m] Reached target Network is Online.
[   28.557038] cloud-init[926]: ci-info: | Route | Destination | Gateway  |    Genmask    | Interface | Flags |
[   28.768477]          cloud-initStarting iSCSI initiator daemon (iscsid)...[926]: 
ci-info: +-------+-------------+----------+---------------+-----------+-------+
[[0;32m  OK  [0m] Reached target Cloud-config availability.
[[0;32m  OK  [0m] Reached target System Initialization.
[   28.768935] cloud-init[926]: ci-info: |   0   |   0.0.0.0   | 10.0.2.2 |    0.0.0.0    |   enp0s3  |   UG  |
[   28.928496] cloud-init[926]: ci-info: |   1   |   10.0.2.0  | 0.0.0.0  | 255.255.255.0 |   enp0s3  |   U   |
[   29.028189] cloud-init[926]: ci-info: +-------+-------------+----------+---------------+-----------+-------+
[   29.139816] cloud-init[926]: Generating public/private rsa key pair.
[   29.184394] cloud-init[926]: Your identification has been saved in /etc/ssh/ssh_host_rsa_key.
[   29.184679] cloud-init[926]: Your public key has been saved in /etc/ssh/ssh_host_rsa_key.pub.
         Starting LXD - unix socket.
[[   29.184875] cloud-init[926]: The key fingerprint is:
[   29.289472] cloud-init[926]: SHA256:8krU0LC7SMMEBljeYHTCLP0xsZcKRJj4CRPpJa1BhGs root@ubuntu-xenial
[   29.290206] cloud-init[926]: The key's randomart image is:
[0;32m  OK  [0m] Started Daily Cleanup of Temporary Directories.
[[0;32m  OK  [0m] Listening on UUID daemon activation socket.
[   29.290907] cloud-init[926]: +---[RSA 2048]----+
[   29.680686] cloud-init[926]: |O/% o..          |
[   29.690786] cloud-init[926]: |@B+Oo. =         |
[   29.711957] cloud-init[926]: |.*Bo+o= .        |
[   29.736659] cloud-init[926]: |.Eo+.o +         |
[   29.780863] cloud-init[926]: |.   = + S        |
[   29.820539] cloud-init[926]: |   . + +         |
[   29.872431] cloud-init[926]: |    . o .        |
[   29.872702] cloud-init[926]: |     . .         |
[[0;32m  OK  [0m] Started ACPI Events Check.
[[   29.872883] cloud-init[926]: |      .          |
[0;32m  OK  [0m] Reached target Paths.
[   29.966165] cloud-init[[926]: [0;32m  OK  [0m+----[SHA256]-----+] 
Started Daily apt download activities.
[   30.151316] cloud-init[926]: Generating public/private dsa key pair.
[   30.151556] cloud-init[926]: Your identification has been saved in /etc/ssh/ssh_host_dsa_key.
[[0;32m  OK  [0m] Started Daily apt upgrade and clean activities.
[[   30.151664] cloud-init[926]: Your public key has been saved in /etc/ssh/ssh_host_dsa_key.pub.
[0;32m  OK  [0m] Listening on ACPID Listen Socket.
[[0;32m  OK  [0m] Listening on D-Bus System Message Bus Socket.
[   30.500921] cloud-init[926]: The key fingerprint is:
[   30.723875]          cloud-initStarting Socket activation for snappy daemon.[926]: 
SHA256:nvpm1FSV3i407gzbEDVPpijxgQ/voQYXFwiU1F4zOOA root@ubuntu-xenial
[   30.724374] [cloud-init[0;32m  OK  [0m[926]: ] The key's randomart image is:Started Timer to automatically refresh installed snaps.

[   30.815914] cloud-init[926]: +---[DSA 1024]----+
[[0;32m  OK  [0m] Reached target Timers.
[   30.818617] cloud-init[926]: |       o== +.o.. |
[   30.864541] [cloud-init[0;32m  OK  [0m[926]: ] |       .. X B + o|Listening on LXD - unix socket.

[[0;32m  OK  [0m] Listening on Socket activation for snappy daemon.
[   30.865174] cloud-init[926]: |        E. % B B |
[   31.004492] [cloud-init[0;32m  OK  [0m[926]: ] |        . = B = o|
Started iSCSI initiator daemon (iscsid).
[   31.004956] cloud-init[926]: |        S= + = o |
[   31.064449] cloud-init[926]: |       ...+ + o .|
[   31.124433]          cloud-initStarting Login to default iSCSI targets...[926]: 
|       .o.   B . |
[[0;32m  OK  [0m] Reached target Sockets.
[[0;32m  OK  [0m] Reached target Basic System.
[   31.124765] cloud-init[926]: |       .o   . +  |
[   31.224518]          cloud-initStarting System Logging Service...[926]: 
|      .+.        |
[[0;32m  OK  [0m] Started FUSE filesystem for LXC.
[   31.242286] cloud-init[926]: +----[SHA256]-----+
[   31.246494]          cloud-init[926]: Starting Login Service...Generating public/private ecdsa key pair.

[   31.284820] [[0;32m  OK  [0m] Started Unattended Upgrades Shutdown.
cloud-init[926]: Your identification has been saved in /etc/ssh/ssh_host_ecdsa_key.
         Starting LSB: Record successful boot for GRUB...
[   31.345313] cloud-init[926]: Your public key has been saved in /etc/ssh/ssh_host_ecdsa_key.pub.
[   31.440402] cloud-init[926]: The key fingerprint is:
[   31.440728] cloud-init[926]: SHA256:PtgN3KWtn8qRaSl0Xr+3qo4rPHJCyaG3pW7ZNBRbmeg root@ubuntu-xenial
[[0;32m  OK  [0m] Started Regular background program processing daemon.
[   31.440895] cloud-init[926]: The key's randomart image is:
[   31.652875] cloud-init[926]: +---[ECDSA 256]---+
[   31.653070] cloud-init[926]: |        . o      |
[[0;32m  OK  [0m] Started D-Bus System Message Bus.
[   31.653292] cloud-init[926]: |       o +       |
[   31.768583] cloud-init[926]: |      . +   .    |
[   31.812678] cloud-init[926]: |     . E . +     |
[   31.812960] cloud-init[926]: |    o + S + o    |
         Starting Pollinate to seed the pseudo random number generator...
[   31.813183] cloud-init[926]: |   . = O = * .   |
[   31.956863]          cloud-initStarting Snappy daemon...[926]: 
|    o X * X   .  |
[   32.004556] cloud-init[926]: |     B * =.o . ..|
[   32.043563] cloud-init[926]: |    o.+ oo=++.oo.|
[   32.081116] cloud-init[926]: +----[SHA256]-----+
         Starting /etc/rc.local Compatibility...
[   32.082734] cloud-init[926]: Generating public/private ed25519 key pair.
[   32.184444] cloud-init[926]: Your identification has been saved in /etc/ssh/ssh_host_ed25519_key.
[   32.184739] cloud-init[926]: Your public key has been saved in /etc/ssh/ssh_host_ed25519_key.pub.
[[0;32m  OK  [0m] Started Deferred execution scheduler.
[   32.184903] cloud-init[926]: The key fingerprint is:
[   32.388576] cloud-init[926]: SHA256:ziMfxA3YaIAZSgjl4Zl1s5uFj8YnQzBGZOAJqzzTfr0 root@ubuntu-xenial
[   32.391650] cloud-init[926]: The key's randomart image is:
[   32.393762] cloud-init[926]: +--[ED25519 256]--+
[   32.393897] cloud-init[926]: |=o=BX o          |
[   32.394009] cloud-init[926]: |oBoO = B         |
[   32.394140] cloud-init[926]: |o B   B +        |
[   32.394254] cloud-init[926]: |o .  + B o       |
[   32.394357] cloud-init[926]: |.+ .  O S .      |
         Starting LXD - container startup/shutdown...
[   32.394570] cloud-init[926]: |  +  ..B         |
         Starting Apply the settings specified in cloud-config...
[   32.702687] cloud-init[926]: |   . ...=        |
         Starting Accounts Service...
[   32.831039] cloud-init[926]: |    .  o.o       |
[   32.847229] cloud-init[926]: |       E.        |
[   32.849328] cloud-init[926]: +----[SHA256]-----+
         Starting LSB: MD monitoring daemon...
[[0;32m  OK  [0m] Started ACPI event daemon.
         Starting Virtualbox guest utils...
[[0;32m  OK  [0m] Started System Logging Service.
[[0;32m  OK  [0m] Started Snappy daemon.
[[0;32m  OK  [0m] Started /etc/rc.local Compatibility.
[[0;32m  OK  [0m] Started LXD - container startup/shutdown.
[[0;32m  OK  [0m] Started Login to default iSCSI targets.
[[0;32m  OK  [0m] Started LSB: Record successful boot for GRUB.
[[0;32m  OK  [0m] Started Login Service.
         Starting Authenticate and Authorize Users to Run Privileged Tasks...
[[0;32m  OK  [0m] Reached target Remote File Systems (Pre).
[[0;32m  OK  [0m] Reached target Remote File Systems.
         Starting LSB: daemon to balance interrupts for SMP systems...
[   33.600707] cloud-init[1110]: Generating locales (this might take a while)...
         Starting LSB: Set the CPU Frequency Scaling governor to "ondemand"...
         Starting Permit User Sessions...
         Starting LSB: automatic crash report generation...
[[0;32m  OK  [0m] Started Pollinate to seed the pseudo random number generator.
[[0;32m  OK  [0m] Started LSB: MD monitoring daemon.
[[0;32m  OK  [0m] Started Virtualbox guest utils.
[[0;32m  OK  [0m] Started Permit User Sessions.
[[0;32m  OK  [0m] Started Authenticate and Authorize Users to Run Privileged Tasks.
[[0;32m  OK  [0m] Started Accounts Service.
[[0;32m  OK  [0m] Started LSB: Set the CPU Frequency Scaling governor to "ondemand".
[[0;32m  OK  [0m] Started LSB: daemon to balance interrupts for SMP systems.
         Starting Terminate Plymouth Boot Screen...
         Starting Hold until boot process finishes up...
         Starting OpenBSD Secure Shell server...
[[0;32m  OK  [0m] Started LSB: automatic crash report generation.
[[0;32m  OK  [0m] Started Terminate Plymouth Boot Screen.
[[0;32m  OK  [0m] Started Hold until boot process finishes up.
[[0;32m  OK  [0m] Started OpenBSD Secure Shell server.
[[0;32m  OK  [0m] Started Getty on tty1.
[[0;32m  OK  [0m] Started Serial Getty on ttyS0.
[[0;32m  OK  [0m] Reached target Login Prompts.
         Starting Set console scheme...
[[0;32m  OK  [0m] Reached target Multi-User System.
[[0;32m  OK  [0m] Reached target Graphical Interface.
         Starting Update UTMP about System Runlevel Changes...
[[0;32m  OK  [0m] Started Set console scheme.
[[0;32m  OK  [0m] Started Update UTMP about System Runlevel Changes.
[[0;32m  OK  [0m] Created slice User Slice of vagrant.
         Starting User Manager for UID 1000...
[[0;32m  OK  [0m] Started Session 1 of user vagrant.
[[0;32m  OK  [0m] Started User Manager for UID 1000.
[   34.939545] cloud-init[1110]:   en_US.UTF-8... done
[   34.959476] cloud-init[1110]: Generation complete.
[   36.353449] cloud-init[1110]: Cloud-init v. 17.2 running 'modules:config' at Fri, 06 Apr 2018 23:44:00 +0000. Up 33.14 seconds.
[[0;32m  OK  [0m] Started Apply the settings specified in cloud-config.
         Starting Execute cloud user/final scripts...
ci-info: no authorized ssh keys fingerprints found for user ubuntu.
<14>Apr  6 23:44:04 ec2: 
<14>Apr  6 23:44:04 ec2: #############################################################
<14>Apr  6 23:44:04 ec2: -----BEGIN SSH HOST KEY FINGERPRINTS-----
<14>Apr  6 23:44:04 ec2: 1024 SHA256:nvpm1FSV3i407gzbEDVPpijxgQ/voQYXFwiU1F4zOOA root@ubuntu-xenial (DSA)
<14>Apr  6 23:44:04 ec2: 256 SHA256:PtgN3KWtn8qRaSl0Xr+3qo4rPHJCyaG3pW7ZNBRbmeg root@ubuntu-xenial (ECDSA)
<14>Apr  6 23:44:04 ec2: 256 SHA256:ziMfxA3YaIAZSgjl4Zl1s5uFj8YnQzBGZOAJqzzTfr0 root@ubuntu-xenial (ED25519)
<14>Apr  6 23:44:04 ec2: 2048 SHA256:8krU0LC7SMMEBljeYHTCLP0xsZcKRJj4CRPpJa1BhGs root@ubuntu-xenial (RSA)
<14>Apr  6 23:44:04 ec2: -----END SSH HOST KEY FINGERPRINTS-----
<14>Apr  6 23:44:04 ec2: #############################################################
-----BEGIN SSH HOST KEY KEYS-----
ecdsa-sha2-nistp256 AAAAE2VjZHNhLXNoYTItbmlzdHAyNTYAAAAIbmlzdHAyNTYAAABBBESBG4cMhXl21Fq97yzK0TMt2m07VpA3WZME1/h9gF3+1cq3Cwc4LXU2/hbjuKi60O86m4jptjhLvWtCnV4HSx0= root@ubuntu-xenial
ssh-ed25519 AAAAC3NzaC1lZDI1NTE5AAAAIKVLCyunwaeBcxWlZ/K6pdC+KaDGqWI4Z8qUA2h/X5V8 root@ubuntu-xenial
ssh-rsa AAAAB3NzaC1yc2EAAAADAQABAAABAQCxCttJ5AkX/TTIayB0ONXKeopj9rRKUO8JKB8E2c6EbZN0tThmFYop6VnSfFVWLJFGfa1SoTM2S0Tsa+W1Jtcahh86J1MMzLpMgduH13rNpxRfYYbttC9cSbySgCdoGMuHwdNfkegTF+082O+mDJTYMJmAnooGAJXr9oXxTpIPYdxQyFHnxd3uXEXmpiMrLHvriBnieEq6Dda2ctOOCB6W/2UFFtWZQ9L9Ve6kR3aLd0jz2JperutvLP9JqT2R0WUec0Hr7gCwvJRBJRObDjJffnJFL97UK+D9ZWtpYH0FtcEWC4+UFs49iSUhmRP72Ypb1cH7hCm9WCb1ShL9bc2d root@ubuntu-xenial
-----END SSH HOST KEY KEYS-----
[   37.420648] cloud-init[1384]: Cloud-init v. 17.2 running 'modules:final' at Fri, 06 Apr 2018 23:44:03 +0000. Up 36.87 seconds.
[[   37.493722] cloud-init[1384]: ci-info: no authorized ssh keys fingerprints found for user ubuntu.
[0;32m  OK  [0m] Started Execute cloud user/final scripts.
[   37.493974] cloud-init[1384]: Cloud-init v. 17.2 finished at Fri, 06 Apr 2018 23:44:04 +0000. Datasource DataSourceNoCloud [seed=/dev/sdb][dsmode=net].  Up 37.41 seconds
[[0;32m  OK  [0m] Reached target Cloud-init target.

Ubuntu 16.04.4 LTS ubuntu-xenial ttyS0

ubuntu-xenial login:          Stopping ACPI event daemon...
[[0;m         Stopping System Logging Service...
         Stopping Regular background program processing daemon...
         Stopping LSB: automatic crash report generation...
         Stopping LXD - container startup/shutdown...
[[0;32m  OK  [0m] Stopped Daily apt upgrade and clean activities.
[[0;32m  OK  [0m] Stopped Daily apt download activities.
[[0;32m  OK  [0m] Stopped target System Time Synchronized.
[[0;32m  OK  [0m] Stopped Apply the settings specified in cloud-config.
[[0;32m  OK  [0m] Stopped target Cloud-config availability.
[[0;32m  OK  [0m] Stopped Daily Cleanup of Temporary Directories.
         Stopping Unattended Upgrades Shutdown...
         Stopping D-Bus System Message Bus...
         Stopping LSB: Set the CPU Frequency Scaling governor to "ondemand"...
[[0;32m  OK  [0m] Unmounted /var/lib/lxcfs.
[[0;32m  OK  [0m] Stopped System Logging Service.
[[0;32m  OK  [0m] Stopped Regular background program processing daemon.
[[0;32m  OK  [0m] Stopped Snappy daemon.
[[0;32m  OK  [0m] Stopped Deferred execution scheduler.
[[0;32m  OK  [0m] Stopped Accounts Service.
[[0;32m  OK  [0m] Stopped ACPI event daemon.
[[0;32m  OK  [0m] Stopped Authenticate and Authorize Users to Run Privileged Tasks.
[[0;32m  OK  [0m] Stopped OpenBSD Secure Shell server.
[[0;32m  OK  [0m] Stopped Serial Getty on ttyS0.
[[0;32m  OK  [0m] Stopped Getty on tty1.
[[0;32m  OK  [0m] Stopped User Manager for UID 1000.
[[0;32m  OK  [0m] Stopped Session 4 of user vagrant.
[[0;32m  OK  [0m] Stopped Unattended Upgrades Shutdown.
[[0;32m  OK  [0m] Stopped D-Bus System Message Bus.
[[0;32m  OK  [0m] Stopped FUSE filesystem for LXC.
[[0;32m  OK  [0m] Stopped LSB: MD monitoring daemon.
[[0;32m  OK  [0m] Stopped LSB: daemon to balance interrupts for SMP systems.
[[0;32m  OK  [0m] Stopped Virtualbox guest utils.
[[0;32m  OK  [0m] Stopped LSB: Record successful boot for GRUB.
[[0;32m  OK  [0m] Stopped LSB: automatic crash report generation.
[[0;32m  OK  [0m] Stopped LXD - container startup/shutdown.
[[0;32m  OK  [0m] Stopped LSB: Set the CPU Frequency Scaling governor to "ondemand".
[[0;32m  OK  [0m] Removed slice User Slice of vagrant.
         Stopping Login Service...
[[0;32m  OK  [0m] Removed slice system-getty.slice.
         Stopping Permit User Sessions...
[[0;32m  OK  [0m] Removed slice system-serial\x2dgetty.slice.
[[0;32m  OK  [0m] Stopped /etc/rc.local Compatibility.
[[0;32m  OK  [0m] Stopped Permit User Sessions.
[[0;32m  OK  [0m] Stopped Login Service.
[[0;32m  OK  [0m] Stopped target User and Group Name Lookups.
[[0;32m  OK  [0m] Stopped target Remote File Systems.
[[0;32m  OK  [0m] Stopped target Remote File Systems (Pre).
         Stopping Login to default iSCSI targets...
[[0;32m  OK  [0m] Stopped target Basic System.
[[0;32m  OK  [0m] Stopped target Paths.
[[0;32m  OK  [0m] Stopped ACPI Events Check.
[[0;32m  OK  [0m] Stopped Forward Password Requests to Wall Directory Watch.
[[0;32m  OK  [0m] Stopped Dispatch Password Requests to Console Directory Watch.
[[0;32m  OK  [0m] Stopped target Slices.
[[0;32m  OK  [0m] Removed slice User and Session Slice.
[[0;32m  OK  [0m] Stopped target Sockets.
[[0;32m  OK  [0m] Closed LXD - unix socket.
[[0;32m  OK  [0m] Closed ACPID Listen Socket.
[[0;32m  OK  [0m] Closed Syslog Socket.
[[0;32m  OK  [0m] Closed Socket activation for snappy daemon.
[[0;32m  OK  [0m] Closed D-Bus System Message Bus Socket.
[[0;32m  OK  [0m] Closed UUID daemon activation socket.
[[0;32m  OK  [0m] Stopped target System Initialization.
         Stopping Load/Save Random Seed...
[[0;32m  OK  [0m] Stopped target Swap.
         Stopping Update UTMP about System Boot/Shutdown...
[[0;32m  OK  [0m] Stopped Commit a transient machine-id on disk.
[[0;32m  OK  [0m] Stopped target Encrypted Volumes.
[[0;32m  OK  [0m] Stopped Load/Save Random Seed.
[[0;32m  OK  [0m] Stopped Login to default iSCSI targets.
[[0;32m  OK  [0m] Stopped Update UTMP about System Boot/Shutdown.
[[0;32m  OK  [0m] Stopped Create Volatile Files and Directories.
         Stopping iSCSI initiator daemon (iscsid)...
[[0;32m  OK  [0m] Stopped iSCSI initiator daemon (iscsid).
[[0;32m  OK  [0m] Stopped target Network is Online.
[[0;32m  OK  [0m] Stopped Initial cloud-init job (metadata service crawler).
[[0;32m  OK  [0m] Stopped target Network.
         Stopping Raise network interfaces...
[[0;32m  OK  [0m] Stopped Raise network interfaces.
[[0;32m  OK  [0m] Stopped Apply Kernel Variables.
[[0;32m  OK  [0m] Stopped Load Kernel Modules.
[[0;32m  OK  [0m] Stopped target Local File Systems.
         Unmounting /run/user/1000...
         Unmounting /vagrant...
[[0;32m  OK  [0m] Stopped target Network (Pre).
[[0;32m  OK  [0m] Stopped Initial cloud-init job (pre-networking).
[[0;32m  OK  [0m] Unmounted /run/user/1000.
[[0;32m  OK  [0m] Unmounted /vagrant.
[[0;32m  OK  [0m] Reached target Unmount All Filesystems.
[[0;32m  OK  [0m] Stopped target Local File Systems (Pre).
         Stopping Monitoring of LVM2 mirrors... dmeventd or progress polling...
[[0;32m  OK  [0m] Stopped Remount Root and Kernel File Systems.
[[0;32m  OK  [0m] Stopped Create Static Device Nodes in /dev.
[[0;32m  OK  [0m] Reached target Shutdown.
[ 3580.144998] reboot: Power down
