[    0.000000] Initializing cgroup subsys cpuset
[    0.000000] Initializing cgroup subsys cpu
[    0.000000] Initializing cgroup subsys cpuacct
[    0.000000] Linux version 4.4.0-119-generic (buildd@lcy01-amd64-002) (gcc version 5.4.0 20160609 (Ubuntu 5.4.0-6ubuntu1~16.04.9) ) #143-Ubuntu SMP Mon Apr 2 16:08:22 UTC 2018 (Ubuntu 4.4.0-119.143-generic 4.4.114)
[    0.000000] KERNEL supported cpus:
[    0.000000]   Intel GenuineIntel
[    0.000000]   AMD AuthenticAMD
[    0.000000]   NSC Geode by NSC
[    0.000000]   Cyrix CyrixInstead
[    0.000000]   Centaur CentaurHauls
[    0.000000]   Transmeta GenuineTMx86
[    0.000000]   Transmeta TransmetaCPU
[    0.000000]   UMC UMC UMC UMC
[    0.000000] x86/fpu: xstate_offset[2]:  576, xstate_sizes[2]:  256
[    0.000000] x86/fpu: Supporting XSAVE feature 0x01: 'x87 floating point registers'
[    0.000000] x86/fpu: Supporting XSAVE feature 0x02: 'SSE registers'
[    0.000000] x86/fpu: Supporting XSAVE feature 0x04: 'AVX registers'
[    0.000000] x86/fpu: Enabled xstate features 0x7, context size is 832 bytes, using 'standard' format.
[    0.000000] x86/fpu: Using 'lazy' FPU context switches.
[    0.000000] e820: BIOS-provided physical RAM map:
[    0.000000] BIOS-e820: [mem 0x0000000000000000-0x000000000009fbff] usable
[    0.000000] BIOS-e820: [mem 0x000000000009fc00-0x000000000009ffff] reserved
[    0.000000] BIOS-e820: [mem 0x00000000000f0000-0x00000000000fffff] reserved
[    0.000000] BIOS-e820: [mem 0x0000000000100000-0x000000003ffeffff] usable
[    0.000000] BIOS-e820: [mem 0x000000003fff0000-0x000000003fffffff] ACPI data
[    0.000000] BIOS-e820: [mem 0x00000000fffc0000-0x00000000ffffffff] reserved
[    0.000000] NX (Execute Disable) protection: active
[    0.000000] SMBIOS 2.5 present.
[    0.000000] Hypervir etected:KV
[   0.000000] 82: as_pfn = 03f0 max_arh_n  0x100000
   0.00000MTR: isle
[   00000 x/PT: TR dsabled, skipngAT initiaizio to.
[    0.000000] CPU MTRRs all blank - virtualized system.
[    0.000000] x86/PAT: Configuration [0-7]: WB WTUC UC WBWT UC- UC  
[    0.000000] found SMP MP-table at [mem 0x0009fff0-0x0009ffff] mapped at [c009fff0]
[    0.000000] Scanning 1 areas for low memory corruption
[    0.000000] RAMDISK: [mem 0x36abe000-0x37556fff]
[    0.000000] ACPI: Early table checksum verification disabled
[    0.000000] ACPI: RSDP 0x00000000000E0000 000024 (v02 VBOX  )
[    0.000000] ACPI: XSDT 0x000000003FFF0030 00003C (v01 VBOX   VBOXXSDT 00000001 ASL  00000061)
[    0.000000] ACPI: FACP 0x000000003FFF00F0 0000F4 (v04 VBOX   VBOXFACP 00000001 ASL  00000061)
[    0.000000] ACPI: DSDT 0x000000003FFF0470 002118 (v01 VBOX   VBOXBIOS 00000002 INTL 20160108)
[    0.000000] ACPI: FACS 0x000000003FFF0200 000040
[    0.000000] ACPI: FACS 0x000000003FFF0200 000040
[    0.000000] ACPI: APIC 0x000000003FFF0240 00005C (v02 VBOX   VBOXAPIC 00000001 ASL  00000061)
[    0.000000] ACPI: SSDT 0x000000003FFF02A0 0001CC (v01 VBOX VBXCPT 00002 NT206018)[    0000] 1MHIGHMEM available.
[    0.000000] 891MB LOWMEM avaibl
[    0.000000]   mapped low ram: 0 - 37bfe000
[    0.000000]   low ram: 0 - 37bfe000
[    0.000000] kvm-clock: Using msrs 4b564d01 and 4b564d00
[    0.000000] kvm-clock: cpu 0, msr 0:37bfd001, primary cpu clock
[    0.000000] kvm-clock: using sched offset of 3274456828 cycles
[    0.000000] clocksource: kvm-clock: mask: 0xffffffffffffffff max_cycles: 0x1cd42e4dffb, max_idle_ns: 881590591483 ns
[    0.000000] Zone ranges:
[    0.000000]   DMA      [mem 0x0000000000001000-0x0000000000ffffff]
[    0.000000]   Normal   [mem 0x0000000001000000-0x0000000037bfdfff]
[    0.000000]   HighMem  [mem 0x0000000037bfe000-0x000000003ffeffff]
[    0.000000] Movable zone start for each node
[    0.000000] Early memory node ranges
[    0.000000]   node   0: [mem 0x0000000000001000-0x000000000009efff]
[    0.000000]   node   0: [mem 0x0000000000100000-0x000000003ffeffff]
[    0.000000] Initmem setup node 0 [mem 0x0000000000001000-0x000000003ffeffff]
[    0.000000] Using APIC driver default
[    0.000000] ACPI: PM-Timer IO Port: 0x4008
[    0.000000] IOAPIC[0]: apic_id 2, version 17, address 0xfec00000, GSI 0-23
[    0.000000] ACPI: INT_SRC_OVR (bus 0 bus_irq 0 global_irq 2 dfl dfl)
[    0.000000] ACPI: INT_SRC_OVR (bus 0 bus_irq 9 global_irq 9 high level)
[    0.000000] Using ACPI (MADT) for SMP configuration information
[    0.000000] smpboot: Allowing 2 CPUs, 0 hotplug CPUs
[    0.000000] PM: Registered nosave memory: [mem 0x00000000-0x00000fff]
[    0.000000] PM: Registered nosave memory: [mem 0x0009f000-0x0009ffff]
[    0.000000] PM: Registre nosae emry [mem x0a000-0x000eff
[    0.00] PM:Restred nosave meor [mem 0x0000-0x000fffff]
[    0.000000] e820: [mem 0x40000000-0xfffbffff] available for PCI dece
[    0.000000] Booting paravirtualized kernel n M
[    0.000000] clocksource: refined-jiffies: mask: 0xffffffff max_cycles: 0xffffffff, max_idle_ns: 7645519600211568 ns
[    0.000000] setup_percpu: NR_CPUS:8 nr_cpumask_bits:8 nr_cpu_ids:2 nr_node_ids:1
[    0.000000] PERCPU: Embedded 19 pages/cpu @f76b0000 s47436 r0 d30388 u77824
[    0.00000]  qpinochah table ntes 51 (rd: 0, 09byes)
  0.00000]But  zoneliss  Zone order mbiity goungon.  Total pages: 259800
[    0.000000] Kernel command line: BOOT_IMAGE=/boot/vmlinuz-4.4.0-119-generic root=LABEL=cloudimg-rootfs ro console=tty1 console=ttyS0
[    0.000000] PID hash table entries: 4096 (order: 2, 16384 bytes)
[    0.000000] Dentry cache hash table entries: 131072 (order: 7, 524288 bytes)
[    0.000000] Inode-cache hash table entries: 65536 (order: 6, 262144 bytes)
[    0.000000] Initializing CPU#0
[    0.000000] Initializing HighMem for node 0 (00037bfe:0003fff0)
[    0.000000] Initializing Movable for node 0 (00000000:00000000)
[    0.000000] Memory: 1012008K/1048120K available (8013K kernel code, 777K rwdata, 3172K rodata, 948K init, 800K bss, 36112K reserved, 0K cma-reserved, 135112K highmem)
[    0.000000] virtual kernel memory layout:
[    0.000000]     fixmap  : 0xfff15000 - 0xfffff000   ( 936 kB)
[    0.000000]     pkmap   : 0xffc00000 - 0xffe00000   (2048 kB)
[    0.000000]     vmalloc : 0xf83fe000 -xfbfe000   ( 120 MB)
[    0.000000]     lowmem  : 0xc0000000 - 0xf7bfe000   ( 891 MB)
[  .000000    .int 0x1bb200 - 0xc1c9000 ( 8 kB
[  0.0000       .at: xc1d34  0xc1bb0740 (355 k)   0.000000]    tex :xc00000 -xc7d374 (013 kB)[  0.0000 Cecking if this processor honours the WP bit even in supervisor mode...Ok.
[    0.000000] SLUB: HWalign=64, Order=0-3, MinObjects=0, CPUs=2, Nodes=1
[    0.000000] Hierarchical RCU implementation.
[    0.000000] 	Build-time adjustment of leaf fanout to 32.
[    0.000000] RC rtricting CPUs from NR_CPUS=8 to nr_cpu_ids=2.
[    0.000000] RCU: Adjusting geometry for rcu_fanout_leaf=32, nr_cpu_ids=2
[    0.000000] NR_IRQS:2304 nr_irqs:440 16
[    0.000000] Console: colour VGA+ 80x25
[    0.000000] console [tty1] enabled
[    0.000000] console [ttyS0] enabled
[    0.000] allocte10857 besof pag_et
[    0.000000] tsc: Detected 3593.284 MHz processor
[    0.000000] tsc: Marking TSC unstable due to TSCs unsynchronized
[    0.012000] Calibrating delay loop (skipped) preset value.. 7186.56 BogoMIPS (lpj=14373136)
[    0.012004] pid_max: default: 32768 minimum: 301
[    0.016015] ACPI: Core revision 20150930
[    0.021039] ACPI: 2 ACPI AML tables successfully acquired and loaded
[    0.022216] Security Framework initialized
[    0.024004] Yama: becoming mindful.
[    0.024721] AppArmor: AppArmor initialized
[    0.025524] Mount-cache hash table entries: 2048 (order: 1, 8192 bytes)
[    0.026610] Mountpoint-cache hash table entries: 2048 (order: 1, 8192 bytes)
[    0.028175] Initializing cgroup subsys io
[    0.028939] Initializing cgroup subsys memory
[    0.029752] Initializing cgroup subsys devices
[    0.030574] Initializing cgroup subsys freezer
[    0.031386] Initializing cgroup subsys net_cls
[    0.032005] Initializing cgroup subsys perf_event
[    0.032846] Initializing cgroup subsys net_prio
[    0.033672] Initializing cgroup subsys hugetlb
[    0.034492] Initializing cgroup subsys pids
[    0.036030] CPU: Physical Processor ID: 0
[    0.040003] CPU: Processor Core ID: 0
[    0.040739] FEATURE SPEC_CTRL Not Present
[    0.044003] FEATURE IBPB Not Present
[    0.044718] mce: CPU supports 0 MCE banks
[    0.045500] Last level iTLB entries: 4KB 512, 2MB 1024, 4MB 512
[    0.046491] Last level dTLB entries: 4KB 1024, 2MB 1024, 4MB 512, 1GB 0
[    0.047570] Spectre V2 mitigation: LFENCE not serializing. Switching to generic retpoline
[    0.048003] Spectre V2 mitigation: Mitigation: Full generic retpoline
[    0.049054] Spectre V2 mitigation: Speculation control IBPB not-supported IBRS not-supported
[    0.050330] Spectre V2 mitigation: Filling RSB on context switch
[    0.054885] Freeing SMP alternatives memory: 28K
[    0.065515] ftrace: allocating 31465 entries in 62 pages
[    0.084111] smpboot: APIC(0) Converting physical 0 to logical package 0
[    0.088005] smpboot: Max logical packages: 1
[    0.088847] Enabling APIC mode:  Flat.  Using 1 I/O APICs
[    0.093401] ..TIMER: vector=0x30 apic1=0 pin1=2 apic2=-1 pin2=-1
[    0.100000] smpboot: CPU0: AMD PRO A10-8750B R7, 12 Compute Cores 4C+8G (family: 0x15, model: 0x38, stepping: 0x1)
[    0.101581] Performance Events: Broken PMU hardware detected, using software events only.
[    0.104002] Failed to access perfctr msr (MSR c0010007 is 0)
[    0.105011] KVM setup paravirtual spinlock
[    0.108990] x86: Booting SMP configuration:
[    0.112003] .... node  #0, CPUs:      #1
[    0.008000] Initializing CPU#1
[    0.012000] kvm-clock: cpu 1, msr 0:37bfd041, secondary cpu clock
[    0.012000] mce: CPU supports 0 MCE banks
[    0.119144] x86: Booted up 1 node, 2 CPUs
[    0.120003] smpboot: Total of 2 processors activated (14373.13 BogoMIPS)
[    0.121718] devtmpfs: initialized
[    0.122745] evm: security.selinux
[    0.124027] evm: security.SMACK64
[    0.124724] evm: security.SMACK64EXEC
[    0.125448] evm: security.SMACK64TRANSMUTE
[    0.128002] evm: security.SMACK64MMAP
[    0.128727] evm: security.ima
[    0.129367] evm: security.capability
[    0.130222] clocksource: jiffies: mask: 0xffffffff max_cycles: 0xffffffff, max_idle_ns: 7645041785100000 ns
[    0.132023] futex hash table entries: 512 (order: 3, 32768 bytes)
[    0.133138] pinctrl core: initialized pinctrl subsystem
[    0.134175] RTC time:  0:26:48, date: 04/07/18
[    0.135161] NET: Registered protocol family 16
[    0.136171] EISA bus registered
[    0.148031] cpuidle: using governor ladder
[    0.164035] cpuidle: using governor menu
[    0.168060] PCCT header not found.
[    0.172341] ACPI: bus type PCI registered
[    0.176009] acpiphp: ACPI Hot Plug PCI Controller Driver version: 0.5
[    0.180376] PCI : PCI BIOS area is rw and x. Use pci=nobios if you want it NX.
[    0.184011] PCI: PCI BIOS revision 2.10 entry at 0xfda26, last bus=0
[    0.188005] PCI: Using configuration type 1 for base access
[    0.192005] PCI: Using configuration type 1 for extended access
[    0.208273] ACPI: Added _OSI(Module Device)
[    0.252040] ACPI: Added _OSI(Processor Device)
[    0.344016] ACPI: Added _OSI(3.0 _SCP Extensions)
[    0.356006] ACPI: Added _OSI(Processor Aggregator Device)
[    0.520728] ACPI: Executed 1 blocks of module-level executable AML code
[    0.686503] ACPI: Interpreter enabled
[    0.816044] ACPI: (supports S0 S5)
[    0.880015] ACPI: Using IOAPIC for interrupt routing
[    1.008244] PCI: Using host bridge windows from ACPI; if necessary, use "pci=nocrs" and report a bug
[    1.230568] ACPI: PCI Root Bridge [PCI0] (domain 0000 [bus 00-ff])
[    1.480019] acpi PNP0A03:00: _OSC: OS supports [ExtendedConfig ASPM ClockPM Segments MSI]
[    1.516012] acpi PNP0A03:00: _OSC failed (AE_NOT_FOUND); disabling ASPM
[    1.516216] PCI host bridge to bus 0000:00
[    1.518605] pci_bus 0000:00: root bus resource [io  0x0000-0x0cf7 window]
[    1.524004] pci_bus 0000:00: root bus resource [io  0x0d00-0xffff window]
[    1.528003] pci_bus 0000:00: root bus resource [mem 0x000a0000-0x000bffff window]
[    1.528003] pci_bus 0000:00: root bus resource [mem 0x40000000-0xffdfffff window]
[    1.536003] pci_bus 0000:00: root bus resource [bus 00-ff]
[    1.540950] pci 0000:00:01.1: legacy IDE quirk: reg 0x10: [io  0x01f0-0x01f7]
[    1.542109] pci 0000:00:01.1: legacy IDE quirk: reg 0x14: [io  0x03f6]
[    1.548003] pci 0000:00:01.1: legacy IDE quirk: reg 0x18: [io  0x0170-0x0177]
[    1.576003] pci 0000:00:01.1: legacy IDE quirk: reg 0x1c: [io  0x0376]
[    1.692030] ACPI: PCI Interrupt Link [LNKA] (IRQs 5 9 10 11) *0, disabled.
[    1.796273] ACPI: PCI Interrupt Link [LNKB] (IRQs 5 9 10 *11)
[    1.868788] ACPI: PCI Interrupt Link [LNKC] (IRQs 5 9 *10 11)
[    1.880852] ACPI: PCI Interrupt Link [LNKD] (IRQs 5 *9 10 11)
[    1.880868] ACPI: Enabled 2 GPEs in block 00 to 07
[    1.884064] vgaarb: setting as boot device: PCI:0000:00:02.0
[    1.885014] vgaarb: device added: PCI:0000:00:02.0,decodes=io+mem,owns=io+mem,locks=none
[    1.886555] vgaarb: loaded
[    1.908016] vgaarb: bridge control possible 0000:00:02.0
[    2.088369] SCSI subsystem initialized
[    2.224095] ACPI: bus type USB registered
[    2.364045] usbcore: registered new interface driver usbfs
[    2.576053] usbcore: registered new interface driver hub
[    2.744086] usbcore: registered new device driver usb
[    2.864176] PCI: Using ACPI for IRQ routing
[    3.004282] NetLabel: Initializing
[    3.128003] NetLabel:  domain hash size = 128
[    3.284008] NetLabel:  protocols = UNLABELED CIPSOv4
[    3.464019] NetLabel:  unlabeled traffic allowed by default
[    3.660101] amd_nb: Cannot enumerate AMD northbridges
[    3.808092] clocksource: Switched to clocksource kvm-clock
[    3.986908] AppArmor: AppArmor Filesystem Enabled
[    4.139418] pnp: PnP ACPI init
[    4.236191] pnp: PnP ACPI: found 3 devices
[    4.371645] PnPBIOS: Disabled by ACPI PNP
[    4.545673] clocksource: acpi_pm: mask: 0xffffff max_cycles: 0xffffff, max_idle_ns: 2085701024 ns
[    4.665005] NET: Registered protocol family 2
[    4.668160] TCP established hash table entries: 8192 (order: 3, 32768 bytes)
[    4.670439] TCP bind hash table entries: 8192 (order: 4, 65536 bytes)
[    4.672624] TCP: Hash tables configured (established 8192 bind 8192)
[    4.673709] UDP hash table entries: 512 (order: 2, 16384 bytes)
[    4.685393] UDP-Lite hash table entries: 512 (order: 2, 16384 bytes)
[    4.693927] NET: Registered protocol family 1
[    4.695847] pci 0000:00:00.0: Limiting direct PCI/PCI transfers
[    4.698121] pci 0000:00:01.0: Activating ISA DMA hang workarounds
[    4.700416] Unpacking initramfs...
[    6.515744] Freeing initrd memory: 10852K
[    6.543960] clocksource: tsc: mask: 0xffffffffffffffff max_cycles: 0x33cb8af5b44, max_idle_ns: 440795255642 ns
[    6.544196] platform rtc_cmos: registered platform RTC device (no PNP device found)
[    6.544239] Scanning for low memory corruption every 60 seconds
[    6.544644] audit: initializing netlink subsys (disabled)
[    6.544666] audit: type=2000 audit(1523060815.858:1): initialized
[    6.544939] Initialise system trusted keyring
[    6.545054] HugeTLB registered 2 MB page size, pre-allocated 0 pages
[    6.546877] zbud: loaded
[    6.547027] VFS: Disk quotas dquot_6.6.0
[    6.547074] VFS: Dquot-cache hash table entries: 1024 (order 0, 4096 bytes)
[    6.547335] squashfs: version 4.0 (2009/01/31) Phillip Lougher
[    6.547608] fuse init (API version 7.23)
[    6.547766] Key type big_key registered
[    6.547796] Allocating IMA MOK and blacklist keyrings.
[    6.548148] Key type asymmetric registered
[    6.548154] Asymmetric key parser 'x509' registered
[    6.548168] bounce: pool size: 64 pages
[    6.548209] Block layer SCSI generic (bsg) driver version 0.4 loaded (major 249)
[    6.548233] io scheduler noop registered
[    6.548235] io scheduler deadline registered (default)
[    6.548275] io scheduler cfq registered
[    6.548408] pci_hotplug: PCI Hot Plug PCI Core version: 0.5
[    6.548415] pciehp: PCI Express Hot Plug Controller Driver version: 0.4
[    6.548564] ACPI: AC Adapter [AC] (on-line)
[    6.548636] input: Power Button as /devices/LNXSYSTM:00/LNXPWRBN:00/input/input0
[    6.548639] ACPI: Power Button [PWRF]
[    6.548701] input: Sleep Button as /devices/LNXSYSTM:00/LNXSLPBN:00/input/input1
[    6.548703] ACPI: Sleep Button [SLPF]
[    6.548847] GHES: HEST is not enabled!
[    6.548953] isapnp: Scanning for PnP cards...
[    6.554523] Serial: 8250/16550 driver, 32 ports, IRQ sharing enabled
[    6.815924] 00:02: ttyS0 at I/O 0x3f8 (irq = 4, base_baud = 115200) is a 16550A
[    7.142023] Linux agpgart interface v0.103
[    7.208490] isapnp: No Plug & Play device found
[    7.209715] loop: module loaded
[    7.210403] scsi host0: ata_piix
[    7.210481] scsi host1: ata_piix
[    7.210526] ata1: PATA max UDMA/33 cmd 0x1f0 ctl 0x3f6 bmdma 0xd000 irq 14
[    7.210527] ata2: PATA max UDMA/33 cmd 0x170 ctl 0x376 bmdma 0xd008 irq 15
[    7.210628] libphy: Fixed MDIO Bus: probed
[    7.210631] tun: Universal TUN/TAP device driver, 1.6
[    7.210632] tun: (C) 1999-2004 Max Krasnyansky <maxk@qualcomm.com>
[    7.210966] PPP generic driver version 2.4.2
[    7.211051] ehci_hcd: USB 2.0 'Enhanced' Host Controller (EHCI) Driver
[    7.211055] ehci-pci: EHCI PCI platform driver
[    7.211071] ehci-platform: EHCI generic platform driver
[    7.211080] ohci_hcd: USB 1.1 'Open' Host Controller (OHCI) Driver
[    7.211083] ohci-pci: OHCI PCI platform driver
[    7.211093] ohci-platform: OHCI generic platform driver
[    7.211107] uhci_hcd: USB Universal Host Controller Interface driver
[    7.211182] i8042: PNP: PS/2 Controller [PNP0303:PS2K,PNP0f03:PS2M] at 0x60,0x64 irq 1,12
[    7.211743] serio: i8042 KBD port at 0x60,0x64 irq 1
[    7.211748] serio: i8042 AUX port at 0x60,0x64 irq 12
[    7.211879] mousedev: PS/2 mouse device common for all mice
[    7.212295] input: AT Translated Set 2 keyboard as /devices/platform/i8042/serio0/input/input2
[    7.212651] rtc_cmos rtc_cmos: rtc core: registered rtc_cmos as rtc0
[    7.212724] rtc_cmos rtc_cmos: alarms up to one day, 114 bytes nvram
[    7.212730] i2c /dev entries driver
[    7.212798] device-mapper: uevent: version 1.0.3
[    7.212865] device-mapper: ioctl: 4.34.0-ioctl (2015-10-28) initialised: dm-devel@redhat.com
[    7.212893] platform eisa.0: Probing EISA bus 0
[    7.212896] platform eisa.0: EISA: Cannot allocate resource for mainboard
[    7.212897] platform eisa.0: Cannot allocate resource for EISA slot 1
[    7.212898] platform eisa.0: Cannot allocate resource for EISA slot 2
[    7.212900] platform eisa.0: Cannot allocate resource for EISA slot 3
[    7.212901] platform eisa.0: Cannot allocate resource for EISA slot 4
[    7.212902] platform eisa.0: Cannot allocate resource for EISA slot 5
[    7.212903] platform eisa.0: Cannot allocate resource for EISA slot 6
[    7.212904] platform eisa.0: Cannot allocate resource for EISA slot 7
[    7.212905] platform eisa.0: Cannot allocate resource for EISA slot 8
[    7.212907] platform eisa.0: EISA: Detected 0 cards
[    7.212927] cpufreq-nforce2: No nForce2 chipset.
[    7.212942] ledtrig-cpu: registered to indicate activity on CPUs
[    7.213232] NET: Registered protocol family 10
[    7.213681] NET: Registered protocol family 17
[    7.213693] Key type dns_resolver registered
[    7.213864] Using IPI No-Shortcut mode
[    7.214022] registered taskstats version 1
[    7.214043] Loading compiled-in X.509 certificates
[    7.216588] Loaded X.509 cert 'Build time autogenerated kernel key: cd25daf5f2c6791a52e12acbf66969414c24a779'
[    7.216613] zswap: loaded using pool lzo/zbud
[    7.218456] Key type trusted registered
[    7.221313] Key type encrypted registered
[    7.221317] AppArmor: AppArmor sha1 policy hashing enabled
[    7.221325] ima: No TPM chip found, activating TPM-bypass!
[    7.221348] evm: HMAC attrs: 0x1
[    7.221565]   Magic number: 14:881:404
[    7.234012] rtc_cmos rtc_cmos: setting system clock to 2018-04-07 00:26:55 UTC (1523060815)
[    7.234161] BIOS EDD facility v0.16 2004-Jun-25, 0 devices found
[    7.234161] EDD information not available.
[    7.591625] Freeing unused kernel memory: 948K
[    7.593599] Write protecting the kernel text: 8016k
[    7.595493] Write protecting the kernel read-only data: 3176k
[    7.651158] NX-protecting the kernel data: 6320k
Loading, please [    7.689234] random: systemd-udevd: uninitialized urandom read (16 bytes read, 1 bits of entropy available)
wait...
startin[    7.690362] random: udevadm: uninitialized urandom read (16 bytes read, 1 bits of entropy available)
g version 229
[    7.705627] random: udevadm: uninitialized urandom read (16 bytes read, 1 bits of entropy available)
[    7.705691] random: udevadm: uninitialized urandom read (16 bytes read, 1 bits of entropy available)
[    7.705880] random: udevadm: uninitialized urandom read (16 bytes read, 1 bits of entropy available)
[    7.705948] random: udevadm: uninitialized urandom read (16 bytes read, 1 bits of entropy available)
[    7.706090] random: udevadm: uninitialized urandom read (16 bytes read, 1 bits of entropy available)
[    7.706168] random: udevadm: uninitialized urandom read (16 bytes read, 1 bits of entropy available)
[    7.706233] random: udevadm: uninitialized urandom read (16 bytes read, 1 bits of entropy available)
[    7.706298] random: udevadm: uninitialized urandom read (16 bytes read, 1 bits of entropy available)
[    7.951663] e1000: Intel(R) PRO/1000 Network Driver - version 7.3.21-k8-NAPI
[    7.959339] e1000: Copyright (c) 1999-2006 Intel Corporation.
[    7.972420] Fusion MPT base driver 3.04.20
[    7.978859] Copyright (c) 1999-2008 LSI Corporation
[    8.024765] Fusion MPT SPI Host driver 3.04.20
[    8.193304] input: ImExPS/2 Generic Explorer Mouse as /devices/platform/i8042/serio1/input/input4
[    8.349197] e1000 0000:00:03.0 eth0: (PCI:33MHz:32-bit) 02:43:fb:3a:dc:1d
[    8.357133] e1000 0000:00:03.0 eth0: Intel(R) PRO/1000 Network Connection
[    8.359588] mptbase: ioc0: Initiating bringup
[    8.360415] e1000 0000:00:03.0 enp0s3: renamed from eth0
[    8.623008] ioc0: LSI53C1030 A0: Capabilities={Initiator}
[    9.180637] scsi host2: ioc0: LSI53C1030 A0, FwRev=00000000h, Ports=1, MaxQ=256, IRQ=20
[   10.267601] scsi 2:0:0:0: Direct-Access     VBOX     HARDDISK         1.0  PQ: 0 ANSI: 5
[   10.417630] scsi target2:0:0: Beginning Domain Validation
[   10.423064] scsi target2:0:0: Domain Validation skipping write tests
[   10.433190] scsi target2:0:0: Ending Domain Validation
[   10.434219] scsi target2:0:0: asynchronous
[   10.786599] scsi 2:0:1:0: Direct-Access     VBOX     HARDDISK         1.0  PQ: 0 ANSI: 5
[   10.789628] scsi target2:0:1: Beginning Domain Validation
[   10.792639] scsi target2:0:1: Domain Validation skipping write tests
[   11.035703] scsi target2:0:1: Ending Domain Validation
[   11.035895] floppy0: no floppy controllers found
[   11.035986] work still pending
[   11.125873] scsi target2:0:1: asynchronous
[   11.139493] sd 2:0:0:0: [sda] 20971520 512-byte logical blocks: (10.7 GB/10.0 GiB)
[   11.295042] sd 2:0:0:0: Attached scsi generic sg0 type 0
[   11.457013] sd 2:0:1:0: [sdb] 20480 512-byte logical blocks: (10.5 MB/10.0 MiB)
[   11.464235] sd 2:0:1:0: Attached scsi generic sg1 type 0
[   11.522244] sd 2:0:0:0: [sda] Write Protect is off
[   11.525439] sd 2:0:0:0: [sda] Incomplete mode parameter data
[   11.731839] sd 2:0:0:0: [sda] Assuming drive cache: write through
[   11.732568] sd 2:0:1:0: [sdb] Write Protect is off
[   11.732691] sd 2:0:1:0: [sdb] Incomplete mode parameter data
[   11.732693] sd 2:0:1:0: [sdb] Assuming drive cache: write through
[   11.759972] sd 2:0:1:0: [sdb] Attached SCSI disk
[   12.595765]  sda: sda1
[   12.622210] sd 2:0:0:0: [sda] Attached SCSI disk
Begin: Loading e[   14.252625] md: linear personality registered for level -1
ssential drivers ... [   14.397923] md: multipath personality registered for level -4
[   14.474471] md: raid0 personality registered for level 0
[   14.488624] md: raid1 personality registered for level 1
[   14.620063] raid6: mmxx1    gen()  3471 MB/s
[   14.696065] raid6: mmxx2    gen()  5680 MB/s
[   14.816067] raid6: sse1x1   gen()  3394 MB/s
[   14.892109] raid6: sse1x2   gen()  5254 MB/s
[   14.964241] raid6: sse2x1   gen()  7077 MB/s
[   15.036117] raid6: sse2x1   xor()  4565 MB/s
[   15.108221] raid6: sse2x2   gen() 10013 MB/s
[   15.212186] raid6: sse2x2   xor()  6601 MB/s
[   15.220962] raid6: using algorithm sse2x2 gen() 10013 MB/s
[   15.225415] raid6: .... xor() 6601 MB/s, rmw enabled
[   15.226326] raid6: using ssse3x1 recovery algorithm
[   15.240309] xor: automatically using best checksumming function:
[   15.512143]    avx       : 10345.000 MB/sec
[   15.651265] async_tx: api initialized (async)
[   15.790602] md: raid6 personality registered for level 6
[   15.894814] md: raid5 personality registered for level 5
[   15.904031] md: raid4 personality registered for level 4
[   15.923518] md: raid10 personality registered for level 10
done.
Begin: Running /scripts/init-premount ... done.
Begin: Mounting root file system ... Begin: Running /scripts/local-top ... done.
Begin: Running /scripts/local-premount ... [   15.997641] Btrfs loaded
Scanning for Btrfs filesystems
done.
Warning: fsck not present, so skipping root file system
[   16.076135] EXT4-fs (sda1): mounted filesystem with ordered data mode. Opts: (null)
done.
Begin: Running /scripts/local-bottom ... done.
Begin: Running /scripts/init-bottom ... done.
[   16.528799] systemd[1]: systemd 229 running in system mode. (+PAM +AUDIT +SELINUX +IMA +APPARMOR +SMACK +SYSVINIT +UTMP +LIBCRYPTSETUP +GCRYPT +GNUTLS +ACL +XZ -LZ4 +SECCOMP +BLKID +ELFUTILS +KMOD -IDN)
[   16.538752] systemd[1]: Detected virtualization oracle.
[   16.540831] systemd[1]: Detected architecture x86.

Welcome to [1mUbuntu 16.04.4 LTS[0m!

[  16.603652] systemd[1]: Set hostname to <ubuntu>.
[ 1666792] systemd[1]: Initializing machine ID from random generator.
[   16.807752] systemd[1]: Installed transient /etc/machine-id file.
[   17.322826] random: nonblocking pool is initialized
[   17.594492] systemd[1]: Reached target Swap.
[[0;32m  OK  [0m] Reached target Swap.
[   17.65] stem1] Listening on LVM2 metadata daemon socket.
[[0;32m  OK  [0m] Listening on LVM2 metadata daemon socket.
[  1.9280] systemd[1]: Listening on Journal Socket.
[[0;32m  OK  [0m] Listening on Journal Socket.
[  1.004] ysmd]:isni on oualSocket (/dv/g)

[[0;32m  OK  [0m] Listening on Journal Socket (/dev/log).
[   18.323]syemd[1]: Reached target Encrypted Volumes.
[[0;32m  OK  [0m] Reached target Encrypted Volumes.
[   18.843867] systemd[1]: Listening on Device-mapper event daemon FIFOs.
[[0;32m  OK  [0m] Listening on Device-mapper event daemon FIFOs.
[ 18124]ysmd]:taedriereslvnf update for networkd DNS.
[[0;32m  OK  [0m] Started Trigger resolvconf update for networkd DNS.
[ 1944594] systmd]:tated Forward Password Requests to Wall Directory Watch.
[[0;32m  OK  [0m] Started Forward Password Requests to Wall Directory Watch.
[ 19806]ysmd[1 S uaumot biar Exetae le Fma Fe Syste Aomntoi.
[[0;32m  OK  [0m] Set up automount Arbitrary Executab...ats File System Automount Point.
[ 21845]ysmd]:isning oSylo Sckt.
[[0;32m  OK  [0m] Listening on Syslog Socket.
[ 2184741] systemd[1]: Listening on udev KneSoet

[[0;32m  OK  [0m] Listening on udev Kernel Socket.
[ 22131]ysmd]:reedli System Slice.
[[0;32m  OK  [0m] Created slice System Slice.
[   22.540475] systemd[1]: Mounting Huge Pages File System...
         Mounting Huge Pages File System...
[   22.617042] systemd[1]: Starting Set console keymap...
         Starting Set console keymap...
[   22.745242] systemd[1]: Mounting POSIX Message Queue File System...
         Mounting POSIX Message Queue File System...
[   22.840205] systemd[1]: Mounting Debug File System...
         Mounting Debug File System...
[   22.969689] systemd[1]: Created slice system-serial\x2dgetty.slice.
[[0;32m  OK  [0m] Created slice system-serial\x2dgetty.slice.
[   23.000987] systemd[1]: Starting Uncomplicated firewall...
         Starting Uncomplicated firewall...
[   23.009454] systemd[1]: Starting Remount Root and Kernel File Systems...
         Startin[   23.032570] EXT4-fs (sda1): re-mounted. Opts: (null)
g Remount Root and Kernel File Systems...
[   23.043980] systemd[1]: Starting Load Kernel Modules...
         Starting Load Kernel Modules...
[   23.093608] Loading iSCSI transport class v2.0-870.
[   23.220279] systemd[1]: Starting Monitoring of LVM2 mirrors, snapshots etc. using dmeventd or progress polling...
         Starting Monitoring of [   23.426717] iscsi: registered transport (tcp)
LVM2 mirrors... dmeventd or progress polling...
[   23.466193] systemd[1]: Listening on Journal Audit Socket.
[[0;32m  OK  [0m] Listening on Journal Audit Socket.
[   23.544916] systemd[1]: Created slice User and Session Slice.
[[0;32m  OK  [0m] Created slice User and Session Slice.
[   23.615944] iscsi: registered transport (iser)
[   23.692904] systemd[1]: Reached target Slices.
[[0;32m  OK  [0m] Reached target Slices.
[   23.744537] systemd[1]: Starting Create list of required static device nodes for the current kernel...
         Starting Create list of required st... nodes for the current kernel...
[   23.789848] systemd[1]: Listening on udev Control Socket.
[[0;32m  OK  [0m] Listening on udev Control Socket.
[   23.797877] systemd[1]: Reached target System Time Synchronized.
[[0;32m  OK  [0m] Reached target System Time Synchronized.
[   23.812576] systemd[1]: Listening on LVM2 poll daemon socket.
[[0;32m  OK  [0m] Listening on LVM2 poll daemon socket.
[   23.840562] systemd[1]: Starting Nameserver information manager...
         Starting Nameserver information manager...
[   24.034772] systemd[1]: Starting Journal Service...
         Starting Journal Service...
[   24.150758] systemd[1]: Reached target User and Group Name Lookups.
[[0;32m  OK  [0m] Reached target User and Group Name Lookups.
[   24.283912] systemd[1]: Listening on /de/itcl Compatibility Named Pipe.
[[0;32m  OK  [0m] Listening on /dev/initctl Compatibility Named Pipe.
[   24.434565] systemd[1]: Mounted POSIX Message Queue File System.
[[0;32m  OK  [0m] Mounted POSIX Message Queue File System.
[   24.457140] systemd[1]: Mounted Debug File System.
[[0;32m  OK  [0m] Mounted Debug File System.
[   4.64] syte[1]: outed Huge PgeFi Ste
[[0;32m  OK  [0m] Mounted Huge Pages File System.
[ 25682]ysmd]:tart Jrnal Svi.
[[0;32m  OK  [0m] Started Journal Service.
[[0;32m  OK  [0m] Started Set console keymap.
[[0;32m  OK  [0m] Started Uncomplicated firewall.
[[0;32m  OK  [0m] Started Remount Root and Kernel File Systems.
[[0;32m  OK  [0m] Started Load Kernel Modules.
[[0;32m  OK  [0m] Started Create list of required sta...ce nodes for the current kernel.
[[0;32m  OK  [0m] Started Nameserver information manager.
[[0;32m  OK  [0m] Started LVM2 metadata daemon.
         Starting Create Static Device Nodes in /dev...
         Mounting FUSE Control File System...
         Starting Apply Kernel Variables...
         Starting Initial cloud-init job (pre-networking)...
         Starting udev Coldplug all Devices...
         Starting Load/Save Random Seed...
         Starting Flush Journal to Persistent Storage...
[[0;32m  OK  [0m] Mounted FUSE Control File System.
[[0;32m  OK  [0m] Started Create Static Device Nodes in /dev.
[[0;32m  OK  [0m] Started Apply Kernel Variables.
[[0;32m  OK  [0m] Started Load/Save Random Seed.
[[0;32m  OK  [0m] Started udev Coldplug all Devices.
         Starting udev Kernel Device Manager...
[[0;32m  OK  [0m] Started Flush Journal to Persistent Storage.
[[0;32m  OK  [0m] Started udev Kernel Device Manager.
[[0;32m  OK  [0m] Started Dispatch Password Requests to Console Directory Watch.
[[0;32m  OK  [0m] Started Monitoring of LVM2 mirrors,...ng dmeventd or progress polling.
[[0;32m  OK  [0m] Reached target Local File Systems (Pre).
[[0;32m  OK  [0m] Reached target Local File Systems.
         Starting Commit a transient machine-id on disk...
         Starting Set console font and keymap...
         Starting Create Volatile Files and Directories...
         Starting LSB: AppArmor initialization...
         Starting Tell Plymouth To Write Out Runtime Data...
[[0;32m  OK  [0m] Started Commit a transient machine-id on disk.
[[0;32m  OK  [0m] Started Create Volatile Files and Directories.
[[0;32m  OK  [0m] Started Tell Plymouth To Write Out Runtime Data.
[[0;32m  OK  [0m] Found device /dev/ttyS0.
[[0;32m  OK  [0m] Listening on Load/Save RF Kill Switch Status /dev/rfkill Watch.
         Starting Update UTMP about System Boot/Shutdown...
[[0;32m  OK  [0m] Started Set console font and keymap.
[[0;32m  OK  [0m] Created slice system-getty.slice.
[[0;32m  OK  [0m] Started Update UTMP about System Boot/Shutdown.
[[0;32m  OK  [0m] Started LSB: AppArmor initialization.
[   29.175758] cloud-init[464]: Cloud-init v. 17.2 running 'init-local' at Sat, 07 Apr 2018 00:27:16 +0000. Up 28.66 seconds.
[[0;32m  OK  [0m] Started Initial cloud-init job (pre-networking).
[[0;32m  OK  [0m] Reached target Network (Pre).
         Starting Raise network interfaces...
[[0;32m  OK  [0m] Started Raise network interfaces.
         Starting Initial cloud-init job (metadata service crawler)...
[[0;32m  OK  [0m] Reached target Network.
[   32.301735] cloud-init[939]: Cloud-init v. 17.2 running 'init' at Sat, 07 Apr 2018 00:27:18 +0000. Up 30.48 seconds.
[   32.416718] cloud-init[939]: ci-info: +++++++++++++++++++++++++++++++++++++Net device info++++++++++++++++++++++++++++++++++++++
[[0;32m  OK  [0m] Started Initial cloud-init job (metadata service crawler).
[   32.417032] cloud-init[939]: ci-info: +--------+------+----------------------------+---------------+-------+-------------------+
[   32.504431] cloud-init[939]: ci-info: | Device |  Up  |          Address           |      Mask     | Scope |     Hw-Address    |
[   32.504682] cloud-init[939]: ci-info: +--------+------+----------------------------+---------------+-------+-------------------+
[[0;32m  OK  [0m] Reached target System Initialization.
[   32.504839] cloud-init[939]: ci-info: | enp0s3 | True |         10.0.2.15          | 255.255.255.0 |   .   | 02:43:fb:3a:dc:1d |
[[0;32m  OK  [0m] Listening on UUID daemon activation socket.
[   32.698211] cloud-init[939]: ci-info: | enp0s3 | True | fe80::43:fbff:fe3a:dc1d/64 |       .       |  link | 02:43:fb:3a:dc:1d |
[   33.040814] cloud-init[939]: ci-info: |   lo   | True |         127.0.0.1          |   255.0.0.0   |   .   |         .         |
[[   33.041467] [0;32m  OK  [0mcloud-init] [939]: Started ACPI Events Check.ci-info: |   lo   | True |          ::1/128           |       .       |  host |         .         |

[[   33.041648] cloud-init[939]: ci-info: +--------+------+----------------------------+---------------+-------+-------------------+
[0;32m  OK  [0m] Reached target Paths.
[[   33.334142] cloud-init[939]: ci-info: +++++++++++++++++++++++++++Route IPv4 info++++++++++++++++++++++++++++
[0;32m  OK  [0m] Started Daily Cleanup of Temporary Directories.
[[   33.410153] cloud-init[939]: ci-info: +-------+-------------+----------+---------------+-----------+-------+
[0;32m  OK  [0m[   33.537041] ] cloud-initListening on D-Bus System Message Bus Socket.[939]: 
ci-info: | Route | Destination | Gateway  |    Genmask    | Interface | Flags |
[   33.537162] cloud-init[939]: ci-info: +-------+-------------+----------+---------------+-----------+-------+
[   33.904596] cloud-init[939]: ci-info: |   0   |   0.0.0.0   | 10.0.2.2 |    0.0.0.0    |   enp0s3  |   UG  |
[   33.905256] cloud-init[939]: ci-info: |   1   |   10.0.2.0  | 0.0.0.0  | 255.255.255.0 |   enp0s3  |   U   |
         Starting LXD - unix socket.
[[   33.905540] cloud-init[939]: ci-info: +-------+-------------+----------+---------------+-----------+-------+
[0;32m  OK  [0m] Started Daily apt download activities.
[[   34.050001] cloud-init[939]: Generating public/private rsa key pair.
[0;32m  OK  [0m] Started Daily apt upgrade and clean activities.
[[   34.222139] cloud-init[939]: Your identification has been saved in /etc/ssh/ssh_host_rsa_key.
[0;32m  OK  [0m] Started Timer to automatically refresh installed snaps.
[[   34.306107] cloud-init[939]: Your public key has been saved in /etc/ssh/ssh_host_rsa_key.pub.
[0;32m  OK  [0m] Reached target Timers.
         Starting Socket activation for snappy daemon.
[   34.502156] cloud-init[939]: The key fingerprint is:
[[   34.744931] cloud-init[939]: SHA256:FlvZ5Q+GEmHSP+3wz4FKLnAnIgwyGHIVQNcm3CT+xao root@ubuntu-xenial
[   34.745780] cloud-init[939]: The key's randomart image is:
[0;32m  OK  [0m] Listening on ACPID Listen Socket.
[[   34.746110] cloud-init[939]: +---[RSA 2048]----+
[0;32m  OK  [0m] Reached target Cloud-config availability.
[[   34.949991] cloud-init[939]: | .o+==. ..+.  .  |
[   34.989765] cloud-init[939]: |o .oo.+. o.+ +   |
[0;32m  OK  [0m] Reached target Network is Online.
[   34.989997] cloud-init[939]: |oo  .o  + +.o.+  |
[   35.008959] cloud-init[939]: |.o . . o + .+..o |
[   35.029140]          cloud-initStarting iSCSI initiator daemon (iscsid)...[939]: 
|  o o o S    =. .|
[   35.029771] cloud-init[939]: |     + + o o .o. |
[   35.126802] [cloud-init[0;32m  OK  [0m[939]: ] |    E . + = .  o.|Listening on LXD - unix socket.

[[0;32m  OK  [0m] Listening on Socket activation for snappy daemon.
[   35.127563] cloud-init[939]: |         . o    o|
[   35.171770] cloud-init[939]: |          .      |
[   35.181024] cloud-init[939]: +----[SHA256]-----+
[   35.208510] [cloud-init[0;32m  OK  [0m[939]: ] Generating public/private dsa key pair.Started iSCSI initiator daemon (iscsid).

[   35.208999] cloud-init[939]: Your identification has been saved in /etc/ssh/ssh_host_dsa_key.
[   35.258207] cloud-init[939]: Your public key has been saved in /etc/ssh/ssh_host_dsa_key.pub.
[   35.270661] cloud-init[939]: The key fingerprint is:
[   35.288545] cloud-init[939]: SHA256:KzwzlX7zYDFQ0VlWd82uNSfjh2cJGUdoEwFV8yi+5qg root@ubuntu-xenial
[   35.288848] cloud-init[939]: The key's randomart image is:
         Starting Login to default iSCSI targets...
[   35.289002] cloud-init[939]: +---[DSA 1024]----+
[[   35.354316] [0;32m  OK  [0mcloud-init] [939]: Reached target Sockets.|          o+o*O*=|

[   35.393813] cloud-init[939]: |         .  o* oB|
[   35.394476] cloud-init[939]: |        .   o *..|[
[0;32m  OK  [0m] Reached target Basic System.
[   35.394669] cloud-init[939]: |         o . +o.+|
[   35.461753] cloud-init[939]: |        S o ...*+|
[   35.465118] cloud-init[939]: |     . o . o .+.+|
[   35.465507] cloud-init[939]: |      * o = o  + |
[[0;32m  OK  [0m] Started Deferred execution scheduler.
[   35.465982] cloud-init[939]: |       = o B     |
[   35.493000] cloud-init[939]: |        E.. o    |
[   35.493238] cloud-init[939]: +----[SHA256]-----+
         Starting /etc/rc.local Compatibility...
[   35.493360] cloud-init[939]: Generating public/private ecdsa key pair.
[   35.543958] cloud-init[939]: Your identification has been saved in /etc/ssh/ssh_host_ecdsa_key.
[   35.544500] cloud-init[939]: Your public key has been saved in /etc/ssh/ssh_host_ecdsa_key.pub.
         Starting Login Service...
[   35.544702] cloud-init[939]: The key fingerprint is:
[   35.608740]          cloud-initStarting System Logging Service...[939]: 
SHA256:qu1we3M70wYw6U7JX+qDrezcT9gGoFRbZWwxLaJj19I root@ubuntu-xenial
         Starting Apply the settings specified in cloud-config...
[   35.714443] cloud-init[939]: The key's randomart image is:
         Starting Virtualbox guest utils...
[   35.838862] cloud-init[939]: +---[ECDSA 256]---+
         Starting LSB: MD monitoring daemon...
[   35.926991] cloud-init[939]: |        . .o=o   |
[   36.028402] [cloud-init[0;32m  OK  [0m[939]: ] |       . o..+..  |Started D-Bus System Message Bus.

[   36.028783] cloud-init[939]: |      . oo = .   |
         Starting LSB: Record successful boot for GRUB...
[   36.170459] cloud-init[939]: |     . .B.o E    |
[   36.180623] cloud-init[939]: |      .+S*..     |
[   36.183896] cloud-init[939]: |       .= .+.    |
[   36.199235] cloud-init[939]: |    . oo +.=+    |
[   36.199460] cloud-init[939]: |     = +=.Ooo    |
         Starting Accounts Service...
[[0;32m  OK  [0m] Started Unattended Upgrades Shutdown.
[   36.199586] cloud-init[939]: |    ..+o==+B.    |
[   36.249362] cloud-init[939]: +----[SHA256]-----+
[[0;32m  OK  [0m] Started Regular background program processing daemon.
[   36.279209] cloud-init[939]: Generating public/private ed25519 key pair.
[   36.321501] cloud-init[939]: Your identification has been saved in /etc/ssh/ssh_host_ed25519_key.
[   36.321900] cloud-init[939]: Your public key has been saved in /etc/ssh/ssh_host_ed25519_key.pub.
         Starting Pollinate to seed the pseudo random number generator...
[   36.322122] cloud-init[939]: The key fingerprint is:
[   36.357735] cloud-init[939]: SHA256:xJwyDYy0XkTulDmcZIZrja7EckUM7H/kX15ScM81o1U root@ubuntu-xenial
[   36.364380] cloud-init[939]: The key's randomart image is:
[   36.369110] cloud-init[939]: +--[ED25519 256]--+
[   36.372778] cloud-init[939]: | ..+.=B         E|
[   36.378987] cloud-init[939]: |  . =O.O .. .  +.|
[   36.380359] cloud-init[939]: | . ..+% *  o oo.o|
[   36.382753] cloud-init[939]: |  ..=+o=    ..o  |
[   36.386346] cloud-init[939]: | . =.o. S  .     |
         Starting Snappy daemon...
[[0;32m  OK  [0m] Started FUSE filesystem for LXC.
[   36.395969] cloud-init[939]: |. + o o   o .    |
[[0;32m  OK  [0m] Started ACPI event daemon.
[   36.422683] cloud-init[939]: | + . . . o o     |
[   36.454870]          cloud-initStarting LXD - container startup/shutdown...[939]: 
|  .     . .      |
[[0;32m  OK  [0m] Started System Logging Service.
[   36.468664] cloud-init[939]: |                 |
[[0;32m  OK  [0m] Started /etc/rc.local Compatibility.
[   36.563261] cloud-init[939]: +----[SHA256]-----+
[   36.624930] cloud-init[1054]: Generating locales (this might take a while)...
[[0;32m  OK  [0m] Started LSB: Record successful boot for GRUB.
[[0;32m  OK  [0m] Started LSB: MD monitoring daemon.
[[0;32m  OK  [0m] Started Login Service.
[[0;32m  OK  [0m] Started Login to default iSCSI targets.
[[0;32m  OK  [0m] Reached target Remote File Systems (Pre).
[[0;32m  OK  [0m] Reached target Remote File Systems.
         Starting LSB: Set the CPU Frequency Scaling governor to "ondemand"...
         Starting LSB: automatic crash report generation...
         Starting LSB: daemon to balance interrupts for SMP systems...
         Starting Permit User Sessions...
         Starting Authenticate and Authorize Users to Run Privileged Tasks...
[[0;32m  OK  [0m] Started Virtualbox guest utils.
[[0;32m  OK  [0m] Started Permit User Sessions.
[[0;32m  OK  [0m] Started LSB: Set the CPU Frequency Scaling governor to "ondemand".
         Starting Terminate Plymouth Boot Screen...
         Starting Hold until boot process finishes up...
[[0;32m  OK  [0m] Started LSB: automatic crash report generation.
[[0;32m  OK  [0m] Started Terminate Plymouth Boot Screen.
[[0;32m  OK  [0m] Started Hold until boot process finishes up.
[[0;32m  OK  [0m] Started Serial Getty on ttyS0.
[[0;32m  OK  [0m] Started Getty on tty1.
[[0;32m  OK  [0m] Reached target Login Prompts.
         Starting Set console scheme...
[[0;32m  OK  [0m] Started LSB: daemon to balance interrupts for SMP systems.
[[0;32m  OK  [0m] Started Set console scheme.
[[0;32m  OK  [0m] Started Authenticate and Authorize Users to Run Privileged Tasks.
[[0;32m  OK  [0m] Started Accounts Service.
[[0;32m  OK  [0m] Started LXD - container startup/shutdown.
[[0;32m  OK  [0m] Started Snappy daemon.
[   37.772551] cloud-init[1054]:   en_US.UTF-8... done
[   37.824825] cloud-init[1054]: Generation complete.
[[0;32m  OK  [0m] Started Pollinate to seed the pseudo random number generator.
         Starting OpenBSD Secure Shell server...
[[0;32m  OK  [0m] Started OpenBSD Secure Shell server.
[[0;32m  OK  [0m] Reached target Multi-User System.
[[0;32m  OK  [0m] Reached target Graphical Interface.
         Starting Update UTMP about System Runlevel Changes...
[[0;32m  OK  [0m] Started Update UTMP about System Runlevel Changes.
[   38.871655] cloud-init[1054]: Cloud-init v. 17.2 running 'modules:config' at Sat, 07 Apr 2018 00:27:24 +0000. Up 35.97 seconds.
[[0;32m  OK  [0m] Started Apply the settings specified in cloud-config.
         Starting Execute cloud user/final scripts...
[[0;32m  OK  [0m] Created slice User Slice of vagrant.
         Starting User Manager for UID 1000...
[[0;32m  OK  [0m] Started Session 1 of user vagrant.
[[0;32m  OK  [0m] Started User Manager for UID 1000.
ci-info: no authorized ssh keys fingerprints found for user ubuntu.
<14>Apr  7 00:27:28 ec2: 
<14>Apr  7 00:27:28 ec2: #############################################################
<14>Apr  7 00:27:28 ec2: -----BEGIN SSH HOST KEY FINGERPRINTS-----
<14>Apr  7 00:27:28 ec2: 1024 SHA256:KzwzlX7zYDFQ0VlWd82uNSfjh2cJGUdoEwFV8yi+5qg root@ubuntu-xenial (DSA)
<14>Apr  7 00:27:28 ec2: 256 SHA256:qu1we3M70wYw6U7JX+qDrezcT9gGoFRbZWwxLaJj19I root@ubuntu-xenial (ECDSA)
<14>Apr  7 00:27:28 ec2: 256 SHA256:xJwyDYy0XkTulDmcZIZrja7EckUM7H/kX15ScM81o1U root@ubuntu-xenial (ED25519)
<14>Apr  7 00:27:28 ec2: 2048 SHA256:FlvZ5Q+GEmHSP+3wz4FKLnAnIgwyGHIVQNcm3CT+xao root@ubuntu-xenial (RSA)
<14>Apr  7 00:27:28 ec2: -----END SSH HOST KEY FINGERPRINTS-----
<14>Apr  7 00:27:28 ec2: #############################################################
-----BEGIN SSH HOST KEY KEYS-----
ecdsa-sha2-nistp256 AAAAE2VjZHNhLXNoYTItbmlzdHAyNTYAAAAIbmlzdHAyNTYAAABBBCwh6i8jDl3y7IZghGm83QXfs+ZnjV4Fhska040GVqJnUYRLtckZXvXYtpjFz8IRhzSC3kDoVQIW+tydeB/rDnA= root@ubuntu-xenial
ssh-ed25519 AAAAC3NzaC1lZDI1NTE5AAAAIFc1lmGdZkLGHgkNK1+OSCSwBB/0JUdjdeXktFLQS5qj root@ubuntu-xenial
ssh-rsa AAAAB3NzaC1yc2EAAAADAQABAAABAQDfKdnUK+m16sNhtR0de+UYJ6yCDUzQH1JnPhgEHJQgwzypi0fXhKIC83YU1yEMC2UyWRoqfjftZgzINnivKXtKKc5dE1zTU5Nw9cHH4oT67+FI3dG8spD4j6gQ+Zy4B5WwU8qdvTihhRYlXzCcgO49N6DivNH4ligOLj00vvaL+/dyoi1M3i+YUJInO2j7eH/c1B2sYjsSa1KWiyKlCzSHWzyEwNTdJbCaspjNW0OwhXLD10mfb2/vPhnPLWmsjNCi7UP5/g3aX2x5uQGTDb290xdwuqA4wqLnu7Sn4YZDrTFYWSkCd+gBOKhBD1qX2mpEkdOKWgHCRLtiGbAMd5OZ root@ubuntu-xenial
-----END SSH HOST KEY KEYS-----
[   40.115432] cloud-init[1304]: Cloud-init v. 17.2 running 'modules:final' at Sat, 07 Apr 2018 00:27:27 +0000. Up 39.42 seconds.
[   40.129431] cloud-init[1304]: ci-info: no authorized ssh keys fingerprints found for user ubuntu.
[   40.164633] cloud-init[1304]: Cloud-init v. 17.2 finished at Sat, 07 Apr 2018 00:27:28 +0000. Datasource DataSourceNoCloud [seed=/dev/sdb][dsmode=net].  Up 40.10 seconds
[[0;32m  OK  [0m] Started Execute cloud user/final scripts.
[[0;32m  OK  [0m] Reached target Cloud-init target.

Ubuntu 16.04.4 LTS ubuntu-xenial ttyS0

ubuntu-xenial login:          Stopping Sessiu         Stopping Serial Getty on ttyS0...
         Stopping Getty on tty1...
         Stopping Virtualbox guest utils...
         Stopping Unattended Upgrades Shutdown...
         Stopping System Logging Service...
         Stopping FUSE filesystem for LXC...
         Stopping Regular background program processing daemon...
         Stopping LXD - container startup/shutdown...
         Stopping LSB: Set the CPU Frequency Scaling governor to "ondemand"...
         Stopping LSB: MD monitoring daemon...
         Stopping LSB: Record successful boot for GRUB...
         Stopping LSB: daemon to balance interrupts for SMP systems...
         Stopping Accounts Service...
         Stopping LSB: automatic crash report generation...
[[0;32m  OK  [0m] Unmounted /var/lib/lxcfs.
[[0;32m  OK  [0m] Stopped Deferred execution scheduler.
[[0;32m  OK  [0m] Stopped System Logging Service.
[[0;32m  OK  [0m] Stopped Accounts Service.
[[0;32m  OK  [0m] Stopped Regular background program processing daemon.
[[0;32m  OK  [0m] Stopped Snappy daemon.
[[0;32m  OK  [0m] Stopped ACPI event daemon.
[[0;32m  OK  [0m] Stopped Authenticate and Authorize Users to Run Privileged Tasks.
[[0;32m  OK  [0m] Stopped Serial Getty on ttyS0.
[[0;32m  OK  [0m] Stopped Getty on tty1.
[[0;32m  OK  [0m] Stopped OpenBSD Secure Shell server.
[[0;32m  OK  [0m] Stopped User Manager for UID 1000.
[[0;32m  OK  [0m] Stopped Session 3 of user vagrant.
[[0;32m  OK  [0m] Stopped D-Bus System Message Bus.
[[0;32m  OK  [0m] Stopped Unattended Upgrades Shutdown.
[[0;32m  OK  [0m] Stopped FUSE filesystem for LXC.
[[0;32m  OK  [0m] Stopped Virtualbox guest utils.
[[0;32m  OK  [0m] Stopped LXD - container startup/shutdown.
[[0;32m  OK  [0m] Stopped LSB: Set the CPU Frequency Scaling governor to "ondemand".
[[0;32m  OK  [0m] Stopped LSB: MD monitoring daemon.
[[0;32m  OK  [0m] Stopped LSB: Record successful boot for GRUB.
[[0;32m  OK  [0m] Stopped LSB: daemon to balance interrupts for SMP systems.
[[0;32m  OK  [0m] Stopped LSB: automatic crash report generation.
[[0;32m  OK  [0m] Removed slice User Slice of vagrant.
         Stopping Login Service...
[[0;32m  OK  [0m] Removed slice system-getty.slice.
[[0;32m  OK  [0m] Stopped /etc/rc.local Compatibility.
[[0;32m  OK  [0m] Removed slice system-serial\x2dgetty.slice.
         Stopping Permit User Sessions...
[[0;32m  OK  [0m] Stopped Login Service.
[[0;32m  OK  [0m] Stopped Permit User Sessions.
[[0;32m  OK  [0m] Stopped target Remote File Systems.
[[0;32m  OK  [0m] Stopped target Remote File Systems (Pre).
         Stopping Login to default iSCSI targets...
[[0;32m  OK  [0m] Stopped target User and Group Name Lookups.
[[0;32m  OK  [0m] Stopped target Basic System.
[[0;32m  OK  [0m] Stopped target Paths.
[[0;32m  OK  [0m] Stopped Dispatch Password Requests to Console Directory Watch.
[[0;32m  OK  [0m] Stopped Forward Password Requests to Wall Directory Watch.
[[0;32m  OK  [0m] Stopped ACPI Events Check.
[[0;32m  OK  [0m] Stopped target Slices.
[[0;32m  OK  [0m] Removed slice User and Session Slice.
[[0;32m  OK  [0m] Stopped target Sockets.
[[0;32m  OK  [0m] Closed Socket activation for snappy daemon.
[[0;32m  OK  [0m] Closed LXD - unix socket.
[[0;32m  OK  [0m] Closed UUID daemon activation socket.
[[0;32m  OK  [0m] Closed D-Bus System Message Bus Socket.
[[0;32m  OK  [0m] Closed Syslog Socket.
[[0;32m  OK  [0m] Closed ACPID Listen Socket.
[[0;32m  OK  [0m] Stopped target System Initialization.
         Stopping Load/Save Random Seed...
[[0;32m  OK  [0m] Stopped target Swap.
         Stopping Update UTMP about System Boot/Shutdown...
[[0;32m  OK  [0m] Stopped Commit a transient machine-id on disk.
[[0;32m  OK  [0m] Stopped target Encrypted Volumes.
[[0;32m  OK  [0m] Stopped Load/Save Random Seed.
[[0;32m  OK  [0m] Stopped Login to default iSCSI targets.
[[0;32m  OK  [0m] Stopped Update UTMP about System Boot/Shutdown.
[[0;32m  OK  [0m] Stopped Create Volatile Files and Directories.
         Stopping iSCSI initiator daemon (iscsid)...
[[0;32m  OK  [0m] Stopped iSCSI initiator daemon (iscsid).
[[0;32m  OK  [0m] Stopped target Network is Online.
[[0;32m  OK  [0m] Stopped Initial cloud-init job (metadata service crawler).
[[0;32m  OK  [0m] Stopped target Network.
         Stopping Raise network interfaces...
[[0;32m  OK  [0m] Stopped Raise network interfaces.
[[0;32m  OK  [0m] Stopped Apply Kernel Variables.
[[0;32m  OK  [0m] Stopped target Network (Pre).
[[0;32m  OK  [0m] Stopped Initial cloud-init job (pre-networking).
[[0;32m  OK  [0m] Stopped target Local File Systems.
         Unmounting /vagrant...
         Unmounting /run/user/1000...
[[0;32m  OK  [0m] Stopped Load Kernel Modules.
[[0;32m  OK  [0m] Unmounted /vagrant.
[[0;32m  OK  [0m] Unmounted /run/user/1000.
[[0;32m  OK  [0m] Reached target Unmount All Filesystems.
[[0;32m  OK  [0m] Stopped target Local File Systems (Pre).
         Stopping Monitoring of LVM2 mirrors... dmeventd or progress polling...
[[0;32m  OK  [0m] Stopped Remount Root and Kernel File Systems.
[[0;32m  OK  [0m] Stopped Create Static Device Nodes in /dev.
[[0;32m  OK  [0m] Reached target Shutdown.
[  956.073111] reboot: Power down
