[    0.0000 Iitialzig grup subsy cset
[    0.000000] Initializing cgroup subsys cpu
[    0.000000] Initializing cgroup subsys cpuacct
[    0.000000] Linux version 4.4.0-119-generic (buildd@lcy01-amd64-002) (gcc version 5.4.0 20160609 (Ubuntu 5.4.0-6ubuntu1~16.04.9) ) #143-Ubuntu SP Mon Apr 2 16:08:22 UTC 2018 (Ubuntu 4.4.0-119.143-generic 4.4.114)
[    0.000000] KERNEL supported cpus:
[    0.000000]   Intel GenuineIntel
[    0.000000]   AMD AuthenticAMD
[    0.000000]   NSC Geode by NSC
[    0.000000]   Cyrix CyrixInstead
[    0.000000]   Centaur CentaurHauls
[    0.000000]   Transmeta GenuineTMx86
[    0.000000]   Transmeta TransmetaCPU
[    0.000000]   UMC UMC UMC UMC
[    0.000000] x86/fpu: xstate_offset[2]:  576, xtae_siz[2  256
[    0.000000] x86/fpu: Supporting XSAVE feature 0x01: 'x87 floating point registers'
[    0.000000] x86/fpu: Supporting XSAVE feature 0x02: 'SSE registers'
[    0.000000] x86/fpu: Supporting XSAVE feature 0x04: 'AVX registers'
[    0.000000] x86/fpu: Enabled xsatfeatur 07, ctet si i 832yts, ung'standar fmat.
[  .000 x86puUsing la' PU cte switces
[  .0000]e8: IOS-roded phsil RAM mp:
[    00000] BIOS-e820: [mem 0x0000000000000000-0x000000000009fbff] usable
[    0.000000] BIOS-e820: [mem 0x000000000009fc00-0x000000000009ffff] reserved
[    0.000000] BIOS-e820: [mem 0x00000000000f0000-0x00000000000fffff] reserved
[    0.000000] BIOS-e820: [mem 0x0000000000100000-0x000000003ffeffff] usable
[    0.000000] BIOS-e820: [mem 0x000000003fff0000-0x000000003fffffff] ACPI data
[    0.000000] BIOS-e820: [mem 0x00000000fffc0000-0x00000000ffffffff] reserved
[    0.000000] NX (Execute Disable) protection: active
[    0.000000] SMBIOS 2.5 present.
[    0.000000] Hypervisor detected: KVM
[    0.000000] e820: last_pfn = 0x3fff0 max_arch_pfn = 0x1000000
[    0.000000] MTRR: Disabled
[    0.000000] x86/PAT: MTRRs disabled, skipping PAT initialization too.
[    0.000000] CPU MTRRs all blank - virtualized system.
[    0.000000] x86/PAT: Configuration [0-7]: WB  WT  UC- UC  WB  WT  UC- UC  
[    0.000000] found SMP MP-table at [mem 0x0009fff0-0x0009ffff] mapped at [c009fff0]
[    0.000000] Scanning 1 areas for low memory corruption
[    0.000000] RAMDISK: [mem 0x36abe000-0x37556fff]
[    0.000000] ACPI: Early table checksum verification disabled
[    0.000000] ACPI: RSDP 0x00000000000E0000 000024 (v02 VBOX  )
[    0.000000] ACPI: XSDT 0x000000003FFF0030 00003C (v01 VBOX   VBOXXSDT 00000001 ASL  00000061)
[    0.000000] ACPI: FACP 0x000000003FFF00F0 0000F4 (v04 VBOX   VBOXFACP 00000001 ASL  00000061)
[    0.000000] ACPI: DSDT 0x000000003FFF0470 002118 (v01 VBOX   VBOXBIOS 00000002 INTL 20160108)
[    0.000000] ACPI: FACS 0x000000003FFF0200 000040
[    0.000000] ACPI: FACS 0x000000003FFF0200 000040
[    0.000000] ACPI: APIC 0x000000003FFF0240 00005C (v02 VBOX   VBOXAPIC 00000001 ASL  00000061)
[    0.000000] ACPI: SSDT 0x000000003FFF02A0 0001CC (v01 VBOX   VBOXCPUT 00000002 INTL 20160108)
[    0.000000] 131MB HIGHMEM available.
[    0.000000] 891MB LOWMEM available.
[    0.000000]   mapped low ram: 0 - 37bfe000
[    0.000000]   low ram: 0 - 37bfe000
[    0.000000] kvm-clock: Using msrs 4b564d01 and 4b564d00
[    0.000000] kvm-clock: cpu 0, msr 0:37bfd001, primary cpu clock
[    0.000000] kvm-clock: using sched offt  3297967250 cycles
[    0.000000] clocksource: kvm-clock: mask: 0xffffffffffffffff max_cycles: 0x1cd42e4dffb, max_idle_ns: 881590591483 ns
[    0.000000] Zone ranges:
[    0.000000]   DMA      [mem 0x0000000000001000-0x0000000000ffffff]
[    0.000000]   Normal   [mem 0x0000000001000000-0x0000000037bfdfff]
[    0.000000]   HighMem  [mem 0x0000000037bfe000-0x000000003ffeffff]
[    0.000000] Movable zone start for each node
[    0.000000] Early memory node ranges
[    0.000000]   node   0: [mem 0x0000000000001000-0x000000000009efff]
[    0.000000]   node   0: [mem 0x0000000000100000-0x000000003ffeffff]
[    0.000000] Initmem setup node 0 [mem 0x0000000000001000-0x000000003ffeffff]
[    0.000000] Using APIC driver default
[    0.000000] ACPI: PM-Timer IOPot:0x4008
[   00000]IOIC0]: apic_id 2, eron 17 ares 0fe000, GS 03
[    .000] ACPI: NTRC_OV (s  bu_i 0global_ir 2 d dl)
[   00000] ACP: T_RC_OV (s  bus_irq 9 loalirq 9 hgh lel
[   00000] si API MA) or SMPcoigration informio
[   00000]smoo: Alloin2 PUs, 0 hotplug CPUs
[    0.000000] PM: Registered nosave memory: [mem 0x00000000-0x00000fff]
[    0.000000] PM: Registered nosave memory: [mem 0x0009f000-0x0009ffff]
[    0.000000] PM: Registered nosave memory: [mem 0x000a0000-0x000effff]
[    0.000000] PM: Registered nosave memory: [mem 0x000f0000-0x000fffff]
[    0.000000] e820: [mem 0x40000000-0xfffbffff] available for PCI devices
[    0.000000] Booting paravirtualized kernel on KVM
[    0.000000] clocksource: refined-jiffies: mask: 0xffffffff max_cycles: 0xffffffff, max_idle_ns: 7645519621568 ns[  0.000000] etp_ercpu: NR_CPUS:8 r_pumskit:8 nr_cp_i:2nr_odid:1
[   00000] PECP Ebedded 19pas/pu @6b000 s47436 r0 d30388 u77824
[    0.000000] PV qspinlock hash table entries: 512 (order: 0, 4096 bytes)
[    0.000000] Built 1 zonelists in Zone order, mobility grouping on.  Total pages: 259800
[    0.000000] Kernel command line: BOOT_IMAGE=/boot/vmlinuz-4.4.0-119-generic root=LABEL=cloudimg-rootfs ro console=tty1 console=ttyS0
[    0.000000] PID hash table entries: 4096 (order: 2, 16384 bytes)
[    0.000000] Dentry cache hash table entries: 131072 (order: 7, 524288 bytes)
[    0.000000] Inode-cache hash table entries: 65536 (order: 6, 262144 bytes)
[    0.000000] Initializing CPU#0
[    0.000000] Initializing HighMem for node 0 (00037bfe:0003fff0)
[    0.000000] Initializing Movable for node 0 (00000000:00000000)
[    0.000000] Memory: 1012008K/1048120K available (8013K kernel code, 777K rwdata, 3172K rodata, 948K init, 800K bss, 36112K rseve, 0K maesrved, 352Khighmem
[   0000000] virtual kernel memory layout:
[    0.000000]     fixmap  : 0xfff15000 - 0xfffff000   ( 936 kB)
[    0.000000]     pkmap   : 0xffc00000 - 0xffe00000   (2048 kB)
[    0.000000]     vmalloc : 0xf83fe000 - 0xffbfe000   ( 120 MB)
[    0.000000]     lowmem  : 0xc0000000 - 0xf7bfe000   ( 891 MB)
[    0.000000]       .init : 0xc1bb2000 - 0xc1c9f000   ( 948 kB)
[    0.000000]       .data : 0xc17d3774 - 0xc1bb0740   (3955 kB)
[    0.000000]       .text : 0xc1000000 - 0xc17d3774   (8013 kB)
[    0.000000] Checking if this processor honours the WP bit even in supervisor mode...Ok.
[    0.000000] SLUB: HWalign=64, Order=0-3, MinObjects=0, CPUs=2, Nodes=1
[    0.000000] Hierarchical RCU implementation.
[    0.000000] 	Build-time adjustment of leaf fanout to 32.
[    0.000000] 	RCU restricting CPUs from NR_CPUS=8 to nr_cpu_ids=2.
[    0.000000] RCU: Adjusting geometry for rcu_fanout_leaf=32, nr_cpu_ids=2
[    0.000000] NR_IRQS:2304 nr_irqs:440 16
[    0.000000] Console: colour VGA+ 80x25
[    0.000000] console [tty1] enabled
[    0.000000] console [ttyS0] enabled
[    0.000000] allocated 1048576 bytes of page_ext
[    0.000000] tsc: Detected 3593.284 MHz processor
[    0.000000] tsc: Marking TSC unstable due to TSCs unsynchronized
[    0.004000] Calibrating delay loop (skipped) preset value.. 7186.56 BogoMIPS (lpj=14373136)
[    0.004000] pid_max: default: 32768 minimum: 301
[    0.004000] ACPI: Core revision 20150930
[    0.004000] ACPI: 2 ACPI AML tables successfully acquired and loaded
[    0.004929] Security Framework initialized
[    0.005731] Yama: becoming mindful.
[    0.008020] AppArmor: AppArmor initialized
[    0.008845] Mount-cache hash table entries: 2048 (order: 1, 8192 bytes)
[    0.009966] Mountpoint-cache hash table entries: 2048 (order: 1, 8192 bytes)
[    0.012180] Initializing cgroup subsys io
[    0.012975] Initializing cgroup subsys memory
[    0.013808] Initializing cgroup subsys devices
[    0.014654] Initializing cgroup subsys freezer
[    0.016005] Initializing cgroup subsys net_cls
[    0.016843] Initializing cgroup subsys perf_event
[    0.017716] Initializing cgroup subsys net_prio
[    0.020008] Initializing cgroup subsys hugetlb
[    0.020859] Initializing cgroup subsys pids
[    0.021764] CPU: Physical Processor ID: 0
[    0.024003] CPU: Processor Core ID: 0
[    0.024751] FEATURE SPEC_CTRL Not Present
[    0.025531] FEATURE IBPB Not Present
[    0.026263] mce: CPU supports 0 MCE banks
[    0.028025] Last level iTLB entries: 4KB 512, 2MB 1024, 4MB 512
[    0.029038] Last level dTLB entries: 4KB 1024, 2MB 1024, 4MB 512, 1GB 0
[    0.030143] Spectre V2 mitigation: LFENCE not serializing. Switching to generic retpoline
[    0.031731] Spectre V2 mitigation: Mitigation: Full generic retpoline
[    0.032003] Spectre V2 mitigation: Speculation control IBPB not-supported IBRS not-supported
[    0.033317] Spectre V2 mitigation: Filling RSB on context switch
[    0.038437] Freeing SMP alternatives memory: 28K
[    0.048551] ftrace: allocating 31465 entries in 62 pages
[    0.068119] smpboot: APIC(0) Converting physical 0 to logical package 0
[    0.072006] smpboot: Max logical packages: 1
[    0.072826] Enabling APIC mode:  Flat.  Using 1 I/O APICs
[    0.075197] ..TIMER: vector=0x30 apic1=0 pin1=2 apic2=-1 pin2=-1
[    0.080000] smpboot: CPU0: AMD PRO A10-8750B R7, 12 Compute Cores 4C+8G (family: 0x15, model: 0x38, stepping: 0x1)
[    0.081599] Performance Events: Broken PMU hardware detected, using software events only.
[    0.085181] Failed to access perfctr msr (MSR c0010007 is 0)
[    0.088046] KVM setup paravirtual spinlock
[    0.089785] x86: Booting SMP configuration:
[    0.092003] .... node  #0, CPUs:      #1
[    0.000000] Initializing CPU#1
[    0.004000] kvm-clock: cpu 1, msr 0:37bfd041, secondary cpu clock
[    0.004000] mce: CPU supports 0 MCE banks
[    0.192006] x86: Booted up 1 node, 2 CPUs
[    0.196003] smpboot: Total of 2 processors activated (14373.13 BogoMIPS)
[    0.204264] devtmpfs: initialized
[    0.206198] evm: security.selinux
[    0.304014] evm: security.SMACK64
[    0.384014] evm: security.SMACK64EXEC
[    0.420007] evm: security.SMACK64TRANSMUTE
[    0.420806] evm: security.SMACK64MMAP
[    0.421545] evm: security.ima
[    0.472008] evm: security.capability
[    0.584203] clocksource: jiffies: mask: 0xffffffff max_cycles: 0xffffffff, max_idle_ns: 7645041785100000 ns
[    0.924112] futex hash table entries: 512 (order: 3, 32768 bytes)
[    0.928276] pinctrl core: initialized pinctrl subsystem
[    0.932351] RTC time:  0:54:40, date: 04/07/18
[    0.940169] NET: Registered protocol family 16
[    0.944243] EISA bus registered
[    0.960032] cpuidle: using governor ladder
[    0.976035] cpuidle: using governor menu
[    0.980055] PCCT header not found.
[    0.988054] ACPI: bus type PCI registered
[    0.992008] acpiphp: ACPI Hot Plug PCI Controller Driver version: 0.5
[    0.996493] PCI : PCI BIOS area is rw and x. Use pci=nobios if you want it NX.
[    1.000005] PCI: PCI BIOS revision 2.10 entry at 0xfda26, last bus=0
[    1.002220] PCI: Using configuration type 1 for base access
[    1.004001] PCI: Using configuration type 1 for extended access
[    1.020180] ACPI: Added _OSI(Module Device)
[    1.024029] ACPI: Added _OSI(Processor Device)
[    1.024875] ACPI: Added _OSI(3.0 _SCP Extensions)
[    1.028008] ACPI: Added _OSI(Processor Aggregator Device)
[    1.032724] ACPI: Executed 1 blocks of module-level executable AML code
[    1.042445] ACPI: Interpreter enabled
[    1.044029] ACPI: (supports S0 S5)
[    1.048004] ACPI: Using IOAPIC for interrupt routing
[    1.049105] PCI: Using host bridge windows from ACPI; if necessary, use "pci=nocrs" and report a bug
[    1.058531] ACPI: PCI Root Bridge [PCI0] (domain 0000 [bus 00-ff])
[    1.060017] acpi PNP0A03:00: _OSC: OS supports [ExtendedConfig ASPM ClockPM Segments MSI]
[    1.064015] acpi PNP0A03:00: _OSC failed (AE_NOT_FOUND); disabling ASPM
[    1.072192] PCI host bridge to bus 0000:00
[    1.076009] pci_bus 0000:00: root bus resource [io  0x0000-0x0cf7 window]
[    1.080006] pci_bus 0000:00: root bus resource [io  0x0d00-0xffff window]
[    1.084009] pci_bus 0000:00: root bus resource [mem 0x000a0000-0x000bffff window]
[    1.088008] pci_bus 0000:00: root bus resource [mem 0x40000000-0xffdfffff window]
[    1.092007] pci_bus 0000:00: root bus resource [bus 00-ff]
[    1.096753] pci 0000:00:01.1: legacy IDE quirk: reg 0x10: [io  0x01f0-0x01f7]
[    1.100011] pci 0000:00:01.1: legacy IDE quirk: reg 0x14: [io  0x03f6]
[    1.101113] pci 0000:00:01.1: legacy IDE quirk: reg 0x18: [io  0x0170-0x0177]
[    1.104004] pci 0000:00:01.1: legacy IDE quirk: reg 0x1c: [io  0x0376]
[    1.157133] ACPI: PCI Interrupt Link [LNKA] (IRQs 5 9 10 11) *0, disabled.
[    1.168573] ACPI: PCI Interrupt Link [LNKB] (IRQs 5 9 10 *11)
[    1.169951] ACPI: PCI Interrupt Link [LNKC] (IRQs 5 9 *10 11)
[    1.172773] ACPI: PCI Interrupt Link [LNKD] (IRQs 5 *9 10 11)
[    1.174229] ACPI: Enabled 2 GPEs in block 00 to 07
[    1.175480] vgaarb: setting as boot device: PCI:0000:00:02.0
[    1.176000] vgaarb: device added: PCI:0000:00:02.0,decodes=io+mem,owns=io+mem,locks=none
[    1.176004] vgaarb: loaded
[    1.176629] vgaarb: bridge control possible 0000:00:02.0
[    1.177890] SCSI subsystem initialized
[    1.178698] ACPI: bus type USB registered
[    1.180027] usbcore: registered new interface driver usbfs
[    1.181008] usbcore: registered new interface driver hub
[    1.181973] usbcore: registered new device driver usb
[    1.184033] PCI: Using ACPI for IRQ routing
[    1.185072] NetLabel: Initializing
[    1.185785] NetLabel:  domain hash size = 128
[    1.186595] NetLabel:  protocols = UNLABELED CIPSOv4
[    1.187492] NetLabel:  unlabeled traffic allowed by default
[    1.188092] amd_nb: Cannot enumerate AMD northbridges
[    1.192094] clocksource: Switched to clocksource kvm-clock
[    1.208236] AppArmor: AppArmor Filesystem Enabled
[    1.210427] pnp: PnP ACPI init
[    1.211790] pnp: PnP ACPI: found 3 devices
[    1.212156] PnPBIOS: Disabled by ACPI PNP
[    1.258545] clocksource: acpi_pm: mask: 0xffffff max_cycles: 0xffffff, max_idle_ns: 2085701024 ns
[    1.265644] NET: Registered protocol family 2
[    1.266694] TCP established hash table entries: 8192 (order: 3, 32768 bytes)
[    1.267971] TCP bind hash table entries: 819 (de: 4, 55 bes
[    1.554608] TCP: Hash tables configured (established 8192 bind 8192)
[    1.564168] UDP hash table entries: 512 (order: 2, 16384 bytes)
[    1.565188] UDP-Lite hash table entries: 512 (order: 2, 16384 bytes)
[    1.566315] NET: Registered protocol family 1
[  16782pc00:0000:Liti decPCPCtrsfs   1.56822pc00:001: titi I D hg rkous  3.02] pain initrfs.
[    5.299252] Freeing initrd memory: 10852K
[    5.380624] clocksource: tsc: mask: 0xffffffffffffffff max_cycles: 0x33cb8af5b44, max_idle_ns: 440795255642 ns
[    5.520991] platform rtc_cmos: registered platform RTC device (no PNP device found)
[    5.584855] Scanning for low memory corruption every 60 seconds
[    5.642261] audit: initializing netlink subsys (disabled)
[    5.721698] audit: type=2000 audit(1523062485.716:1): initialized
[    5.816719] Initialise system trusted keyring
[    5.877271] HugeTLB registered 2 MB page size, pre-allocated 0 pages
[    5.885023] zbud: loaded
[    5.928051] VFS: Disk quotas dquot_6.6.0
[    6.016266] VFS: Dquot-cache hash table entries: 1024 (order 0, 4096 bytes)
[    6.153281] squashfs: version 4.0 (2009/01/31) Phillip Lougher
[    6.197040] fuse init (API version 7.23)
[    6.236915] Key type big_key registered
[    6.277873] Allocating IMA MOK and blacklist keyrings.
[    6.282609] Key type asymmetric registered
[    6.290550] Asymmetric key parser 'x509' registered
[    6.291632] bounce: pool size: 64 pages
[    6.292616] Block layer SCSI generic (bsg) driver version 0.4 loaded (major 249)
[    6.294266] io scheduler noop registered
[    6.295035] io scheduler deadline registered (default)
[    6.295986] io scheduler cfq registered
[    6.296942] pci_hotplug: PCI Hot Plug PCI Core version: 0.5
[    6.297910] pciehp: PCI Express Hot Plug Controller Driver version: 0.4
[    6.299140] ACPI: AC Adapter [AC] (on-line)
[    6.300023] input: Power Button as /devices/LNXSYSTM:00/LNXPWRBN:00/input/input0
[    6.301592] ACPI: Power Button [PWRF]
[    6.307826] input: Sleep Button as /devices/LNXSYSTM:00/LNXSLPBN:00/input/input1
[    6.309357] ACPI: Sleep Button [SLPF]
[    6.310452] GHES: HEST is not enabled!
[    6.311405] Serial: 8250/16550 driver, 32 ports, IRQ sharing enabled
[    6.311408] isapnp: Scanning for PnP cards...
ÿ[    6.457456] 00:02: ttyS0 at I/O 0x3f8 (irq = 4, base_baud = 115200) is a 16550A
[    6.542744] Linux agpgart interface v0.103
[    6.548493] loop: module loaded
[    6.557350] scsi host0: ata_piix
[    6.559213] scsi host1: ata_piix
[    6.559958] ata1: PATA max UDMA/33 cmd 0x1f0 ctl 0x3f6 bmdma 0xd000 irq 14
[    6.561176] ata2: PATA max UDMA/33 cmd 0x170 ctl 0x376 bmdma 0xd008 irq 15
[    6.562455] libphy: Fixed MDIO Bus: probed
[    6.563288] tun: Universal TUN/TAP device driver, 1.6
[    6.564268] tun: (C) 1999-2004 Max Krasnyansky <maxk@qualcomm.com>
[    6.668628] isapnp: No Plug & Play device found
[    6.688057] PPP generic driver version 2.4.2
[    6.713439] ehci_hcd: USB 2.0 'Enhanced' Host Controller (EHCI) Driver
[    6.742416] ehci-pci: EHCI PCI platform driver
[    6.743309] ehci-platform: EHCI generic platform driver
[    6.744307] ohci_hcd: USB 1.1 'Open' Host Controller (OHCI) Driver
[    6.745380] ohci-pci: OHCI PCI platform driver
[    6.746238] ohci-platform: OHCI generic platform driver
[    6.752532] uhci_hcd: USB Universal Host Controller Interface driver
[    6.753715] i8042: PNP: PS/2 Controller [PNP0303:PS2K,PNP0f03:PS2M] at 0x60,0x64 irq 1,12
[    6.755774] serio: i8042 KBD port at 0x60,0x64 irq 1
[    6.756774] serio: i8042 AUX port at 0x60,0x64 irq 12
[    6.758009] mousedev: PS/2 mouse device common for all mice
[    6.838023] rtc_cmos rtc_cmos: rtc core: registered rtc_cmos as rtc0
[    6.838164] input: AT Translated Set 2 keyboard as /devices/platform/i8042/serio0/input/input2
[    7.018413] rtc_cmos rtc_cmos: alarms up to one day, 114 bytes nvram
[    7.019488] i2c /dev entries driver
[    7.020305] device-mapper: uevent: version 1.0.3
[    7.021507] device-mapper: ioctl: 4.34.0-ioctl (2015-10-28) initialised: dm-devel@redhat.com
[    7.023089] platform eisa.0: Probing EISA bus 0
[    7.023929] platform eisa.0: EISA: Cannot allocate resource for mainboard
[    7.025166] platform eisa.0: Cannot allocate resource for EISA slot 1
[    7.026237] platform eisa.0: Cannot allocate resource for EISA slot 2
[    7.027308] platform eisa.0: Cannot allocate resource for EISA slot 3
[    7.029572] platform eisa.0: Cannot allocate resource for EISA slot 4
[    7.030649] platform eisa.0: Cannot allocate resource for EISA slot 5
[    7.031723] platform eisa.0: Cannot allocate resource for EISA slot 6
[    7.032861] platform eisa.0: Cannot allocate resource for EISA slot 7
[    7.033934] platform eisa.0: Cannot allocate resource for EISA slot 8
[    7.035005] platform eisa.0: EISA: Detected 0 cards
[    7.035903] cpufreq-nforce2: No nForce2 chipset.
[    7.042272] ledtrig-cpu: registered to indicate activity on CPUs
[    7.043601] NET: Registered protocol family 10
[    7.045080] NET: Registered protocol family 17
[    7.046617] Key type dns_resolver registered
[    7.213852] Using IPI No-Shortcut mode
[    7.377193] registered taskstats version 1
[    7.567382] Loading compiled-in X.509 certificates
[    7.743740] Loaded X.509 cert 'Build time autogenerated kernel key: cd25daf5f2c6791a52e12acbf66969414c24a779'
[    8.133427] zswap: loaded using pool lzo/zbud
[    8.254991] Key type trusted registered
[    8.270661] Key type encrypted registered
[    8.277410] AppArmor: AppArmor sha1 policy hashing enabled
[    8.279892] ima: No TPM chip found, activating TPM-bypass!
[    8.282530] evm: HMAC attrs: 0x1
[    8.285327]   Magic number: 14:399:910
[    8.292888] rtc_cmos rtc_cmos: setting system clock to 2018-04-07 00:54:47 UTC (1523062487)
[    8.298107] BIOS EDD facility v0.16 2004-Jun-25, 0 devices found
[    8.306618] EDD information not available.
[    8.308209] Freeing unused kernel memory: 948K
[    8.314794] Write protecting the kernel text: 8016k
[    8.321226] Write protecting the kernel read-only data: 3176k
[    8.322219] NX-protecting the kernel data: 6320k
Loading, please wait...
starting version[    8.344886] random: systemd-udevd: uninitialized urandom read (16 bytes read, 1 bits of entropy available)
 229
[    8.345713] random: udevadm: uninitialized urandom read (16 bytes read, 1 bits of entropy available)
[    8.361225] random: udevadm: uninitialized urandom read (16 bytes read, 1 bits of entropy available)
[    8.361286] random: udevadm: uninitialized urandom read (16 bytes read, 1 bits of entropy available)
[    8.361475] random: udevadm: uninitialized urandom read (16 bytes read, 1 bits of entropy available)
[    8.361546] random: udevadm: uninitialized urandom read (16 bytes read, 1 bits of entropy available)
[    8.361608] random: udevadm: uninitialized urandom read (16 bytes read, 1 bits of entropy available)
[    8.361680] random: udevadm: uninitialized urandom read (16 bytes read, 1 bits of entropy available)
[    8.361743] random: udevadm: uninitialized urandom read (16 bytes read, 1 bits of entropy available)
[    8.361805] random: udevadm: uninitialized urandom read (16 bytes read, 1 bits of entropy available)
[    8.458301] e1000: Intel(R) PRO/1000 Network Driver - version 7.3.21-k8-NAPI
[    8.465052] e1000: Copyright (c) 1999-2006 Intel Corporation.
[    8.474178] Fusion MPT base driver 3.04.20
[    8.517828] Copyright (c) 1999-2008 LSI Corporation
[    8.532466] Fusion MPT SPI Host driver 3.04.20
[    8.800533] input: ImExPS/2 Generic Explorer Mouse as /devices/platform/i8042/serio1/input/input4
[    8.912752] e1000 0000:00:03.0 eth0: (PCI:33MHz:32-bit) 02:43:fb:3a:dc:1d
[    8.912758] e1000 0000:00:03.0 eth0: Intel(R) PRO/1000 Network Connection
[    8.934753] e1000 0000:00:03.0 enp0s3: renamed from eth0
[    8.936148] mptbase: ioc0: Initiating bringup
[    9.072658] ioc0: LSI53C1030 A0: Capabilities={Initiator}
[   10.816463] scsi host2: ioc0: LSI53C1030 A0, FwRev=00000000h, Ports=1, MaxQ=256, IRQ=20
[   11.478737] floppy0: no floppy controllers found
[   11.490075] scsi 2:0:0:0: Direct-Access     VBOX     HARDDISK         1.0  PQ: 0 ANSI: 5
[   11.499918] scsi target2:0:0: Beginning Domain Validation
[   11.505332] scsi target2:0:0: Domain Validation skipping write tests
[   11.508182] scsi target2:0:0: Ending Domain Validation
[   11.510867] scsi target2:0:0: asynchronous
[   11.514162] scsi 2:0:1:0: Direct-Access     VBOX     HARDDISK         1.0  PQ: 0 ANSI: 5
[   11.519738] scsi target2:0:1: Beginning Domain Validation
[   11.524884] scsi target2:0:1: Domain Validation skipping write tests
[   11.630375] scsi target2:0:1: Ending Domain Validation
[   11.681905] scsi target2:0:1: asynchronous
[   11.734184] sd 2:0:0:0: Attached scsi generic sg0 type 0
[   11.736918] sd 2:0:0:0: [sda] 20971520 512-byte logical blocks: (10.7 GB/10.0 GiB)
[   11.745209] sd 2:0:1:0: [sdb] 20480 512-byte logical blocks: (10.5 MB/10.0 MiB)
[   11.745708] sd 2:0:1:0: Attached scsi generic sg1 type 0
[   11.768548] sd 2:0:0:0: [sda] Write Protect is off
[   11.768753] sd 2:0:0:0: [sda] Incomplete mode parameter data
[   11.768755] sd 2:0:0:0: [sda] Assuming drive cache: write through
[   11.787554]  sda: sda1
[   11.789010] sd 2:0:0:0: [sda] Attached SCSI disk
[   12.195820] sd 2:0:1:0: [sdb] Write Protect is off
[   12.198459] sd 2:0:1:0: [sdb] Incomplete mode parameter data
[   12.200922] sd 2:0:1:0: [sdb] Assuming drive cache: write through
[   12.250494] sd 2:0:1:0: [sdb] Attached SCSI disk
Begin: Loading e[   13.892539] md: linear personality registered for level -1
ssential drivers[   14.061301] md: multipath personality registered for level -4
 ... [   14.071045] md: raid0 personality registered for level 0
[   14.297730] md: raid1 personality registered for level 1
[   14.536051] raid6: mmxx1    gen()  3553 MB/s
[   14.620045] raid6: mmxx2    gen()  5994 MB/s
[   14.704057] raid6: sse1x1   gen()  3572 MB/s
[   14.784046] raid6: sse1x2   gen()  5260 MB/s
[   14.864260] raid6: sse2x1   gen()  7034 MB/s
[   14.940223] raid6: sse2x1   xor()  4619 MB/s
[   15.020336] raid6: sse2x2   gen()  9845 MB/s
[   15.100209] raid6: sse2x2   xor()  6605 MB/s
[   15.112910] raid6: using algorithm sse2x2 gen() 9845 MB/s
[   15.113850] raid6: .... xor() 6605 MB/s, rmw enabled
[   15.114737] raid6: using ssse3x1 recovery algorithm
[   15.124909] xor: automatically using best checksumming function:
[   15.420158]    avx       : 10536.000 MB/sec
[   15.550252] async_tx: api initialized (async)
[   15.626793] md: raid6 personality registered for level 6
[   15.751939] md: raid5 personality registered for level 5
[   15.959126] md: raid4 personality registered for level 4
[   16.150210] md: raid10 personality registered for level 10
done.
Begin: Running /scripts/init-premount ... done.
Begin: Mounting root file system ... Begin: Running /scripts/local-top ... done.
Begin: Running /scripts/local-premount ... [   16.217880] Btrfs loaded
Scanning for Btrfs filesystems
done.
Warning: fsck not present, so skipping root file system
[   16.293567] EXT4-fs (sda1): mounted filesystem with ordered data mode. Opts: (null)
done.
Begin: Running /scripts/local-bottom ... done.
Begin: Running /scripts/init-bottom ... done.
[   16.799775] systemd[1]: systemd 229 running in system mode. (+PAM +AUDIT +SELINUX +IMA +APPARMOR +SMACK +SYSVINIT +UTMP +LIBCRYPTSETUP +GCRYPT +GNUTLS +ACL +XZ -LZ4 +SECCOMP +BLKID +ELFUTILS +KMOD -IDN)
[   17.225866] systemd[1]: Detected virtualization oracle.
[   17.228115] systemd[1]: Detected architecture x86.

Welcome to [1mUbuntu 16.04.4 LTS[0m!

[ 17300739] systemd[1]: Set hostname to <ubuntu>.
[   17.383057] systemd[1]: Initializing machine ID from random generator.
[   17.391363] systemd[1]: Installed transient /etc/machine-id file.
[   18.135989] random: nonblocking pool is initialized
[  18.3422 ste[1 Rch tgeEnrypt Vum.
[[0;32m  OK  [0m] Reached target Encrypted Volumes.
[ 19321]ysmd]:isening  L2 llaen ck.
[[0;32m  OK  [0m] Listening on LVM2 poll daemon socket.
[  19.768523] systemd[1]: Listening on Device-mapper event daemon FIFOs.
[[0;32m  OK  [0m] Listening on Device-mapper event daemon FIFOs.
[   19.803106] systemd[1]: Created slice System Slice.
[[0;32m  OK  [0m] Created slice System Slice.
[ 19324]ysem1]Rehed taretwa
[[0;32m  OK  [0m] Reached target Swap.
[   20.36478]ysmd]:isning on ysog Socket.
[[0;32m  OK  [0m] Listening on Syslog Socket.
[  20.7532]ysmd]: Creedlie st-siax2ety.slic
[[0;32m  OK  [0m] Created slice system-serial\x2dgetty.slice.
[   .587 stemd[1 LsteninondeCoroSoet

[[0;32m  OK  [0m] Listening on udev Control Socket.
[   22.159910] systemd[1]: Reached target System Time Synchronized.
[[0;32m  OK  [0m] Reached target System Time Synchronized.
[  21693syemd[: stinondeinctl mptibityam Pe.
[[0;32m  OK  [0m] Listening on /dev/initctl Compatibility Named Pipe.
[ 23528]systemd[]:isni oLV madta dmo soct.
[[0;32m  OK  [0m] Listening on LVM2 metadata daemon socket.
[ 23933] syste[1 Catd slceUs a Ssi Sce

[[0;32m  OK  [0m] Created slice User and Session Slice.
[   24888]ysemd[1]: Lieng  uv rn Ske
[[0;32m  OK  [0m] Listening on udev Kernel Socket.
[  24409syem1]Stared Fwa Pswd qutso llirto Wch.
[[0;32m  OK  [0m] Started Forward Password Requests to Wall Directory Watch.
[ 265324 ste[1: Reached art ic.
[[0;32m  OK  [0m] Reached target Slices.
[   27.044748] systemd[1]: Started Trigger resolvconf update for networkd DNS.
[[0;32m  OK  [0m] Started Trigger resolvconf update for networkd DNS.
[ 27286]syem[1]: Listening on oualoct delo.
[[0;32m  OK  [0m] Listening on Journal Socket (/dev/log).
[   27.775069] systemd[1]: Set up automount Arbitrary Executable File Formats File Sysem AutounPot.
[[0;32m  OK  [0m] Set up automount Arbitrary Executab...ats File System Automount Point.
[ 28112855] systemd[1]: Reached target User and Group Name Lookups.
[[0;32m  OK  [0m] Reached target User and Group Name Lookups.
[   28879]ysmd]:isni on JonaSoet

[[0;32m  OK  [0m] Listening on Journal Socket.
[   29.089049] systemd[1]: Starting Load Kernel Modules...
         Starting Load Kernel Modules...
[   29.100420] systemd[1]: Mounting POSIX Message Queue File System...
         Mounting POSIX Message Queue File System...
[   29.105889] systemd[1]: Starting Nameserver information manager...
         Starting Nameserver information manager...
[   29.118470] systemd[1]: Starting Set console keymap...
[   29.181719] Loading iSCSI transport class v2.0-870.
         Starting Set console keymap...
[   29.209901] systemd[1]: Starting Uncomplicated firewall...
         Starting Uncomplicated firewall...
[   29.246083] systemd[1]: Starting Create list of required static device nodes for the current kernel...
         Starting Create list of required st... nodes for the current kernel...
[   29.260319] systemd[1]: Starting Remount Root and Kernel File Systems...
         Startin[   29.295449] iscsi: registered transport (tcp)
g Remount Root and Kernel File Systems...
[   29.320049] EXT4-fs (sda1): re-mounted. Opts: (null)
[   29.384408] systemd[1]: Starting Monitoring of LVM2 mirrors, snapshots etc. using dmeventd or progress polling...
         Starting Monitoring of LVM2 mirrors... dmeventd or progress polling...
[   29.652290] systemd[1]: Mounting Huge Pages File System...
         Mounting Huge Pages File System...
[   29.806185] iscsi: registered transport (iser)
[   29.876440] systemd[1]: Listening on Journal Audit Socket.
[[0;32m  OK  [0m] Listening on Journal Audit Socket.
[   30.016353] systemd[1]: Starting Journal Service...
         Starting Journal Service...
[   30.051639] systemd[1]: Mounting Debug File System...
         Mounting Debug File System...
[   30.082154] systemd[1]: Mounted POSIX Message Queue File System.
[[0;32m  OK  [0m] Mounted POSIX Message Queue File System.
[   30.184410] systemd[1]: Mounted Debug File System.
[[0;32m  OK  [0m] Mounted Debug File System.
[   30.315844] systemd[1]: Mounted Huge Pages File System.
[[0;32m  OK  [0m] Mounted Huge Pages File System.
[   30.318723] systemd[1]: Started Journal Service.
[[0;32m  OK  [0m] Started Journal Service.
[[0;32m  OK  [0m] Started Load Kernel Modules.
[[0;32m  OK  [0m] Started Set console keymap.
[[0;32m  OK  [0m] Started Uncomplicated firewall.
[[0;32m  OK  [0m] Started Create list of required sta...ce nodes for the current kernel.
[[0;32m  OK  [0m] Started Remount Root and Kernel File Systems.
[[0;32m  OK  [0m] Started Nameserver information manager.
[[0;32m  OK  [0m] Started LVM2 metadata daemon.
         Starting Initial cloud-init job (pre-networking)...
         Starting udev Coldplug all Devices...
         Starting Load/Save Random Seed...
         Starting Create Static Device Nodes in /dev...
         Mounting FUSE Control File System...
         Starting Apply Kernel Variables...
         Starting Flush Journal to Persistent Storage...
[[0;32m  OK  [0m] Mounted FUSE Control File System.
[[0;32m  OK  [0m] Started Load/Save Random Seed.
[[0;32m  OK  [0m] Started Apply Kernel Variables.
[[0;32m  OK  [0m] Started udev Coldplug all Devices.
[[0;32m  OK  [0m] Started Create Static Device Nodes in /dev.
         Starting udev Kernel Device Manager...
[[0;32m  OK  [0m] Started Flush Journal to Persistent Storage.
[[0;32m  OK  [0m] Started Monitoring of LVM2 mirrors,...ng dmeventd or progress polling.
[[0;32m  OK  [0m] Started udev Kernel Device Manager.
[[0;32m  OK  [0m] Reached target Local File Systems (Pre).
[[0;32m  OK  [0m] Reached target Local File Systems.
         Starting Commit a transient machine-id on disk...
         Starting LSB: AppArmor initialization...
         Starting Create Volatile Files and Directories...
         Starting Tell Plymouth To Write Out Runtime Data...
         Starting Set console font and keymap...
[[0;32m  OK  [0m] Started Dispatch Password Requests to Console Directory Watch.
[[0;32m  OK  [0m] Started Commit a transient machine-id on disk.
[[0;32m  OK  [0m] Started Tell Plymouth To Write Out Runtime Data.
[[0;32m  OK  [0m] Started Create Volatile Files and Directories.
[[0;32m  OK  [0m] Found device /dev/ttyS0.
         Starting Update UTMP about System Boot/Shutdown...
[[0;32m  OK  [0m] Started Update UTMP about System Boot/Shutdown.
[[0;32m  OK  [0m] Listening on Load/Save RF Kill Switch Status /dev/rfkill Watch.
[[0;32m  OK  [0m] Started Set console font and keymap.
[[0;32m  OK  [0m] Created slice system-getty.slice.
[[0;32m  OK  [0m] Started LSB: AppArmor initialization.
[   33.626748] cloud-init[437]: Cloud-init v. 17.2 running 'init-local' at Sat, 07 Apr 2018 00:55:12 +0000. Up 33.07 seconds.
[[0;32m  OK  [0m] Started Initial cloud-init job (pre-networking).
[[0;32m  OK  [0m] Reached target Network (Pre).
         Starting Raise network interfaces...
[[0;32m  OK  [0m] Started Raise network interfaces.
[[0;32m  OK  [0m] Reached target Network.
         Starting Initial cloud-init job (metadata service crawler)...
[   37.165204] cloud-init[932]: Cloud-init v. 17.2 running 'init' at Sat, 07 Apr 2018 00:55:14 +0000. Up 34.98 seconds.
[   37.236827] cloud-init[932]: ci-info: +++++++++++++++++++++++++++++++++++++Net device info++++++++++++++++++++++++++++++++++++++
[   37.237252] cloud-init[932]: ci-info: +--------+------+----------------------------+---------------+-------+-------------------+
[[0;32m  OK  [0m] Started Initial cloud-init job (metadata service crawler).
[   37.237430] cloud-init[932]: ci-info: | Device |  Up  |          Address           |      Mask     | Scope |     Hw-Address    |
[   37.333623] cloud-init[932]: ci-info: +--------+------+----------------------------+---------------+-------+-------------------+
[   37.333885] cloud-init[932]: ci-info: | enp0s3 | True |         10.0.2.15          | 255.255.255.0 |   .   | 02:43:fb:3a:dc:1d |
[[0;32m  OK  [0m] Reached target System Initialization.
[   37.334040] cloud-init[932]: ci-info: | enp0s3 | True | fe80::43:fbff:fe3a:dc1d/64 |       .       |  link | 02:43:fb:3a:dc:1d |
[   37.451271] cloud-init[932]: ci-info: |   lo   | True |         127.0.0.1          |   255.0.0.0   |   .   |         .         |
[   37.451931] cloud-init[932]: ci-info: |   lo   | True |          ::1/128           |       .       |  host |         .         |
[   37.452326] cloud-init[932]: ci-info: +--------+------+----------------------------+---------------+-------+-------------------+
         Starting LXD - unix socket.
[   37.452450] cloud-init[932]: ci-info: +++++++++++++++++++++++++++Route IPv4 info++++++++++++++++++++++++++++
[   37.639982] cloud-init[932]: ci-info: +-------+-------------+----------+---------------+-----------+-------+
[[0;32m  OK  [0m] Started Daily Cleanup of Temporary Directories.
[   37.640572] cloud-init[932]: ci-info: | Route | Destination | Gateway  |    Genmask    | Interface | Flags |
[   37.836382] cloud-init[932]: ci-info: +-------+-------------+----------+---------------+-----------+-------+
[   37.836559] cloud-init[932]: ci-info: |   0   |   0.0.0.0   | 10.0.2.2 |    0.0.0.0    |   enp0s3  |   UG  |
         Starting Socket activation for snappy daemon.
[[   37.836649] cloud-init[932]: ci-info: |   1   |   10.0.2.0  | 0.0.0.0  | 255.255.255.0 |   enp0s3  |   U   |
[   38.509738] cloud-init[932]: ci-info: +-------+-------------+----------+---------------+-----------+-------+
[0;32m  OK  [0m[   38.512041] cloud-init[932]: Generating public/private rsa key pair.
[   38.512467] cloud-init[932]: Your identification has been saved in /etc/ssh/ssh_host_rsa_key.
] Listening on ACPID Listen Socket.
[[   38.512612] cloud-init[932]: Your public key has been saved in /etc/ssh/ssh_host_rsa_key.pub.
[0;32m  OK  [0m] Started Timer to automatically refresh installed snaps.
[[   38.841520] cloud-init[932]: The key fingerprint is:
[   38.925039] cloud-init[932]: [0;32m  OK  [0mSHA256:o2Ym4dpdbxdtZMOQr6QCqhhq0v3bkg7RY0ugpcJ9C38 root@ubuntu-xenial] 
Listening on D-Bus System Message Bus Socket.
[[   38.925153] cloud-init[932]: The key's randomart image is:
[   39.089166] [0;32m  OK  [0mcloud-init] [932]: Listening on UUID daemon activation socket.+---[RSA 2048]----+

[   39.220427] cloud-init[932]: |             .   |
[   39.220735] cloud-init[932]: |            o    |
[[0;32m  OK  [0m] Started ACPI Events Check.
[[   39.220847] cloud-init[932]: |    o        +   |
[   39.367121] cloud-init[932]: |. .+ o.     . *  |
[   39.367255] cloud-init[932]: |..oooo=.S  o = . |
[   39.369201] cloud-init[932]: |.. .==.+... o o  |
[   39.369653] cloud-init[932]: |.+ o+o*E..   o   |
[   39.370417] cloud-init[932]: |+.oo.B+o .. .    |
[   39.371407] cloud-init[932]: |o . .o=o....     |
[   39.372716] cloud-init[932]: +----[SHA256]-----+
[   39.373102] cloud-init[932]: Generating public/private dsa key pair.
[   39.373797] cloud-init[932]: Your identification has been saved in /etc/ssh/ssh_host_dsa_key.
[   39.374535] cloud-init[932]: Your public key has been saved in /etc/ssh/ssh_host_dsa_key.pub.
[   39.375207] cloud-init[932]: The key fingerprint is:
[   39.376554] cloud-init[932]: SHA256:F2TyM8P26ox2e4nYS/LTESgLn1OlWlksKbV+uV2JqEs root@ubuntu-xenial
[   39.376639] cloud-init[932]: The key's randomart image is:
[   39.376705] cloud-init[932]: +---[DSA 1024]----+
[   39.376768] cloud-init[932]: |        ..+o     |
[   39.376834] cloud-init[932]: |        .*o.+    |
[   39.376898] cloud-init[932]: |         .XB     |
[   39.376987] cloud-init[932]: |      . .o**o.. .|
[   39.377054] cloud-init[932]: |       oSBo.+o ..|
[   39.377118] cloud-init[932]: |        *..o.o . |
[   39.377198] cloud-init[932]: |        .Eoo.o.  |
[   39.377280] cloud-init[932]: |        +B* +    |
[   39.377348] cloud-init[932]: |       ..o*=     |
[   39.377412] cloud-init[932]: +----[SHA256]-----+
[   39.377469] cloud-init[932]: Generating public/private ecdsa key pair.
[   39.377527] cloud-init[932]: Your identification has been saved in /etc/ssh/ssh_host_ecdsa_key.
[   39.377586] cloud-init[932]: Your public key has been saved in /etc/ssh/ssh_host_ecdsa_key.pub.
[   39.377642] cloud-init[932]: The key fingerprint is:
[   39.377697] cloud-init[932]: SHA256:NmGQpOw3KewFMX3Ratf9OuH6RdTL3KybKtZy4st6Xwk root@ubuntu-xenial
[   39.377764] cloud-init[932]: The key's randomart image is:
[   39.377823] cloud-init[932]: +---[ECDSA 256]---+
[   39.377879] cloud-init[932]: |    ooo..o       |
[   39.377934] cloud-init[932]: |   . +o.. .     .|
[   39.377989] cloud-init[932]: |    +  .o. . .  o|
[   39.378045] cloud-init[932]: |   o . oo.. . +oo|
[   39.378099] cloud-init[932]: |    + =.S.  E  =+|
[   39.378153] cloud-init[932]: |   . + o .   ..+.|
[   39.378209] cloud-init[932]: |    .      . .+o.|
[   39.378264] cloud-init[932]: |         .* o.++ |
[   39.378318] cloud-init[932]: |        .=+B+++. |
[   39.378373] cloud-init[932]: +----[SHA256]-----+
[   39.378437] cloud-init[932]: Generating public/private ed25519 key pair.
[   39.378495] cloud-init[932]: Your identification has been saved in /etc/ssh/ssh_host_ed25519_key.
[   39.378551] cloud-init[932]: Your public key has been saved in /etc/ssh/ssh_host_ed25519_key.pub.
[   39.378607] cloud-init[932]: The key fingerprint is:
[   39.378663] cloud-init[932]: SHA256:/9VDvH66e3wHSAyiNmHvQIYvten1cKRFmz4qAGqn3G4 root@ubuntu-xenial
[   39.378719] cloud-init[932]: The key's randomart image is:
[   39.378773] cloud-init[932]: +--[ED25519 256]--+
[   39.378829] cloud-init[932]: |     .   ..      |
[   39.378885] cloud-init[932]: |    . * . +o     |
[   39.378940] cloud-init[932]: |  .  * * =oo     |
[   39.378996] cloud-init[932]: | . .. O =.. o .  |
[   39.379050] cloud-init[932]: |.. ..+ =S+o. . o |
[   39.379115] cloud-init[932]: |o +  .. .o... o..|
[   39.379172] cloud-init[932]: | o .  . . .   .=.|
[   39.379227] cloud-init[932]: |  .E   .   . .. B|
[   39.379282] cloud-init[932]: |  ..        . +*+|
[   39.379337] cloud-init[932]: +----[SHA256]-----+
[0;32m  OK  [0m] Reached target Paths.
[[0;32m  OK  [0m] Started Daily apt download activities.
[[0;32m  OK  [0m] Started Daily apt upgrade and clean activities.
[[0;32m  OK  [0m] Reached target Timers.
[[0;32m  OK  [0m] Reached target Network is Online.
         Starting iSCSI initiator daemon (iscsid)...
[[0;32m  OK  [0m] Reached target Cloud-config availability.
[[0;32m  OK  [0m] Listening on LXD - unix socket.
[[0;32m  OK  [0m] Listening on Socket activation for snappy daemon.
[[0;32m  OK  [0m] Reached target Sockets.
[[0;32m  OK  [0m] Reached target Basic System.
[[0;32m  OK  [0m] Started Regular background program processing daemon.
         Starting Login Service...
         Starting Accounts Service...
         Starting LSB: MD monitoring daemon...
[[0;32m  OK  [0m] Started FUSE filesystem for LXC.
         Starting Pollinate to seed the pseudo random number generator...
[[0;32m  OK  [0m] Started Deferred execution scheduler.
         Starting Virtualbox guest utils...
[[0;32m  OK  [0m] Started D-Bus System Message Bus.
         Starting Apply the settings specified in cloud-config...
[[0;32m  OK  [0m] Started Unattended Upgrades Shutdown.
         Starting LSB: Record successful boot for GRUB...
         Starting /etc/rc.local Compatibility...
         Starting System Logging Service...
[[0;32m  OK  [0m] Started ACPI event daemon.
         Starting Snappy daemon...
         Starting LXD - container startup/shutdown...
[[0;32m  OK  [0m] Started iSCSI initiator daemon (iscsid).
[[0;32m  OK  [0m] Started /etc/rc.local Compatibility.
[[0;32m  OK  [0m] Started Login Service.
         Starting Authenticate and Authorize Users to Run Privileged Tasks...
         Starting Login to default iSCSI targets...
[[0;32m  OK  [0m] Started System Logging Service.
[[0;32m  OK  [0m] Started LSB: MD monitoring daemon.
[[0;32m  OK  [0m] Started LSB: Record successful boot for GRUB.
[[0;32m  OK  [0m] Started Virtualbox guest utils.
[[0;32m  OK  [0m] Started Authenticate and Authorize Users to Run Privileged Tasks.
[[0;32m  OK  [0m] Started Login to default iSCSI targets.
[[0;32m  OK  [0m] Started Accounts Service.
[[0;32m  OK  [0m] Reached target Remote File Systems (Pre).
[[0;32m  OK  [0m] Reached target Remote File Systems.
         Starting LSB: Set the CPU Frequency Scaling governor to "ondemand"...
         Starting Permit User Sessions...
[   42.606614] cloud-init[1082]: Generating locales (this might take a while)...
         Starting LSB: automatic crash report generation...
         Starting LSB: daemon to balance interrupts for SMP systems...
[[0;32m  OK  [0m] Started Permit User Sessions.
[[0;32m  OK  [0m] Started LSB: Set the CPU Frequency Scaling governor to "ondemand".
         Starting Hold until boot process finishes up...
         Starting Terminate Plymouth Boot Screen...
[[0;32m  OK  [0m] Started LXD - container startup/shutdown.
[[0;32m  OK  [0m] Started LSB: automatic crash report generation.
[[0;32m  OK  [0m] Started LSB: daemon to balance interrupts for SMP systems.
[[0;32m  OK  [0m] Started Hold until boot process finishes up.
[[0;32m  OK  [0m] Started Terminate Plymouth Boot Screen.
         Starting Set console scheme...
[[0;32m  OK  [0m] Started Serial Getty on ttyS0.
[[0;32m  OK  [0m] Started Getty on tty1.
[[0;32m  OK  [0m] Reached target Login Prompts.
[[0;32m  OK  [0m] Started Snappy daemon.
[[0;32m  OK  [0m] Started Set console scheme.
[[0;32m  OK  [0m] Started Pollinate to seed the pseudo random number generator.
         Starting OpenBSD Secure Shell server...
[[0;32m  OK  [0m] Started OpenBSD Secure Shell server.
[[0;32m  OK  [0m] Reached target Multi-User System.
[[0;32m  OK  [0m] Reached target Graphical Interface.
         Starting Update UTMP about System Runlevel Changes...
[[0;32m  OK  [0m] Started Update UTMP about System Runlevel Changes.
[   43.936902] cloud-init[1082]:   en_US.UTF-8... done
[   44.005621] cloud-init[1082]: Generation complete.
[[0;32m  OK  [0m] Created slice User Slice of vagrant.
         Starting User Manager for UID 1000...
[[0;32m  OK  [0m] Started Session 1 of user vagrant.
[[0;32m  OK  [0m] Started User Manager for UID 1000.
[   45.530525] cloud-init[1082]: Cloud-init v. 17.2 running 'modules:config' at Sat, 07 Apr 2018 00:55:21 +0000. Up 42.00 seconds.
[[0;32m  OK  [0m] Started Apply the settings specified in cloud-config.
         Starting Execute cloud user/final scripts...
ci-info: no authorized ssh keys fingerprints found for user ubuntu.
<14>Apr  7 00:55:25 ec2: 
<14>Apr  7 00:55:25 ec2: #############################################################
<14>Apr  7 00:55:25 ec2: -----BEGIN SSH HOST KEY FINGERPRINTS-----
<14>Apr  7 00:55:25 ec2: 1024 SHA256:F2TyM8P26ox2e4nYS/LTESgLn1OlWlksKbV+uV2JqEs root@ubuntu-xenial (DSA)
<14>Apr  7 00:55:25 ec2: 256 SHA256:NmGQpOw3KewFMX3Ratf9OuH6RdTL3KybKtZy4st6Xwk root@ubuntu-xenial (ECDSA)
<14>Apr  7 00:55:25 ec2: 256 SHA256:/9VDvH66e3wHSAyiNmHvQIYvten1cKRFmz4qAGqn3G4 root@ubuntu-xenial (ED25519)
<14>Apr  7 00:55:25 ec2: 2048 SHA256:o2Ym4dpdbxdtZMOQr6QCqhhq0v3bkg7RY0ugpcJ9C38 root@ubuntu-xenial (RSA)
<14>Apr  7 00:55:25 ec2: -----END SSH HOST KEY FINGERPRINTS-----
<14>Apr  7 00:55:25 ec2: #############################################################
-----BEGIN SSH HOST KEY KEYS-----
ecdsa-sha2-nistp256 AAAAE2VjZHNhLXNoYTItbmlzdHAyNTYAAAAIbmlzdHAyNTYAAABBBNlm+6e7Nk91lsiJzMxVbiYNKQrFoMRy5oSKQV932xofpQ5pWdxL4hQyRxzjHJ5rRJGMwpLFev3KEfJpglu0fa8= root@ubuntu-xenial
ssh-ed25519 AAAAC3NzaC1lZDI1NTE5AAAAIFEDIjoX3GQWlg+q1r83UnBfEZE+voR0gNh2STiVX8ys root@ubuntu-xenial
ssh-rsa AAAAB3NzaC1yc2EAAAADAQABAAABAQDJk0LAzMF0nWbqOsO9DIIefZpe8tqTsK9rgm3bHq7wsgjw7hQiF60laZZ2wKBwUqgvwmu8AEhJEfeL+GRrqxCgp4vfG/vZVBKmZQsIHTKUAp3uHBbxEH6/XlJRL/Vq22MzltPHbNMEuSnX7JJMk21uGXgk51fYwLDMRNlx854keHkZufufJ5ZwRGzvem/aUYBT3yE8xLfblccSdZ3IkkySFZg13yQ97JmEOrXRpMSK0L33XSzjttuMtjQLNBHoy27YPK+eCXWrCHuwG+PyKp+ZN29lbFhcZSTToKvTNTkSszNdgBYBlgoayvxgSuoEEBRQ3l65iNA5PWFebTqt1NeL root@ubuntu-xenial
-----END SSH HOST KEY KEYS-----
[   46.946749] cloud-init[1361]: Cloud-init v. 17.2 running 'modules:final' at Sat, 07 Apr 2018 00:55:25 +0000. Up 46.08 seconds.
[   47.030009] [cloud-init[0;32m  OK  [0m[1361]: ] ci-info: no authorized ssh keys fingerprints found for user ubuntu.Started Execute cloud user/final scripts.

[   47.030576] cloud-init[1361]: Cloud-init v. 17.2 finished at Sat, 07 Apr 2018 00:55:26 +0000. Datasource DataSourceNoCloud [seed=/dev/sdb][dsmode=net].  Up 46.93 seconds
[[0;32m  OK  [0m] Reached target Cloud-init target.

Ubuntu 16.04.4 LTS ubuntu-xenial ttyS0

ubuntu-xenial login:          Stopping a         Stopping Serial Getty on ttyS0...
         Stopping Getty on tty1...
         Stopping Snappy daemon...
         Stopping OpenBSD Secure Shell server...
         Stopping D-Bus System Message Bus...
         Stopping LXD - container startup/shutdown...
         Stopping System Logging Service...
[[0;32m  OK  [0m] Stopped Timer to automatically refresh installed snaps.
         Stopping FUSE filesystem for LXC...
         Stopping Virtualbox guest utils...
[[0;32m  OK  [0m] Stopped target System Time Synchronized.
[[0;32m  OK  [0m] Stopped Apply the settings specified in cloud-config.
[[0;32m  OK  [0m] Stopped target Cloud-config availability.
[[0;32m  OK  [0m] Stopped Daily Cleanup of Temporary Directories.
         Stopping Accounts Service...
         Stopping LSB: daemon to balance interrupts for SMP systems...
         Stopping LSB: MD monitoring daemon...
         Stopping ACPI event daemon...
[[0;32m  OK  [0m] Unmounted /var/lib/lxcfs.
[[0;32m  OK  [0m] Stopped Regular background program processing daemon.
[[0;32m  OK  [0m] Stopped Accounts Service.
[[0;32m  OK  [0m] Stopped Deferred execution scheduler.
[[0;32m  OK  [0m] Stopped System Logging Service.
[[0;32m  OK  [0m] Stopped ACPI event daemon.
[[0;32m  OK  [0m] Stopped Snappy daemon.
[[0;32m  OK  [0m] Stopped Authenticate and Authorize Users to Run Privileged Tasks.
[[0;32m  OK  [0m] Stopped Serial Getty on ttyS0.
[[0;32m  OK  [0m] Stopped Getty on tty1.
[[0;32m  OK  [0m] Stopped OpenBSD Secure Shell server.
[[0;32m  OK  [0m] Stopped User Manager for UID 1000.
[[0;32m  OK  [0m] Stopped Session 3 of user vagrant.
[[0;32m  OK  [0m] Stopped Unattended Upgrades Shutdown.
[[0;32m  OK  [0m] Stopped D-Bus System Message Bus.
[[0;32m  OK  [0m] Stopped FUSE filesystem for LXC.
[[0;32m  OK  [0m] Stopped LSB: Record successful boot for GRUB.
[[0;32m  OK  [0m] Stopped LSB: Set the CPU Frequency Scaling governor to "ondemand".
[[0;32m  OK  [0m] Stopped LSB: automatic crash report generation.
[[0;32m  OK  [0m] Stopped LXD - container startup/shutdown.
[[0;32m  OK  [0m] Stopped LSB: daemon to balance interrupts for SMP systems.
[[0;32m  OK  [0m] Stopped Virtualbox guest utils.
[[0;32m  OK  [0m] Stopped LSB: MD monitoring daemon.
[[0;32m  OK  [0m] Removed slice User Slice of vagrant.
         Stopping Login Service...
[[0;32m  OK  [0m] Removed slice system-getty.slice.
         Stopping Permit User Sessions...
[[0;32m  OK  [0m] Stopped /etc/rc.local Compatibility.
[[0;32m  OK  [0m] Removed slice system-serial\x2dgetty.slice.
[[0;32m  OK  [0m] Stopped Login Service.
[[0;32m  OK  [0m] Stopped Permit User Sessions.
[[0;32m  OK  [0m] Stopped target Remote File Systems.
[[0;32m  OK  [0m] Stopped target Remote File Systems (Pre).
         Stopping Login to default iSCSI targets...
[[0;32m  OK  [0m] Stopped target User and Group Name Lookups.
[[0;32m  OK  [0m] Stopped target Basic System.
         Unmounting /tmp...
[[0;32m  OK  [0m] Stopped target Paths.
[[0;32m  OK  [0m] Stopped ACPI Events Check.
[[0;32m  OK  [0m] Stopped Dispatch Password Requests to Console Directory Watch.
[[0;32m  OK  [0m] Stopped Forward Password Requests to Wall Directory Watch.
[[0;32m  OK  [0m] Stopped target Sockets.
[[0;32m  OK  [0m] Closed Socket activation for snappy daemon.
[[0;32m  OK  [0m] Closed LXD - unix socket.
[[0;32m  OK  [0m] Closed ACPID Listen Socket.
[[0;32m  OK  [0m] Closed Syslog Socket.
[[0;32m  OK  [0m] Closed UUID daemon activation socket.
[[0;32m  OK  [0m] Closed D-Bus System Message Bus Socket.
[[0;32m  OK  [0m] Stopped target System Initialization.
[[0;32m  OK  [0m] Stopped target Encrypted Volumes.
[[0;32m  OK  [0m] Stopped Commit a transient machine-id on disk.
[[0;32m  OK  [0m] Stopped target Swap.
         Stopping Update UTMP about System Boot/Shutdown...
         Stopping Load/Save Random Seed...
[[0;32m  OK  [0m] Stopped target Slices.
[[0;32m  OK  [0m] Removed slice User and Session Slice.
[[0;32m  OK  [0m] Unmounted /tmp.
[[0;32m  OK  [0m] Stopped Load/Save Random Seed.
[[0;32m  OK  [0m] Stopped Login to default iSCSI targets.
[[0;32m  OK  [0m] Stopped Update UTMP about System Boot/Shutdown.
[[0;32m  OK  [0m] Stopped Create Volatile Files and Directories.
         Stopping iSCSI initiator daemon (iscsid)...
[[0;32m  OK  [0m] Stopped iSCSI initiator daemon (iscsid).
[[0;32m  OK  [0m] Stopped target Network is Online.
[[0;32m  OK  [0m] Stopped Initial cloud-init job (metadata service crawler).
[[0;32m  OK  [0m] Stopped target Network.
         Stopping Raise network interfaces...
[[0;32m  OK  [0m] Stopped Raise network interfaces.
[[0;32m  OK  [0m] Stopped target Local File Systems.
         Unmounting /run/user/1000...
[[0;32m  OK  [0m] Stopped Apply Kernel Variables.
[[0;32m  OK  [0m] Stopped target Network (Pre).
[[0;32m  OK  [0m] Stopped Initial cloud-init job (pre-networking).
[[0;32m  OK  [0m] Stopped Load Kernel Modules.
[[0;32m  OK  [0m] Unmounted /run/user/1000.
[[0;32m  OK  [0m] Reached target Unmount All Filesystems.
[[0;32m  OK  [0m] Stopped target Local File Systems (Pre).
         Stopping Monitoring of LVM2 mirrors... dmeventd or progress polling...
[[0;32m  OK  [0m] Stopped Create Static Device Nodes in /dev.
[[0;32m  OK  [0m] Stopped Remount Root and Kernel File Systems.
[[0;32m  OK  [0m] Reached target Shutdown.
[  475.648957] reboot: Power down
