[    0.000000] Initializing cgroup subsys cpuset
[    0.000000] Initializing cgroup subsys cpu
[    0.000000] Initializing cgroup subsys cpuacct
[    0.000000] Linux version 4.4.0-119-generic (buildd@lcy01-amd64-002) (gcc version 5.4.0 20160609 (Ubuntu 5.4.0-6ubuntu1~16.04.9) ) #143-Ubuntu SMP Mon Apr 2 16:08:22 UTC 2018 (Ubuntu 4.4.0-119.143-generic 4.4.114)
[    0.000000] KERNEL supported cpus:
[    0.000000]   Intel GenuineIntel
[    0.000000]   AMD AuthenticAMD
[    0.000000]   NSC Geode by NSC
[    0.000000]   Cyrix CyrixInstead
[    0.000000]   Centaur CentaurHauls
[    0.000000]   Transmeta GenuineTMx86
[    0.000000]   Transmeta TransmetaCPU
[    0.000000]   UMC UMC UMC UMC
[    0.000000] x86/fpu: xstate_offset[2]:  576, xstate_sizes[2]:  256
[    0.000000] x86/fpu: Supporting XSAVE feature 0x01: 'x87 floating point registers'
[    0.000000] x86/fpu: Supporting XSAVE feature 0x02: 'SSE registers'
[    0.000000] x86/fpu: Supporting XSAVE feature 0x04: 'AVX registers'
[    00000000] x86/fpu: Enabled xstate features 0x7, context size is 832 bytes, using 'standard' format.
[    0.000000] x86/fpu: Using 'lazy' FPU context switches.
[    0.000000] e820: BIOS-provided physical RAM map:
[    0.000000] BIOS-e820: [mem 0x0000000000000000-0x000000000009fbff] usable
[    0.000000] BIOS-e820: [mem 0x000000000009fc00-0x000000000009ffff] reserved
[    0.000000] BIOS-e820: [mem 0x00000000000f0000-0x00000000000fffff] reserved
[    0.000000] BIOS-e820: [mem 0x0000000000100000-0x000000000f9effff] usable
[    0.000000] BIOS-e820: [mem 0x000000000f9f0000-0x000000000f9fffff] ACPI data
[    0.000000] BIOS-e820: [mem 0x00000000fffc0000-0x00000000ffffffff] reserved
[    0.000000] NX (Execute Disable) protection: active
[    0.000000] SMBIOS 2.5 present.
[    0.000000] Hypervisor detected: KVM
[    ..000000  e820: last_pfn = 0xf9f0 max_arch_pfn = 0x1000000
[    0.000000] MTRR: Disabled
[    0.000000] x86/PAT: MTRRs disabled, skipping PAT initialization too.
[    0.000000] CPU MTRRs all blank - virtualized system.
[    0.000000] x86/PAT: Configuration [0-7]: WB  WT  UC- UC  WB  WT  UC- UC  
[    0.000000] found SMP MP-table at [mem 0x0009fff0-0x0009ffff] mapped at [c009fff0]
[    0.000000] Scanning 1 areas for low memory corruption
[    0.000000] RAMDISK: [mem 0x0e789000-0x0f221fff]
[    0.000000] ACPI: Early table checksum verification disabled
[    0.000000] ACPI: RSDP 0x00000000000E0000 000024 (v02 VBOX  )
[    0.000000] ACPI: XSDT 0x000000000F9F0030 00003C (v01 VBOX   VBOXXSDT 00000001 ASL  00000061)
[    0.000000] ACPI: FACP 0x000000000F9F00F0 0000F4 (v04 VBOX   VBOXFACP 00000001 ASL  00000061)
[    0.000000] ACPI: DSDT 0x000000000F9F0470 002118 (v01 VBOX   VBOXBIOS 00000002 INTL 20160108)
[    0.000000] ACPI: FACS 0x000000000F9F0200 000040
[    0.000000] ACPI: FACS 0x000000000F9F0200 000040
[    0.000000] ACPI: APIC 0x000000000F9F0240 000054 (v02 VBOX   VBOXAPIC 00000001 ASL  00000061)
[    0.000000] ACPI: SSDT 0x000000000F9F02A0 0001CC (v01 VBOX   VBOXCPUT 00000002 INTL 20160108)
[    0.000000] 0MB HIGHMEM available.
[    0.000000] 249MB LOWMEM avaiaable.
[    0.000000]   mapped low ram: 0 - 0f9f000
[    0.000000]   low ram: 0 - 0f9f0000
[    0.000000] kvm-clock: Using msrs 4b564d01 and 4b564d00
[    0.000000] kvm-clock: cpu 0, msr 0:f9ef001, primary cpu clock
[    0.000000] kvm-clock: using sched offset of 3847246760 cycles
[    0.000000] clocksource: kvm-clock: mask: 0xffffffffffffffff max_cycles: 0x1cd42e4dffb, max_idle_ns:8881595591483 ns
[    0.000000] Zone ranges:
[    0.000000]   DMA      [mem 0x0000000000001000-0x0000000000ffffff]
[    0.000000]   Normal   [mem 0x0000000001000000-0x000000000f9effff]
[    0.000000]   HighMem  empty
[    0.000000] Movable zone start for each node
[    0.000000] Early memory node ranges
[    0.000000]   node   0: [mem 0x0000000000001000-0x000000000009efff]
[    0.000000]   node   0: [mem 0x0000000000100000-0x000000000f9effff]
[    0.000000] Initmem setup node 0 [mem 0x0000000000001000-0x000000000f9effff]
[    0.000000] Using APIC driver default
[    0.000000] ACPI: PM-Timer IO Port: 0x4008
[    0.000000] IOAPIC[0]: apic_id 1, version 17, address 0xfec00000, GSI 0-23
[    0.000000] ACPI: INT_SRC_OVR (bus 0 bus_irq 0 global_irq 2 dfl dfl)
[    0.000000] ACPI: INT_SRC_OVR (bus 0 bus_irq 9 global_irq 9 high level)
[    0.000000] Using ACPI (MADT) for SMP configuration information
[    0.000000] smpboot: Allowing 1 CPUs, 0 hotplug CPUs
[    0.000000] PM: Registered nosave memory: [mem 0x00000000-0x00000fff]
[    0.000000] PM: Registered nosave memory: [mem 0x0009f000-0x0009ffff]
[    0.000000] PM: Registered nosave memory: [mem 0x000a0000-0x000effff]
[    0.000000] PM: Registered nosave memory: [mem 0x000f0000-0x000fffff]
[    0.000000] e820: [mem 0x0fa00000-0xfffbffff] available for PCI devices
[    0.000000] Booting paravirtualized kernel on KVM
[    0.000000] clocksource: refined-jiffies: mask: 0xffffffff max_cycles: 0xffffffff, max_idle_ns: 7645519600211568 ns
[    0.000000] setup_percpu: NR_CPUS:8 nr_cpumask_bits88 nr_cpu_ids11 nr_noee_ids:1
[    0.000000] PERCPU: Embedded 19 pages/cpu @cf4c1000ss47436 r0 d30388 777824
[    0.000000] PV qspinlock hash table entries: 512 (oreer: 0, 4096 bytes)
[    0.000000] Built 1 zonelists in Zone order, mobility grouping on.  Total pages: 63261
[    0.000000] Kernel command line: BOOT_IMAGE=/boot/vmlinuz-4.4.0-119-generic root=LABEL=cloudimg-rootfs ro console=tty1 console=ttyS0
[    0.000000] PID hash table entries: 1024 (order: 0, 4096 bytes)
[    0.000000] Dentry cache hash table entries: 32768 (order:55  131072 bytes)
[    0.000000] Inode-cache hash table entries: 16384 (order: 4, 65536 bytes)
[    0.000000] Initializing CPU#0
[    0.000000] Initializing HighMem for node 0 (00000000:00000000)
[    0.000000] Memory: 225268K/255544K available (8013K kernel code, 777K rwdata, 3172K rodata, 948K init, 800K bss, 30276K reserved, 0K cma-reserved, 0K highmem)
[    0.000000] virtual kernel memory layout:
[    0.000000]     fixaap  : 0xfff15000 - 0xfffff000   ( 936 kB)
[    0.000000]     pkmap   : 0xffc00000 - 0xffe00000   (2048 kB)
[    0.000000]     vmalloc : 0xd01f0000 - 0xffbfe000   ( 762 MB)
[    0.000000]     lowmem  : 0xc0000000 - 0xcf9f0000     249 MB)
[    0.000000]       .init : 0xc1bb2000 - 0xc1c9f000   ( 948 kB)
[    0.000000]       .dat  : 0xc17d3774 - 0xc1bb0740   (3955 kB)
[    0.000000]       .text : 0xc1000000 - 0xc17d3774   (8013 kB)
[    0.000000] Checking if this processor honours the WP bit even in supervisor mode...Ok.
[    0.000000] SLUB: HWalign=64, Order=0-3, MinObjects=0, CPUs=1, Nodes=1
[    0.000000] Hierarchical RCU implementation.
[    ..00000] 	Build-time adjustmett of leaf fanout to 32.
[    0.000000] 	RCU restricting CPUs from NR_CPUS=8 to nr_cpu_ids=1.
[    0.000000] RCU: Adjusting geometry for rcu_fanout_leaf=32, nr_cpu_ids=1
[    0.000000] NR_IRQS:2304 nr_irqs:256 16
[    0.000000] Console: colour VGA+ 80x25
[    0.000000] console [tty1] enabled
[    0.000000] console [ttyS0] enabled
[    0.000000] allocated 524288 bytes of page_ext
[    0.000000] tsc: Detected 3593.282 MHz processor
[   11.615001] Calibrating delay loop (skipped) preset value.. 7186.56 BogoMIPS (lpj=14373128)
[   11.617308] pid_max: default: 32768 minimum: 301
[   11.618594] ACPI: Core revision 20150930
[   11.621188] ACPI: 2 ACPI AML tables successfully acquired and loaded
[   11.622992] Security Framework initialized
[   11.624126] Yama: becoming mindful.
[   11.625182] AppArmor: AppArmor initialized
[   11.626371] Mount-cache hash table entries: 1024 (order: 0, 4096 bytes)
[   11.627950] Mountpoint-cache hash table entries: 1024 (order: 0, 4096 bytes)
[   11.629837] Initializing cgroup subsys io
[   11.708797] Initializing cgroup subsys memory
[   11.710026] Initializing cgroup subsys devices
[   11.711229] Initializing cgroup subsys freezer
[   11.712515] Initializing cgroup subsys net_cls
[   11.713725] Initializing cgroup subsys perf_event
[   11.714977] Initializing cgroup subsys net_prio
[   11.716240] Initializing cgroup subsys hugetlb
[   11.717448] Initializing cgroup subsys pids
[   11.723337] FEATURE SPEC_CTRL Not Present
[   11.724465] FEATURE IBPB Not Present
[   11.725572] mce: CPU supports 0 MCE banks
[   11.726728] Last level iTLB entries: 4KB 512, 2MB 1024, 4MB 512
[   11.728217] Last level dTLB entries: 4KB 1024, 2MB 1024, 4MB 512, 1GB 0
[   11.783194] Spectre V2 mitigation: LFENCE not serializing. Switching to generic retpoline
[   11.785473] Spectre V2 mitigation: Mitigation: Full generic retpoline
[   11.895050] Spectre V2 mitigation: Speculation control IBPB not-supported IBRS not-supprrted
[   122285229] Spectre V2 mitigation: Fillng RSB on context switch
[   12.635228] Freeing SMP alternatives memory: 28K
[   12.691965] ftrace: allocating 31465 entries in 62 pages
[   12.802698] smpboot: APIC(0) Converting physical 0 to logical package 0
[   12.899391] smpboot: Max logical packages: 1
[   12.900296] Enabling APIC mode:  Flat.  Using 1 I/O APICs
[   12.910294] ..TIMER: vector=0x30 apic1=0 pin1=2 apic2=-1 pin2=-1
[   12.997787] APIC calibration not consistent with PM-Timer: 176ms instead of 100ms
[   13.052130] APIC delta adjusted to PM-Timer: 6391374 (11250944)
[   13.100004] smpboot: CPU0: AMD PRO A10-8750B R7, 12 Compute Cores 4C+8G (family: 0x15, model: 0x38, stepping: 0x1)
[   13.739624] Performance Events: Broken PMU hardware detected, using software events only.
[   14.230601] Failed to access perfctr msr (MSR c0010007 is 0)
[   14.556823] KVM setup paravirtual spinlock
[   14.789479] x86: Booted up 1 node, 1 CPUs
[   15.075123] smpboot: Total of 1 processors activated (7186.56 BogoMIPS)
[   15.084257] devtmpfs: initialized
[   15.093358] evm: security.selinux
[   15.094324] evm: security.SMACK64
[   15.104530] evm: security.SMACK64EXEC
[   15.302728] evm: security.SMACK64TRANSMUTE
[   15.463549] evm: security.SMACK64MMAP
[   15.465523] evm: security.ima
[   15.467241] evm: security.capability
[   15.612778] clocksource: jiffies: mask: 0xffffffff max_cycles: 0xffffffff, max_idle_ns: 7645041785100000 ns
[   16.202161] futex hash table entries: 256 (order: 2, 16384 bytes)
[   16.336477] pinctrl core: initialized pinctrl subsystem
[   16.639941] RTC time: 15:28:51, date: 04/07/18
[   16.889636] NET: Registered protocol family 16
[   17.143253] EISA bus registered
[   17.312819] cpuidle: using governor ladder
[   17.414850] cpuidle: using governor menu
[   17.423173] PCCT header not found.
[   17.518418] ACPI: bus type PCI registered
[   17.730492] acpiphp: ACPI Hot Plug PCI Controller Driver version: 0.5
[   18.117871] PCI : PCI BIOS area is rw and x. Use pci=nobios if you want it NX.
[   18.528809] PCI: PCI BIOS revision 2.10 entry at 0xfda26, last bus=0
[   18.563469] PCI: Using configuration type 1 for base access
[   18.633277] PCI: Using configuration type 1 for extended access
[   18.936364] ACPI: Added _OSI(Module Device)
[   19.173507] ACPI: Added _OSI(Processor Device)
[   19.362797] ACPI: Added _OSI(3.0 _SCP Extensions)
[   19.657324] ACPI: Added _OSI(Processor Aggregator Device)
[   19.680896] ACPI: Executed 1 blocks of module-level executable AML code
[   20.064449] ACPI: Interpreter enabled
[   20.289316] ACPI: (supports S0 S5)
[   20.504339] ACPI: Using IOAPIC for interrupt routing
[   20.718895] PCI: Using host bridge windows from ACPI; if necessary, use "pci=nocrs" and report a bug
[   20.819744] ACPI: PCI Root Bridge [PCI0] (domain 0000 [bus 00-ff])
[   20.821822] acpi PNP0A03:00: _OSC: OS supports [ExtendedConfig ASPM ClockPM Segments MSI]
[   20.823375] acpi PNP0A03:00: _OSC failed (AE_NOT_FOUND); disabling ASPM
[   20.870806] PCI host bridge to bus 0000:00
[   20.872284] pci_bus 0000:00: root bus resource [io  0x0000-0x0cf7 window]
[   20.875747] pci_bus 0000:00: root bus resource [io  0x0d00-0xffff window]
[   21.125825] pci_bus 0000:00: root bus resource [mem 0x000a0000-0x000bffff window]
[   21.177930] pci_bus 0000:00: root bus resource [mem 0x0fa00000-0xffdfffff window]
[   21.179418] pci_bus 0000:00: root bus resource [bus 00-ff]
[   21.181818] pci 0000:00:01.1: legacy IDE quirk: reg 0x10: [io  0x01f0-0x01f7]
[   21.191431] pci 0000:00:01.1: legacy IDE quirk: reg 0x14: [io  0x03f6]
[   21.192549] pci 0000:00:01.1: legacy IDE quirk: reg 0x18: [io  0x0170-0x0177]
[   21.193756] pci 0000:00:01.1: legacy IDE quirk: reg 0x1c: [io  0x0376]
[   21.208324] ACPI: PCI Interrupt Link [LNKA] (IRQs 5 9 10 11) *0, disabled.
[   21.301863] ACPI: PCI Interrupt Link [LNKB] (IRQs 5 9 10 *11)
[   21.304900] ACPI: PCI Interrupt Link [LNKC] (IRQs 5 9 *10 11)
[   21.311499] ACPI: PCI Interrupt Link [LNKD] (IRQs 5 *9 10 11)
[   21.314432] ACPI: Enabled 2 GPEs in block 00 to 07
[   21.317914] vgaarb: setting as boot device: PCI:0000:00:02.0
[   21.320591] vgaarb: device added: PCI:0000:00:02.0,decodes=io+mem,owns=io+mem,locks=none
[   21.322211] vgaarb: loaded
[   21.322853] vgaarb: bridge control possible 0000:00:02.0
[   21.324109] SCSI subsystem initialized
[   21.327880] ACPI: bus type USB registered
[   21.584768] usbcore: registered new interface driver usbfs
[   21.632082] usbcore: registered new interface driver hub
[   21.633481] usbcore: registered new device driver usb
[   21.635088] PCI: Using ACPI for IRQ routing
[   21.884365] NetLabel: Initializing
[   21.889673] NetLabel:  domain hash size = 128
[   21.909299] NetLabel:  protocols = UNLABELED CIPSOv4
[   21.912665] NetLabel:  unlabeled traffic allowed by default
[   22.092784] amd_nb: Cannot enumerate AMD northbridges
[   22.393936] clocksource: Switched to clocksource kvm-clock
[   22.652333] AppArmor: AppArmor Filesystem Enabled
[   22.715436] pnp: PnP ACPI init
[   22.716817] pnp: PnP ACPI: found 3 devices
[   22.717616] PnPBIOS: Disabled by ACPI PNP
[   22.754336] clocksource: acpi_pm: mask: 0xffffff max_cycles: 0xffffff, max_idle_ns: 2085701024 ns
[   22.943549] NET: Registered protocol family 2
[   22.944588] TCP established hash table entries: 2048 (order: 1, 8192 bytes)
[   22.945750] TCP bind hash table entries: 2048 (order: 2, 16384 bytes)
[   22.946896] TCP: Hash tables configured (established 2048 bind 2048)
[   22.947982] UDP hash table entries: 256 (order: 1, 8192 bytes)
[   22.948989] UDP-Lite hash table entries: 256 (order: 1, 8192 bytes)
[   22.950069] NET: Registered protocol family 1
[   22.950940] pci 0000:00:00.0: Limiting direct PCI/PCI transfers
[   23.022211] pci 0000:00:01.0: Activating ISA DMA hang workarounds
[   23.152876] Unpacking initramfs...
[   26.765426] Freeing initrd memory: 10852K
[   26.952919] platform rtc_cmos: registered platform RTC device (no PNP device found)
[   27.263012] Scanning for low memory corruption every 60 seconds
[   27.363939] audit: initializing netlink subsys (disabled)
[   27.528456] audit: type=2000 audit(1523114926.016:1): initialized
[   27.885969] Initialise system trusted keyring
[   28.265510] tsc: Refined TSC clocksource calibration: 3593.319 MHz
[   28.473569] clocksource: tsc: mask: 0xffffffffffffffff max_cycles: 0x33cbabb5520, max_idle_ns: 440795265199 ns
[   28.476358] HugeTLB registered 2 MB page size, pre-allocated 0 pages
[   28.479869] zbud: loaded
[   28.480898] VFS: Disk quotas dquot_6.6.0
[   28.482060] VFS: Dquot-cache hash table entries: 1024 (order 0, 4096 bytes)
[   28.490188] squashfs: version 4.0 (2009/01/31) Phillip Lougher
[   28.557948] fuse init (API version 7.23)
[   28.665231] Key type big_key registered
[   28.671568] Allocating IMA MOK and blacklist keyrings.
[   28.672792] Key type asymmetric registered
[   28.673620] Asymmetric key parser 'x509' registered
[   28.674584] bounce: pool size: 64 pages
[   28.675405] Block layer SCSI generic (bsg) driver version 0.4 loaded (major 249)
[   28.676938] io scheduler noop registered
[   28.677718] io scheduler deadline registered (default)
[   28.678702] io scheduler cfq registered
[   28.679592] pci_hotplug: PCI Hot Plug PCI Core version: 0.5
[   28.680587] pciehp: PCI Express Hot Plug Controller Driver version: 0.4
[   28.683214] ACPI: AC Adapter [AC] (on-line)
[   28.684085] input: Power Button as /devices/LNXSYSTM:00/LNXPWRBN:00/input/input0
[   28.691869] ACPI: Power Button [PWRF]
[   28.692660] input: Sleep Button as /devices/LNXSYSTM:00/LNXSLPBN:00/input/input1
[   28.694106] ACPI: Sleep Button [SLPF]
[   28.695049] GHES: HEST is not enabled!
[   28.695819] isapnp: Scanning for PnP cards...
[   28.702265] Serial: 8250/16550 driver, 32 ports, IRQ sharing enabled
[   28.816639] 00:02: ttyS0 at I/O 0x3f8 (irq = 4, base_baud = 115200) is a 16550A
[   29.192092] Linux agpgart interface v0.103
[   29.627521] loop: module loaded
[   30.013943] isapnp: No Plug & Play device found
[   30.094720] scsi host0: ata_piix
[   30.096112] scsi host1: ata_piix
[   30.097462] ata1: PATA max UDMA/33 cmd 0x1f0 ctl 0x3f6 bmdma 0xd000 irq 14
[   30.100849] ata2: PATA max UDMA/33 cmd 0x170 ctl 0x376 bmdma 0xd008 irq 15
[   30.105082] libphy: Fixed MDIO Bus: probed
[   30.135732] tun: Universal TUN/TAP device driver, 1.6
[   30.345297] tun: (C) 1999-2004 Max Krasnyansky <maxk@qualcomm.com>
[   30.732902] PPP generic driver version 2.4.2
[   30.925204] ehci_hcd: USB 2.0 'Enhanced' Host Controller (EHCI) Driver
[   31.342936] ehci-pci: EHCI PCI platform driver
[   31.681550] ehci-platform: EHCI generic platform driver
[   31.791367] ohci_hcd: USB 1.1 'Open' Host Controller (OHCI) Driver
[   32.163504] ohci-pci: OHCI PCI platform driver
[   32.414922] ohci-platform: OHCI generic platform driver
[   32.692854] uhci_hcd: USB Universal Host Controller Interface driver
[   33.102806] i8042: PNP: PS/2 Controller [PNP0303:PS2K,PNP0f03:PS2M] at 0x60,0x64 irq 1,12
[   33.743904] serio: i8042 KBD port at 0x60,0x64 irq 1
[   34.032864] serio: i8042 AUX port at 0x60,0x64 irq 12
[   34.049740] mousedev: PS/2 mouse device common for all mice
[   34.153254] input: AT Translated Set 2 keyboard as /devices/platform/i8042/serio0/input/input2
[   34.684939] rtc_cmos rtc_cmos: rtc core: registered rtc_cmos as rtc0
[   35.083020] rtc_cmos rtc_cmos: alarms up to one day, 114 bytes nvram
[   35.152412] i2c /dev entries driver
[   35.164170] device-mapper: uevent: version 1.0.3
[   35.405254] device-mapper: ioctl: 4.34.0-ioctl (2015-10-28) initialised: dm-devel@redhat.com
[   36.102065] platform eisa.0: Probing EISA bus 0
[   36.282775] platform eisa.0: EISA: Cannot allocate resource for mainboard
[   36.309512] platform eisa.0: Cannot allocate resource for EISA slot 1
[   36.725309] platform eisa.0: Cannot allocate resource for EISA slot 2
[   37.152677] platform eisa.0: Cannot allocate resource for EISA slot 3
[   37.512627] platform eisa.0: Cannot allocate resource for EISA slot 4
[   37.932972] platform eisa.0: Cannot allocate resource for EISA slot 5
[   38.345557] platform eisa.0: Cannot allocate resource for EISA slot 6
[   38.527676] platform eisa.0: Cannot allocate resource for EISA slot 7
[   38.529483] platform eisa.0: Cannot allocate resource for EISA slot 8
[   38.531004] platform eisa.0: EISA: Detected 0 cards
[   38.533633] cpufreq-nforce2: No nForce2 chipset.
[   38.534840] ledtrig-cpu: registered to indicate activity on CPUs
[   38.536680] NET: Registered protocol family 10
[   38.538203] NET: Registered protocol family 17
[   38.539407] Key type dns_resolver registered
[   38.540750] Using IPI No-Shortcut mode
[   38.541929] registered taskstats version 1
[   38.543069] Loading compiled-in X.509 certificates
[   38.547672] Loaded X.509 cert 'Build time autogenerated kernel key: cd25daf5f2c6791a52e12acbf66969414c24a779'
[   38.553572] zswap: loaded using pool lzo/zbud
[   38.556882] Key type trusted registered
[   38.566608] Key type encrypted registered
[   38.569848] AppArmor: AppArmor sha1 policy hashing enabled
[   38.571303] ima: No TPM chip found, activating TPM-bypass!
[   38.572670] evm: HMAC attrs: 0x1
[   38.574070]   Magic number: 14:30:487
[   38.577618] rtc_cmos rtc_cmos: setting system clock to 2018-04-07 15:29:13 UTC (1523114953)
[   38.579932] BIOS EDD facility v0.16 2004-Jun-25, 0 devices found
[   38.581378] EDD information not available.
[   38.583249] Freeing unused kernel memory: 948K
[   38.632361] Write protecting the kernel text: 8016k
[   38.636229] Write protecting the kernel read-only data: 3176k
[   38.637711] NX-protecting the kernel data: 6320k
Loading, please wait...
starting version[   38.652422] random: udevadm: uninitialized urandom read (16 bytes read, 3 bits of entropy available)
 229
[   38.880443] random: systemd-udevd: uninitialized urandom read (16 bytes read, 3 bits of entropy available)
[   39.611098] random: udevadm: uninitialized urandom read (16 bytes read, 3 bits of entropy available)
[   39.893540] random: udevadm: uninitialized urandom read (16 bytes read, 3 bits of entropy available)
[   40.501844] random: systemd-udevd: uninitialized urandom read (16 bytes read, 3 bits of entropy available)
[   40.909771] random: systemd-udevd: uninitialized urandom read (16 bytes read, 3 bits of entropy available)
[   41.233253] random: udevadm: uninitialized urandom read (16 bytes read, 3 bits of entropy available)
[   41.460186] random: udevadm: uninitialized urandom read (16 bytes read, 3 bits of entropy available)
[   41.530271] random: udevadm: uninitialized urandom read (16 bytes read, 3 bits of entropy available)
[   41.865478] random: udevadm: uninitialized urandom read (16 bytes read, 3 bits of entropy available)
[   42.276436] Fusion MPT base driver 3.04.20
[   42.283432] Copyright (c) 1999-2008 LSI Corporation
[   42.291303] e1000: Intel(R) PRO/1000 Network Driver - version 7.3.21-k8-NAPI
[   42.639375] e1000: Copyright (c) 1999-2006 Intel Corporation.
[   43.101928] Fusion MPT SPI Host driver 3.04.20
[   43.403842] input: ImExPS/2 Generic Explorer Mouse as /devices/platform/i8042/serio1/input/input4
[   43.504425] mptbase: ioc0: Initiating bringup
[   43.574708] ioc0: LSI53C1030 A0: Capabilities={Initiator}
[   43.765508] scsi host2: ioc0: LSI53C1030 A0, FwRev=00000000h, Ports=1, MaxQ=256, IRQ=20
[   44.124585] scsi 2:0:0:0: Direct-Access     VBOX     HARDDISK         1.0  PQ: 0 ANSI: 5
[   44.147739] scsi target2:0:0: Beginning Domain Validation
[   44.241050] scsi target2:0:0: Domain Validation skipping write tests
[   44.525134] scsi target2:0:0: Ending Domain Validation
[   44.829872] scsi target2:0:0: asynchronous
[   45.173306] scsi 2:0:1:0: Direct-Access     VBOX     HARDDISK         1.0  PQ: 0 ANSI: 5
[   45.329437] floppy0: no floppy controllers found
[   45.333306] scsi target2:0:1: Beginning Domain Validation
[   45.336300] scsi target2:0:1: Domain Validation skipping write tests
[   45.338756] scsi target2:0:1: Ending Domain Validation
[   45.345591] scsi target2:0:1: asynchronous
[   45.359546] e1000 0000:00:03.0 eth0: (PCI:33MHz:32-bit) 02:43:fb:3a:dc:1d
[   45.772576] e1000 0000:00:03.0 eth0: Intel(R) PRO/1000 Network Connection
[   46.246258] sd 2:0:0:0: Attached scsi generic sg0 type 0
[   46.449381] sd 2:0:0:0: [sda] 20971520 512-byte logical blocks: (10.7 GB/10.0 GiB)
[   46.463791] sd 2:0:0:0: [sda] Write Protect is off
[   46.466242] sd 2:0:0:0: [sda] Incomplete mode parameter data
[   46.467239] sd 2:0:0:0: [sda] Assuming drive cache: write through
[   46.468881] sd 2:0:1:0: [sdb] 20480 512-byte logical blocks: (10.5 MB/10.0 MiB)
[   46.472257] sd 2:0:1:0: Attached scsi generic sg1 type 0
[   46.478691] sd 2:0:1:0: [sdb] Write Protect is off
[   46.485369] sd 2:0:1:0: [sdb] Incomplete mode parameter data
[   46.488007] sd 2:0:1:0: [sdb] Assuming drive cache: write through
[   46.547760]  sda: sda1
[   46.583163] sd 2:0:0:0: [sda] Attached SCSI disk
[   46.664336] sd 2:0:1:0: [sdb] Attached SCSI disk
[   47.217853] e1000 0000:00:08.0 eth1: (PCI:33MHz:32-bit) 08:00:27:a6:71:2d
[   47.311347] e1000 0000:00:08.0 eth1: Intel(R) PRO/1000 Network Connection
[   47.313675] e1000 0000:00:08.0 enp0s8: renamed from eth1
[   47.318315] e1000 0000:00:03.0 enp0s3: renamed from eth0
Begin: Loading e[   49.197063] md: linear personality registered for level -1
ssential drivers ... [   49.294451] md: multipath personality registered for level -4
[   49.471271] md: raid0 personality registered for level 0
[   49.576768] md: raid1 personality registered for level 1
[   49.756758] raid6: mmxx1    gen()  1341 MB/s
[   50.061358] raid6: mmxx2    gen()  2287 MB/s
[   50.267612] raid6: sse1x1   gen()  1563 MB/s
[   50.486956] raid6: sse1x2   gen()  1298 MB/s
[   50.774078] raid6: sse2x1   gen()  3724 MB/s
[   50.982013] raid6: sse2x1   xor()   938 MB/s
[   51.386198] raid6: sse2x2   gen()  4603 MB/s
[   51.712036] raid6: sse2x2   xor()   764 MB/s
[   51.733828] raid6: using algorithm sse2x2 gen() 4603 MB/s
[   51.735196] raid6: .... xor() 764 MB/s, rmw enabled
[   51.736422] raid6: using ssse3x1 recovery algorithm
[   51.744173] xor: automatically using best checksumming function:
[   51.896850]    avx       :   750.000 MB/sec
[   52.204222] async_tx: api initialized (async)
[   52.311385] md: raid6 personality registered for level 6
[   52.719692] md: raid5 personality registered for level 5
[   52.833303] md: raid4 personality registered for level 4
[   52.852708] md: raid10 personality registered for level 10
done.
Begin: Running /scripts/init-premount ... done.
Begin: Mounti[   53.156514] Btrfs loaded
ng root file system ... Begin: Running /scripts/local-top ... done.
Begin: Running /scripts/local-premount ... Scanning for Btrfs filesystems
done.
Warning: fsck not present, so skipping root file system
[   53.393380] EXT4-fs (sda1): mounted filesystem with ordered data mode. Opts: (null)
done.
Begin: Running /scripts/local-bottom ... done.
Begin: Running /scripts/init-bottom ... done.
[   53.800072] systemd[1]: systemd 229 running in system mode. (+PAM +AUDIT +SELINUX +IMA +APPARMOR +SMACK +SYSVINIT +UTMP +LIBCRYPTSETUP +GCRYPT +GNUTLS +ACL +XZ -LZ4 +SECCOMP +BLKID +ELFUTILS +KMOD -IDN)
[   53.840205] systemd[1]: Detected virtualization oracle.
[   53.852440] systemd[1]: Detected architecture x86.

Welcome to [1mUbuntu 16.04.4 LTS[0m!

[   53.895697] systemd[1]: Set hostname to <ubuntu>.
[   53.912637] systemd[1]: Initializing machine ID from random generator.
[   53.936925] systemd[1]: Installed transient /etc/machine-id file.
[   54.115081] random: nonblocking pool is initialized
[   54.722795] systemd[1]: Listening on Journal Socket (/dev/log).
[[0;32m  OK  [0m] Listening on Journal Socket (/dev/log).
[   54.930833] systemd[1]: Reached target Swap.
[[0;32m  OK  [0m] Reached target Swap.
[   55.142363] systemd[1]: Reached target Encrypted Volumes.
[[0;32m  OK  [0m] Reached target Encrypted Volumes.
[   55.206936] systemd[1]: Reached target System Time Synchronized.
[[0;32m  OK  [0m] Reached target System Time Synchronized.
[   55.262389] systemd[1]: Listening on /dev/initctl Compatibility Named Pipe.
[[0;32m  OK  [0m] Listening on /dev/initctl Compatibility Named Pipe.
[   55.457916] systemd[1]: Listening on Journal Socket.
[[0;32m  OK  [0m] Listening on Journal Socket.
[   55.502246] systemd[1]: Reached target User and Group Name Lookups.
[[0;32m  OK  [0m] Reached target User and Group Name Lookups.
[   55.855122] systemd[1]: Started Forward Password Requests to Wall Directory Watch.
[[0;32m  OK  [0m] Started Forward Password Requests to Wall Directory Watch.
[   56.030229] systemd[1]: Listening on udev Kernel Socket.
[[0;32m  OK  [0m] Listening on udev Kernel Socket.
[   56.043385] systemd[1]: Listening on LVM2 poll daemon socket.
[[0;32m  OK  [0m] Listening on LVM2 poll daemon socket.
[   56.052891] systemd[1]: Listening on Journal Audit Socket.
[[0;32m  OK  [0m] Listening on Journal Audit Socket.
[   56.066628] systemd[1]: Started Trigger resolvconf update for networkd DNS.
[[0;32m  OK  [0m] Started Trigger resolvconf update for networkd DNS.
[   56.590818] systemd[1]: Listening on Syslog Socket.
[[0;32m  OK  [0m] Listening on Syslog Socket.
[   56.778589] systemd[1]: Set up automount Arbitrary Executable File Formats File System Automount Point.
[[0;32m  OK  [0m] Set up automount Arbitrary Executab...ats File System Automount Point.
[   57.360449] systemd[1]: Listening on udev Control Socket.
[[0;32m  OK  [0m] Listening on udev Control Socket.
[   57.374517] systemd[1]: Listening on LVM2 metadata daemon socket.
[[0;32m  OK  [0m] Listening on LVM2 metadata daemon socket.
[   57.478881] systemd[1]: Created slice User and Session Slice.
[[0;32m  OK  [0m] Created slice User and Session Slice.
[   57.519005] systemd[1]: Created slice System Slice.
[[0;32m  OK  [0m] Created slice System Slice.
[   57.555247] systemd[1]: Starting Nameserver information manager...
         Starting Nameserver information manager...
[   57.671672] systemd[1]: Created slice system-serial\x2dgetty.slice.
[[0;32m  OK  [0m] Created slice system-serial\x2dgetty.slice.
[   57.680760] systemd[1]: Reached target Slices.
[[0;32m  OK  [0m] Reached target Slices.
[   57.816803] systemd[1]: Mounting Debug File System...
         Mounting Debug File System...
[   58.135580] systemd[1]: Starting Uncomplicated firewall...
         Starting Uncomplicated firewall...
[   58.497415] systemd[1]: Starting Remount Root and Kernel File Systems...
         [   59.006732] EXT4-fs (sda1): re-mounted. Opts: (null)
Starting Remount Root and Kernel File Systems...
[   59.496051] systemd[1]: Mounting POSIX Message Queue File System...
         Mounting POSIX Message Queue File System...
[   59.671704] systemd[1]: Starting Create list of required static device nodes for the current kernel...
         Starting Create list of required st... nodes for the current kernel...
[   59.704120] systemd[1]: Starting Load Kernel Modules...
         Starting Load Kernel Modules...
[   59.735448] systemd[1]: Mounting Huge Pages File System...
[   59.778851] Loading iSCSI transport class v2.0-870.
         Mounting Huge Pages File System...
[   59.852862] iscsi: registered transport (tcp)
[   60.062708] systemd[1]: Listening on Device-mapper event daemon FIFOs.
[[0;32m  OK  [0m] Listening on Device-mapper event daemon FIFOs.
[   60.568050] systemd[1]: Starting Monitoring of LVM2 mirrors, snapshots etc. using dmeventd or progress polling...
         Starting Monitoring of LVM2 mirrors... dmeventd or progress polling...
[   60.643340] systemd[1]: Starting Set console keymap...
         Starting Set console keymap...
[   60.968625] iscsi: registered transport (iser)
[   61.160109] systemd[1]: Starting Journal Service...
         Starting Journal Service...
[   61.605367] systemd[1]: Mounted POSIX Message Queue File System.
[[0;32m  OK  [0m] Mounted POSIX Message Queue File System.
[   61.899970] systemd[1]: Mounted Debug File System.
[[0;32m  OK  [0m] Mounted Debug File System.
[   61.908492] systemd[1]: Mounted Huge Pages File System.
[[0;32m  OK  [0m] Mounted Huge Pages File System.
[   61.922490] systemd[1]: Started Uncomplicated firewall.
[[0;32m  OK  [0m] Started Uncomplicated firewall.
[   62.021554] systemd[1]: Started Remount Root and Kernel File Systems.
[[0;32m  OK  [0m] Started Remount Root and Kernel File Systems.
[   62.108521] systemd[1]: Started Create list of required static device nodes for the current kernel.
[[0;32m  OK  [0m] Started Create list of required sta...ce nodes for the current kernel.
[   62.907459] systemd[1]: Started Load Kernel Modules.
[[0;32m  OK  [0m] Started Load Kernel Modules.
[   62.987087] systemd[1]: Started Set console keymap.
[[0;32m  OK  [0m] Started Set console keymap.
[   63.084925] systemd[1]: Started Nameserver information manager.
[[0;32m  OK  [0m] Started Nameserver information manager.
[   63.573725] systemd[1]: Started Journal Service.
[[0;32m  OK  [0m] Started Journal Service.
[[0;32m  OK  [0m] Started LVM2 metadata daemon.
         Starting Apply Kernel Variables...
         Mounting FUSE Control File System...
         Starting Create Static Device Nodes in /dev...
         Starting Initial cloud-init job (pre-networking)...
         Starting Flush Journal to Persistent Storage...
         Starting udev Coldplug all Devices...
         Starting Load/Save Random Seed...
[[0;32m  OK  [0m] Mounted FUSE Control File System.
[[0;32m  OK  [0m] Started Apply Kernel Variables.
[[0;32m  OK  [0m] Started Create Static Device Nodes in /dev.
[[0;32m  OK  [0m] Started Load/Save Random Seed.
[[0;32m  OK  [0m] Started udev Coldplug all Devices.
         Starting udev Kernel Device Manager...
[[0;32m  OK  [0m] Started Flush Journal to Persistent Storage.
[[0;32m  OK  [0m] Started Monitoring of LVM2 mirrors,...ng dmeventd or progress polling.
[[0;32m  OK  [0m] Started udev Kernel Device Manager.
[[0;32m  OK  [0m] Reached target Local File Systems (Pre).
[[0;32m  OK  [0m] Reached target Local File Systems.
         Starting LSB: AppArmor initialization...
         Starting Tell Plymouth To Write Out Runtime Data...
         Starting Set console font and keymap...
         Starting Commit a transient machine-id on disk...
         Starting Create Volatile Files and Directories...
[[0;32m  OK  [0m] Started Dispatch Password Requests to Console Directory Watch.
[[0;32m  OK  [0m] Started Tell Plymouth To Write Out Runtime Data.
[[0;32m  OK  [0m] Started Commit a transient machine-id on disk.
[[0;32m  OK  [0m] Started Create Volatile Files and Directories.
[[0;32m  OK  [0m] Found device /dev/ttyS0.
         Starting Update UTMP about System Boot/Shutdown...
[[0;32m  OK  [0m] Started Update UTMP about System Boot/Shutdown.
[[0;32m  OK  [0m] Started Set console font and keymap.
[[0;32m  OK  [0m] Created slice system-getty.slice.
[[0;32m  OK  [0m] Listening on Load/Save RF Kill Switch Status /dev/rfkill Watch.
[   48.869233] cloud-init[450]: Cloud-init v. 17.2 running 'init-local' at Sat, 07 Apr 2018 15:29:44 +0000. Up 47.68 seconds.
[[0;32m  OK  [0m] Started Initial cloud-init job (pre-networking).
[[0;32m  OK  [0m] Reached target Network (Pre).
[[0;32m  OK  [0m] Started LSB: AppArmor initialization.
         Starting Raise network interfaces...
[[0;32m  OK  [0m] Started Raise network interfaces.
         Starting Initial cloud-init job (metadata service crawler)...
[[0;32m  OK  [0m] Reached target Network.
[   53.591603] cloud-init[951]: Cloud-init v. 17.2 running 'init' at Sat, 07 Apr 2018 15:29:47 +0000. Up 50.44 seconds.
[   53.707073] cloud-init[951]: ci-info: ++++++++++++++++++++++++++++++++++++++Net device info++++++++++++++++++++++++++++++++++++++
[[0;32m  OK  [0m] Started Initial cloud-init job (metadata service crawler).
[   53.756111] cloud-init[951]: ci-info: +--------+-------+----------------------------+---------------+-------+-------------------+
[   53.824869] cloud-init[951]: ci-info: | Device |   Up  |          Address           |      Mask     | Scope |     Hw-Address    |
[   53.829067] cloud-init[951]: ci-info: +--------+-------+----------------------------+---------------+-------+-------------------+
[   53.833379] cloud-init[951]: ci-info: | enp0s3 |  True |         10.0.2.15          | 255.255.255.0 |   .   | 02:43:fb:3a:dc:1d |
[[0;32m  OK  [0m] Reached target System Initialization.
[[0;32m  OK  [0m] Listening on D-Bus System Message Bus Socket.
[[0;32m  OK  [0m[   53.838625] cloud-init[951]: ci-info: | enp0s3 |  True | fe80::43:fbff:fe3a:dc1d/64 |       .       |  link | 02:43:fb:3a:dc:1d |
[   53.846195] cloud-init[951]: ci-info: | enp0s8 | False |             .              |       .       |   .   | 08:00:27:a6:71:2d |
] Started Timer to automatically refresh installed snaps.
[   53.849317] cloud-init[951]: ci-info: |   lo   |  True |         127.0.0.1          |   255.0.0.0   |   .   |         .         |
[[0;32m  OK  [0m] Started ACPI Events Check.
[[0;32m  OK  [0m] Reached target Paths.
[   53.854996] cloud-init[951]: ci-info: |   lo   |  True |          ::1/128           |       .       |  host |         .         |
[[0;32m  OK  [0m] Started Daily apt download activities.
[   53.927445] cloud-init[951]: ci-info: +--------+-------+----------------------------+---------------+-------+-------------------+
[[0;32m  OK  [0m] Started Daily apt upgrade and clean activities.
[   53.982961] cloud-init[951]: ci-info: +++++++++++++++++++++++++++Route IPv4 info++++++++++++++++++++++++++++
[   53.983361] cloud-init[951]: ci-info: +-------+-------------+----------+---------------+-----------+-------+
[   53.983462] cloud-init[951]: ci-info: | Route | Destination | Gateway  |    Genmask    | Interface | Flags |
[   53.983576] cloud-init[951]: ci-info: +-------+-------------+----------+---------------+-----------+-------+
[   53.983686] cloud-init[951]: ci-info: |   0   |   0.0.0.0   | 10.0.2.2 |    0.0.0.0    |   enp0s3  |   UG  |
[   53.983782] cloud-init[951]: ci-info: |   1   |   10.0.2.0  | 0.0.0.0  | 255.255.255.0 |   enp0s3  |   U   |
[   53.983886] cloud-init[951]: ci-info: +-------+-------------+----------+---------------+-----------+-------+
[   53.984025] cloud-init[951]: Generating public/private rsa key pair.
[   53.984124] cloud-init[951]: Your identification has been saved in /etc/ssh/ssh_host_rsa_key.
[   53.984216] cloud-init[951]: Your public key has been saved in /etc/ssh/ssh_host_rsa_key.pub.
[   53.984309] cloud-init[951]: The key fingerprint is:
[   53.984401] cloud-init[951]: SHA256:9H31AGJPhJbf97IxG9VP4jP6rvOLU1IhbMsdZCsqL8w root@ubuntu-xenial
[   53.984498] cloud-init[951]: The key's randomart image is:
[   53.984590] cloud-init[951]: +---[RSA 2048]----+
[   53.984684] cloud-init[951]: |          o=+.o  |
[   53.984776] cloud-init[951]: |         .+++oo. |
[   53.984866] cloud-init[951]: |        .. +o=ooo|
[   53.984958] cloud-init[951]: |       . . o+.=o*|
[   53.985047] cloud-init[951]: |        S o .o.=+|
[   53.985139] cloud-init[951]: |       o o  ..X o|
[   53.985229] cloud-init[951]: |        E .  + X |
[   53.985322] cloud-init[951]: |         .  +.o  |
[   53.985416] cloud-init[951]: |            oB=. |
[   53.985504] cloud-init[951]: +----[SHA256]-----+
[   53.985593] cloud-init[951]: Generating public/private dsa key pair.
[[0;32m  OK  [0m] Listening on UUID daemon activation socket.
[   53.986917] cloud-init[951]: Your identification has been saved in /etc/ssh/ssh_host_dsa_key.
[   54.180841] cloud-init[951]: Your public key has been saved in /etc/ssh/ssh_host_dsa_key.pub.
[   54.200533] cloud-init[951]: The key fingerprint is:
[   54.227950] cloud-init[951]: SHA256:2XxJ4oOgvHAPnpXFX633eA+8HSd4dW3c4BxfJQ2wZAs root@ubuntu-xenial
[   54.233500] cloud-init[951]: The key's randomart image is:
         Starting LXD - unix socket.
[[0;32m  OK  [0m] Started Daily Cleanup of Temporary Directories.
[   54.244663] cloud-init[951]: +---[DSA 1024]----+
[   54.324751] cloud-init[951]: |          E +.oo.|
[[0;32m  OK  [0m] Reached target Timers.
[[0;32m  OK  [0m] Listening on ACPID Listen Socket.
[   54.336033] cloud-init[951]: |       .   + + .o|
[   54.376460] cloud-init[951]: |      . o . = + .|
[   54.392498] cloud-init[951]: |   . . + B + = =+|
         Starting Socket activation for snappy daemon.
[[0;32m  OK  [0m] Reached target Cloud-config availability.
[   54.401358] cloud-init[951]: |  . = o S * + + O|
[[0;32m  OK  [0m] Reached target Network is Online.
         Starting iSCSI initiator daemon (iscsid)...
[   54.423954] cloud-init[951]: |   + *     o + =.|
[[0;32m  OK  [0m] Listening on LXD - unix socket.
[[0;32m  OK  [0m] Listening on Socket activation for snappy daemon.
[   54.472846] cloud-init[951]: |    + .     . *.+|
[   54.499479] cloud-init[951]: |             . *+|
[   54.528360] cloud-init[951]: |              . o|
[[0;32m  OK  [0m] Reached target Sockets.
[[0;32m  OK  [0m] Reached target Basic System.
[[0;32m  OK  [0m] Started Unattended Upgrades Shutdown.
         Starting Virtualbox guest utils...
         Starting LSB: MD monitoring daemon...
         Starting LXD - container startup/shutdown...
         Starting /etc/rc.local Compatibility...
         Starting Login Service...
[   54.547948] cloud-init[951]: +----[SHA256]-----+
[[   54.676340] cloud-init[951]: Generating public/private ecdsa key pair.
[   54.676604] cloud-init[951]: Your identification has been saved in /etc/ssh/ssh_host_ecdsa_key.
[   54.676680] cloud-init[951]: Your public key has been saved in /etc/ssh/ssh_host_ecdsa_key.pub.
[   54.676751] cloud-init[951]: The key fingerprint is:
[   54.676818] cloud-init[951]: SHA256:Pdpcs+iFDeurQZLa9tzROX9Kc+WsNxxKzGSvNqAraaw root@ubuntu-xenial
[   54.676886] cloud-init[951]: The key's randomart image is:
[   54.676952] cloud-init[951]: +---[ECDSA 256]---+
[   54.677018] cloud-init[951]: |                 |
[   54.677084] cloud-init[951]: |                 |
[   54.677149] cloud-init[951]: |                 |
[   54.677224] cloud-init[951]: |       . .   o   |
[   54.677297] cloud-init[951]: |      o S + B . .|
[   54.677367] cloud-init[951]: |     o o + @ B =.|
[   54.677432] cloud-init[951]: |    . + + O X * =|
[   54.677498] cloud-init[951]: |     . B * o O *o|
[   54.677565] cloud-init[951]: |     Eo =o*.. =+.|
[   54.677630] cloud-init[951]: +----[SHA256]-----+
[   54.677694] cloud-init[951]: Generating public/private ed25519 key pair.
[   54.677759] cloud-init[951]: Your identification has been saved in /etc/ssh/ssh_host_ed25519_key.
[   54.677827] cloud-init[951]: Your public key has been saved in /etc/ssh/ssh_host_ed25519_key.pub.
[   54.677894] cloud-init[951]: The key fingerprint is:
[   54.677976] cloud-init[951]: SHA256:gi3rr2RD+zsvDD7i+SfCa7YLKKCXqoG9mfPuiHbXWdw root@ubuntu-xenial
[   54.678043] cloud-init[951]: The key's randomart image is:
[   54.678107] cloud-init[951]: +--[ED25519 256]--+
[   54.678175] cloud-init[951]: |                 |
[   54.678240] cloud-init[951]: |                 |
[   54.678311] cloud-init[951]: |                 |
[   54.678377] cloud-init[951]: |     o           |
[   54.678442] cloud-init[951]: |.   + o S .      |
[   54.678508] cloud-init[951]: |=. o.+ . o E     |
[   54.678576] cloud-init[951]: |B.+.*o. o        |
[   54.678674] cloud-init[951]: |.BB@++=o         |
[   54.679238] cloud-init[951]: |*+%%O*+=.        |
[   54.679312] cloud-init[951]: +----[SHA256]-----+
[0;32m  OK  [0m] Started Regular background program processing daemon.
[[0;32m  OK  [0m] Started Deferred execution scheduler.
         Starting Pollinate to seed the pseudo random number generator...
         Starting LSB: Record successful boot for GRUB...
         Starting Apply the settings specified in cloud-config...
[[0;32m  OK  [0m] Started FUSE filesystem for LXC.
         Starting Accounts Service...
[[0;32m  OK  [0m] Started D-Bus System Message Bus.
         Starting Snappy daemon...
         Starting System Logging Service...
[[0;32m  OK  [0m] Started ACPI event daemon.
[[0;32m  OK  [0m] Started iSCSI initiator daemon (iscsid).
[[0;32m  OK  [0m] Started LXD - container startup/shutdown.
[[0;32m  OK  [0m] Started /etc/rc.local Compatibility.
[[0;32m  OK  [0m] Started System Logging Service.
[[0;32m  OK  [0m] Started Login Service.
         Starting Authenticate and Authorize Users to Run Privileged Tasks...
         Starting Login to default iSCSI targets...
[[0;32m  OK  [0m] Started LSB: Record successful boot for GRUB.
[[0;32m  OK  [0m] Started LSB: MD monitoring daemon.
[[0;32m  OK  [0m] Started Authenticate and Authorize Users to Run Privileged Tasks.
[[0;32m  OK  [0m] Started Login to default iSCSI targets.
[[0;32m  OK  [0m] Started Accounts Service.
[[0;32m  OK  [0m] Started Virtualbox guest utils.
[[0;32m  OK  [0m] Started Snappy daemon.
[[0;32m  OK  [0m] Reached target Remote File Systems (Pre).
[[0;32m  OK  [0m] Reached target Remote File Systems.
         Starting LSB: automatic crash report generation...
         Starting LSB: Set the CPU Frequency Scaling governor to "ondemand"...
         Starting Permit User Sessions...
         Starting LSB: daemon to balance interrupts for SMP systems...
[[0;32m  OK  [0m] Started Permit User Sessions.
[   57.259880] cloud-init[1093]: Generating locales (this might take a while)...
[[0;32m  OK  [0m] Started LSB: Set the CPU Frequency Scaling governor to "ondemand".
[[0;32m  OK  [0m] Started LSB: automatic crash report generation.
         Starting Terminate Plymouth Boot Screen...
         Starting Hold until boot process finishes up...
[[0;32m  OK  [0m] Started LSB: daemon to balance interrupts for SMP systems.
[[0;32m  OK  [0m] Started Pollinate to seed the pseudo random number generator.
[[0;32m  OK  [0m] Started Terminate Plymouth Boot Screen.
[[0;32m  OK  [0m] Started Hold until boot process finishes up.
[[0;32m  OK  [0m] Started Serial Getty on ttyS0.
         Starting Set console scheme...
[[0;32m  OK  [0m] Started Getty on tty1.
[[0;32m  OK  [0m] Reached target Login Prompts.
         Starting OpenBSD Secure Shell server...
[[0;32m  OK  [0m] Started Set console scheme.
[[0;32m  OK  [0m] Started OpenBSD Secure Shell server.
[[0;32m  OK  [0m] Reached target Multi-User System.
[[0;32m  OK  [0m] Reached target Graphical Interface.
         Starting Update UTMP about System Runlevel Changes...
[[0;32m  OK  [0m] Started Update UTMP about System Runlevel Changes.
[[0;32m  OK  [0m] Created slice User Slice of vagrant.
         Starting User Manager for UID 1000...
[[0;32m  OK  [0m] Started Session 1 of user vagrant.
[[0;32m  OK  [0m] Started User Manager for UID 1000.
[   59.881977] cloud-init[1093]:   en_US.UTF-8... done
[   59.940845] cloud-init[1093]: Generation complete.
[   61.520941] cloud-init[1093]: Cloud-init v. 17.2 running 'modules:config' at Sat, 07 Apr 2018 15:29:53 +0000. Up 56.57 seconds.
[[0;32m  OK  [0m] Started Apply the settings specified in cloud-config.
         Starting Execute cloud user/final scripts...
ci-info: no authorized ssh keys fingerprints found for user ubuntu.
<14>Apr  7 15:30:00 ec2: 
<14>Apr  7 15:30:00 ec2: #############################################################
<14>Apr  7 15:30:00 ec2: -----BEGIN SSH HOST KEY FINGERPRINTS-----
<14>Apr  7 15:30:00 ec2: 1024 SHA256:2XxJ4oOgvHAPnpXFX633eA+8HSd4dW3c4BxfJQ2wZAs root@ubuntu-xenial (DSA)
<14>Apr  7 15:30:00 ec2: 256 SHA256:Pdpcs+iFDeurQZLa9tzROX9Kc+WsNxxKzGSvNqAraaw root@ubuntu-xenial (ECDSA)
<14>Apr  7 15:30:00 ec2: 256 SHA256:gi3rr2RD+zsvDD7i+SfCa7YLKKCXqoG9mfPuiHbXWdw root@ubuntu-xenial (ED25519)
<14>Apr  7 15:30:00 ec2: 2048 SHA256:9H31AGJPhJbf97IxG9VP4jP6rvOLU1IhbMsdZCsqL8w root@ubuntu-xenial (RSA)
<14>Apr  7 15:30:00 ec2: -----END SSH HOST KEY FINGERPRINTS-----
<14>Apr  7 15:30:00 ec2: #############################################################
-----BEGIN SSH HOST KEY KEYS-----
ecdsa-sha2-nistp256 AAAAE2VjZHNhLXNoYTItbmlzdHAyNTYAAAAIbmlzdHAyNTYAAABBBDuGSSoNKS2CrXVPWYA0mpY7pSOp8j5bntE76b4ByWnOSJWp/sMO/mcnXAwUWRrSANVS8Fh4BApbjIY2J3VsEo8= root@ubuntu-xenial
ssh-ed25519 AAAAC3NzaC1lZDI1NTE5AAAAINvS16NIuQcrauFHkP6SKSgZiR++ub+x8G7hBzAbujhk root@ubuntu-xenial
ssh-rsa AAAAB3NzaC1yc2EAAAADAQABAAABAQDnBYK1A/0Fr5tEw3+KeCGFCAr4jsYIuvZ1eV5ypAZoPlkjBGPIb1OXd3BNJsqgNp6YSB5nq1Wy0qjhg+67Qro9hhKgsF86P8G5vQcXhNOtb2mGPPnO0h6gO/2l+SRmOAOiYCNdNj2Cml+bRjK5QmvgLiIoJ90HgHnaEc42L+0zOlriePFlZ0iAATEu4TzbQa14L7S/eS25uBVL2bgPSbvpXYDJJBKr6MxAOqVtobcEM+riKQADz/3NzNnYQtZbdZL6Cut/QzSS0OCxU8kw0R55Thi2hCI8dfDlH/BVm9LchcVDtmNVJnDJ/IADUw4H02ly3pwxGUsqw2uiw8yYscAD root@ubuntu-xenial
-----END SSH HOST KEY KEYS-----
[   64.178712] cloud-init[1407]: Cloud-init v. 17.2 running 'modules:final' at Sat, 07 Apr 2018 15:30:00 +0000. Up 63.35 seconds.
[   64.178975] cloud-init[1407]: ci-info: no authorized ssh keys fingerprints found for user ubuntu.
[   64.179111] cloud-init[1407]: Cloud-init v. 17.2 finished at Sat, 07 Apr 2018 15:30:00 +0000. Datasource DataSourceNoCloud [seed=/dev/sdb][dsmode=net].  Up 64.13 seconds

Ubuntu 16.04.4 LTS ubuntu-xenial ttyS0

ubuntu-xenial login: 