[    0000] Intiizng cgroup subsys cpuset
[    0.000000] Initializing cgroup subsys cpu
[    0.000000] Initializing cgroup subsys cpuacct
[    0.000000] Linux version 4.4.0-119-generic (buildd@lcy01-amd64-002) (gcc version 5.4.0 20160609 (Ubuntu 5.4.0-6ubuntu1~16.04.9) ) #143-Ubuntu SMP Mon Apr 2 16:08:22 UTC 2018 (Ubuntu 4.4.0-119.143-generic 4.4.114)
[    0.000000] KERNEL supported cpus:
[    0.000000]   Intel GenuineIntel
[    0.000000]   AMD AuthenticAMD
[    0.000000]   NSC Geode by NSC
[    0.000000]   Cyrix CyrixInstead
[    0.000000]   Centaur CentaurHauls
[    0.000000]   Transmeta GenuineTMx86
[    0.000000]   Transmeta TransmetaCPU
[    0.000000]   UMC UMC UMC MC
[   0.0000 x6/fpu: xstate_offset[2]:  576, xstate_sizes[2]:  25
  0.00000]86fpu: uprtng XSVEeaure 001'x7 floating point registers'
[    0.000000] x86/fpu: Supporting XSAVE feature 0x02: 'SSE registers'
[    0.000000] x86/fpu: Supporting XSAVE feature 0x04: 'AVX registers'
[    0.000000] x86/fpu: Enabled xstate features 0x7, context size is 832 bytes, using 'standard' format.
[    0.000000] x86/fpu: Using 'lazy' FPU context switches.
[    0.000000] e820: BIOS-provided physical RAM map:
[    0.000000] BIOS-e820: [mem 0x0000000000000000-0x000000000009fbff] usable
[    0.000000] BIOS-e820: [mem 0x000000000009fc00-0x000000000009ffff] reserved
[    0.000000] BIOS-e820: [mem 0x00000000000f0000-0x00000000000fffff] reserved
[    0.000000] BIOS-e820: [mem 0x0000000000100000-0x000000001ffeffff] usable
[    0.000000] BIOS-e820: [mem 0x000000001fff0000-0x000000001fffffff] ACPI data
[    0.000000] BIOS-e820: [mem 0x00000000fffc0000-0x00000000ffffffff] reserved
[    0.000000] NX (Execute Disable) protection: active
[    0.000000] SMBIOS 2.5 present.
[    0.000000] Hypervisor detected: KVM
[    0.000000] e820: last_pfn = 0x1fff0 max_arch_pfn = 0x1000000
[    0.000000] MTRR: Disabled
[    0.000000] x86/PAT: MTRRs disabled, skipping PAT initialization too.
[    0.000000] CPU MTRRs all blank - virtualized system.
[    0.000000] x86/PAT: Configuration [0-7]: WB  WT  UC- UC  WB  WT  UC- UC  
[    0.000000] found SMP MP-table at [mem 0x0009fff0-0x0009ffff] mapped at [c009fff0]
[    0.000000] Scanning 1 areas for low memory corruption
[    0.000000] RAMDISK: [mem 0x1ed89000-0x1f821fff]
[    0.000000] ACPI: Early table checksum verification disabled
[    0.000000] ACPI: RSDP 0x00000000000E0000 000024 (v02 VBOX  )
[    0.000000] ACPI: XSDT 0x000000001FFF0030 00003C (v01 VBOX   VBOXXSDT 00000001 ASL  00000061)
[    0.000000] ACPI: FACP 0x000000001FFF00F0 0000F4 (v04 VBOX   VBOXFACP 00000001 ASL  00000061)
[    0.000000] ACPI: DSDT 0x000000001FFF0470 002118 (v01 VBOX   VBOXBIOS 00000002 INTL 20160108)
[    0.000000] ACPI: FACS 0x000000001FFF0200 000040
[    0.000000] ACPI: FACS 0x000000001FFF0200 000040
[    0.000000] ACPI: APIC 0x000000001FFF0240 00005C (v02 VBOX   VBOXAPIC 00000001 ASL  00000061)
[    0.000000] ACPI: SSDT 0x000000001FFF02A0 0001CC (v01 VBOX   VBOXCPUT 00000002 INTL 20160108)
[    0.000000] 0MB HIGHMEM available.
[    0.000000] 511MB LOWMEM available.
[    0.000000]   mapped low ram: 0 - 1fff0000
[    0.000000]   low ram: 0 - 1fff0000
[    0.000000] kvm-clock: Using msrs 4b564d01 and 4b564d00
[    0.000000] kvm-clock: cpu 0, msr 0:1ffef001, primary cpu clock
[    0.000000] kvm-clock: using sched offset of 3220110229 cycles
[    0.000000] clocksource: kvm-clock: mask: 0xffffffffffffffff max_cycles: 0x1cd42e4dffb, max_idle_ns: 881590591483 ns
[    0.000000] Zone ranges:
[    0.000000]   DMA      [mem 0x0000000000001000-0x0000000000ffffff]
[    0.000000]   Normal   [mem 0x0000000001000000-0x000000001ffeffff]
[    0.000000]   HighMem  empty
[    0.000000] Movable zone start for each node
[    0.000000] Early memory node ranges
[    0.000000]   node   0: [mem 0x0000000000001000-0x000000000009efff]
[    0.000000]   node   0: [mem 0x0000000000100000-0x000000001ffeffff]
[    0.000000] Initmem setup node 0 [mem 0x0000000000001000-0x000000001ffeffff]
[    0.000000] Using APIC driver default
[    0.000000] ACPI:PM-Timer IO Port: 0x4008
[    0.000000] IOAPIC[0]: apic_id 2, version 17, address 0xfec00000, GSI 0-23
[    0.000000] ACPI: INT_SRCVR(bus 0 bus_irq 0 global_irq 2 dfl dfl)
[    0.000000] ACPI: INT_SRC_OVR (bus 0 bus_irq 9 global_irq 9 high level)
[    0.000000] Using ACPI (MADT) for SMP configuration information
[    0.000000] smpboot: Allowing 2 CPUs, 0 hotplug CPUs
[    0.000000] PM: Registered nosave memory: [mem 0x00000000-0x00000fff]
[    0.000000] PM: Registered nosave memory: [mem 0x0009f000-0x0009ffff]
[    0.000000] PM: Registered nosave memory: [mem 0x000a0000-0x000effff]
[    0.000000] PM: Registered nosave memory: [mem 0x000f0000-0x000fffff]
[    0.000000] e820: [mem 0x20000000-0xfffbffff] available for PCI devices
[    0.000000] Booting paravirtualized kernel on KVM
[    0.000000] clocksource: refined-jiffies: mask: 0xffffffff max_cycles: 0xffffffff, max_idle_ns: 7645519600211568 ns
[    0.000000] setup_percpu: NR_CPUS:8 nr_cpumask_bits:8 nr_cpu_ids:2 nr_node_ids:1
[    0.000000] PERCPU: Embedded 19 pages/cpu @dfaae000 s47436 r0 d30388 u77824
[    0.000000] PV qspinlock hash table entries: 512(oer 0,096 byte)
[   00000] Bil1 oneliss  Zne orermoility roin on. Tol age: 968
[    0.000000] Kernel command line: BOOT_IMAGE=/boot/vmlinuz-4.4.0-119-generic root=LABEL=cloudimg-rootfs ro console=tty1 console=ttyS0
[    0.000000] PID hash table entries: 2048 (order: 1, 8192 bytes)
[    0.000000] Dentry cache hash table entries: 6536(oer: 6, 26214 bes)
[    .000] Inodeac hash table entries: 32768 (order: 5, 131072 bytes)
[    0.000000] Initializing CPU#0
[    0.000000] Initializing HighMem for node 0 (00000000:00000000)
[    0.000000] Memory: 493284K/523832K available (8013K kernel code, 777K rwdata, 3172K rodata, 948K init, 800K bss, 30548K reserved, 0K cma-reserved, 0K highmem)
[    0.000000] virtual kernel memory layout:
[    0.000000]     fixmap  : 0xfff15000 - 0xfffff000   ( 936 kB)
[    0.000000]     pkmap   : 0xffc00000 - 0xffe00000   (2048 kB)
[    0.0000]   vmallc 0x07f00- xffbe0  ( 500 MB)
[  .00000]  lowmem  :0x000000 - 0xdff00   511 MB)
[  .000000]    .ini :xcbb200  01cf000   (94kB
[    0.0000     .da  0xc1737 -0xcbb40  (395 k
   00000]       te :0xc1000000 - 0xc17d3774   (8013 kB)
[    0.000000] Checking if this processor honours the WP bit even in supervisor mode...Ok.
[    0.000000] SLUB: HWalign=64, Order=0-3, MinObjects=0, CPUs=2, Nodes=1
[    0.000000] Hierarchical RCU implementation.
[    0.000000] 	Build-time adjustment of leaf fanout to 32.
[    0.000000] 	RCU restricting CPUs from NR_CPUS=8 to nr_cpu_ids=2.
[    0.000000] RCU: Adjusting geometry for rcu_fanout_leaf=32, nr_cpu_ids=2
[    0.000000] NR_IRQS:2304 nr_irqs:440 16
[    0.000000] Console: colour VGA+ 80x25
[    0.000000] console [tty1] enabled
[    0.000000] console [ttyS0] enabled
[    0.000000] allocated 524288 bytes of page_ext
[    0.000000] tsc: Detected 3593.282 MHz processor
[    0.000000] tsc: Marking TSC unstable due to TSCs unsynchronized
[    0.008000] Calibrating delay loop (skipped) preset value.. 7186.56 BogoMIPS (lpj=14373128)
[    0.008005] pid_max: default: 32768 minimum: 301
[    0.012012] ACPI: Core revision 20150930
[    0.017036] ACPI: 2 ACPI AML tables successfully acquired and loaded
[    0.020906] Security Framework initialized
[    0.021685] Yama: becoming mindful.
[    0.022408] AppArmor: AppArmor initialized
[    0.023216] Mount-cache hash table entries: 1024 (order: 0, 4096 bytes)
[    0.024003] Mountpoint-cache hash table entries: 1024 (order: 0, 4096 bytes)
[    0.025309] Initializing cgroup subsys io
[    0.026082] Initializing cgroup subsys memory
[    0.028009] Initializing cgroup subsys devices
[    0.028844] Initializing cgroup subsys freezer
[    0.029672] Initializing cgroup subsys net_cls
[    0.030500] Initializing cgroup subsys perf_event
[    0.032004] Initializing cgroup subsys net_prio
[    0.032860] Initializing cgroup subsys hugetlb
[    0.033693] Initializing cgroup subsys pids
[    0.034595] CPU: Physical Processor ID: 0
[    0.035375] CPU: Processor Core ID: 0
[    0.036013] FEATURE SPEC_CTRL Not Present
[    0.036781] FEATURE IBPB Not Present
[    0.037499] mce: CPU supports 0 MCE banks
[    0.038289] Last level iTLB entries: 4KB 512, 2MB 1024, 4MB 512
[    0.040003] Last level dTLB entries: 4KB 1024, 2MB 1024, 4MB 512, 1GB 0
[    0.041096] Spectre V2 mitigation: LFENCE not serializing. Switching to generic retpoline
[    0.042596] Spectre V2 mitigation: Mitigation: Full generic retpoline
[    0.044003] Spectre V2 mitigation: Speculation control IBPB not-supported IBRS not-supported
[    0.045286] Spectre V2 mitigation: Filling RSB on context switch
[    0.050899] Freeing SMP alternatives memory: 28K
[    0.061986] ftrace: allocating 31465 entries in 62 pages
[    0.080104] smpboot: APIC(0) Converting physical 0 to logical package 0
[    0.084008] smpboot: Max logical packages: 1
[    0.084833] Enabling APIC mode:  Flat.  Using 1 I/O APICs
[    0.089440] ..TIMER: vector=0x30 apic1=0 pin1=2 apic2=-1 pin2=-1
[    0.096000] smpboot: CPU0: AMD PRO A10-8750B R7, 12 Compute Cores 4C+8G (family: 0x15, model: 0x38, stepping: 0x1)
[    0.097590] Performance Events: Broken PMU hardware detected, using software events only.
[    0.099180] Failed to access perfctr msr (MSR c0010007 is 0)
[    0.100043] KVM setup paravirtual spinlock
[    0.101723] x86: Booting SMP configuration:
[    0.104003] .... node  #0, CPUs:      #1
[    0.004000] Initializing CPU#1
[    0.008000] kvm-clock: cpu 1, msr 0:1ffef041, secondary cpu clock
[    0.008000] mce: CPU supports 0 MCE banks
[    0.256175] x86: Booted up 1 node, 2 CPUs
[    0.260014] smpboot: Total of 2 processors activated (14373.12 BogoMIPS)
[    0.264452] devtmpfs: initialized
[    0.266112] evm: security.selinux
[    0.300016] evm: security.SMACK64
[    0.304002] evm: security.SMACK64EXEC
[    0.308002] evm: security.SMACK64TRANSMUTE
[    0.308797] evm: security.SMACK64MMAP
[    0.356011] evm: security.ima
[    0.412011] evm: security.capability
[    0.548195] clocksource: jiffies: mask: 0xffffffff max_cycles: 0xffffffff, max_idle_ns: 7645041785100000 ns
[    0.652036] futex hash table entries: 512 (order: 3, 32768 bytes)
[    0.656089] pinctrl core: initialized pinctrl subsystem
[    0.657170] RTC time: 13:42:56, date: 04/07/18
[    0.660304] NET: Registered protocol family 16
[    0.661356] EISA bus registered
[    0.672038] cpuidle: using governor ladder
[    0.688035] cpuidle: using governor menu
[    0.692065] PCCT header not found.
[    0.696377] ACPI: bus type PCI registered
[    0.700023] acpiphp: ACPI Hot Plug PCI Controller Driver version: 0.5
[    0.704315] PCI : PCI BIOS area is rw and x. Use pci=nobios if you want it NX.
[    0.708016] PCI: PCI BIOS revision 2.10 entry at 0xfda26, last bus=0
[    0.712006] PCI: Using configuration type 1 for base access
[    0.712961] PCI: Using configuration type 1 for extended access
[    0.728204] ACPI: Added _OSI(Module Device)
[    0.732093] ACPI: Added _OSI(Processor Device)
[    0.736022] ACPI: Added _OSI(3.0 _SCP Extensions)
[    0.740015] ACPI: Added _OSI(Processor Aggregator Device)
[    0.748545] ACPI: Executed 1 blocks of module-level executable AML code
[    0.757039] ACPI: Interpreter enabled
[    0.760054] ACPI: (supports S0 S5)
[    0.760764] ACPI: Using IOAPIC for interrupt routing
[    0.761884] PCI: Using host bridge windows from ACPI; if necessary, use "pci=nocrs" and report a bug
[    0.768679] ACPI: PCI Root Bridge [PCI0] (domain 0000 [bus 00-ff])
[    0.772007] acpi PNP0A03:00: _OSC: OS supports [ExtendedConfig ASPM ClockPM Segments MSI]
[    0.773526] acpi PNP0A03:00: _OSC failed (AE_NOT_FOUND); disabling ASPM
[    0.776110] PCI host bridge to bus 0000:00
[    0.778166] pci_bus 0000:00: root bus resource [io  0x0000-0x0cf7 window]
[    0.780015] pci_bus 0000:00: root bus resource [io  0x0d00-0xffff window]
[    0.781133] pci_bus 0000:00: root bus resource [mem 0x000a0000-0x000bffff window]
[    0.784003] pci_bus 0000:00: root bus resource [mem 0x20000000-0xffdfffff window]
[    0.785436] pci_bus 0000:00: root bus resource [bus 00-ff]
[    0.789305] pci 0000:00:01.1: legacy IDE quirk: reg 0x10: [io  0x01f0-0x01f7]
[    0.792021] pci 0000:00:01.1: legacy IDE quirk: reg 0x14: [io  0x03f6]
[    0.796005] pci 0000:00:01.1: legacy IDE quirk: reg 0x18: [io  0x0170-0x0177]
[    0.800018] pci 0000:00:01.1: legacy IDE quirk: reg 0x1c: [io  0x0376]
[    0.837541] ACPI: PCI Interrupt Link [LNKA] (IRQs 5 9 10 11) *0, disabled.
[    0.872221] ACPI: PCI Interrupt Link [LNKB] (IRQs 5 9 10 *11)
[    0.892483] ACPI: PCI Interrupt Link [LNKC] (IRQs 5 9 *10 11)
[    0.896799] ACPI: PCI Interrupt Link [LNKD] (IRQs 5 *9 10 11)
[    0.898241] ACPI: Enabled 2 GPEs in block 00 to 07
[    0.900275] vgaarb: setting as boot device: PCI:0000:00:02.0
[    0.901256] vgaarb: device added: PCI:0000:00:02.0,decodes=io+mem,owns=io+mem,locks=none
[    0.904002] vgaarb: loaded
[    0.904614] vgaarb: bridge control possible 0000:00:02.0
[    0.905848] SCSI subsystem initialized
[    0.908092] ACPI: bus type USB registered
[    0.912032] usbcore: registered new interface driver usbfs
[    0.916017] usbcore: registered new interface driver hub
[    0.916996] usbcore: registered new device driver usb
[    0.920101] PCI: Using ACPI for IRQ routing
[    0.921122] NetLabel: Initializing
[    0.921823] NetLabel:  domain hash size = 128
[    0.922640] NetLabel:  protocols = UNLABELED CIPSOv4
[    0.923561] NetLabel:  unlabeled traffic allowed by default
[    0.924084] amd_nb: Cannot enumerate AMD northbridges
[    0.925196] clocksource: Switched to clocksource kvm-clock
[    0.933942] AppArmor: AppArmor Filesystem Enabled
[    0.940385] pnp: PnP ACPI init
[   9469pn: P PIfond3 vies
[    1.400457] PnPBIOS: Disabled by ACPI PNP
[  1475]losoceac_p mk:xfffmacyes0xff, x_le_ns: 2085701024 ns
[    2.400351] NET: Registered protocol family 2
[    2.401396] TCP established hash table entries: 4096 (order: 2, 16384 bytes)
[    2.403738] TCP bind hash table entries: 4096 (order: 3, 32768 bytes)
[    2.448] P:astaesongud stlied09bi 46)[  2088]DPhas tleenris: 256 (order: 1, 8192 bytes)
[    3.539683] UDP-Lite hash table entries: 256 (order: 1, 8192 bytes)
[    3.540800] NET: Registered protocol family 1
[    3.541643] pci 0000:00:00.0: Limiting direct PCI/PCI transfers
[    3.542652] pci 0000:00:01.0: Activating ISA DMA hang workarounds
[    3.543648] Unpacking initramfs...

[    5.350517] Freeing initrd memory: 10852K
[    5.415356] clocksource: tsc: mask: 0xffffffffffffffff max_cycles: 0x33cb88feb14, max_idle_ns: 440795318714 ns
[    5.416263] platform rtc_cmos: registered platform RTC device (no PNP device found)
[    5.416345] Scanning for low memory corruption every 60 seconds
[    5.417201] audit: initializing netlink subsys (disabled)
[    5.417246] audit: type=2000 audit(1523108583.289:1): initialized
[    5.417845] Initialise system trusted keyring
[    5.418058] HugeTLB registered 2 MB page size, pre-allocated 0 pages
[    5.422251] zbud: loaded
[    5.422528] VFS: Disk quotas dqut_6.
ÿ[   52211 VS:Dqt-chha tlentes10 (rd 0 46 te
[    5.423197] squashfs: version 4.0 (2009/01/31) Phillip Lougher
[    5.423785] fuse init (API version 7.23)
[    5.424135] Key type big_key registered
[    5.424189] Allocating IMA MOK and blacklist keyrings.
[    5.424873] Key type asymmetric registered
[    5.424887] Asymmetric key parser 'x509' registered
[    5.424917] bounce: pool size: 64 pages
[    5.425033] Block layer SCSI generic (bsg) driver version 0.4 loaded (major 249)
[    5.425057] io scheduler noop registered
[    5.425059] io scheduler deadline registered (default)
[    5.425091] io scheduler cfq registered
[    5.425203] pci_hotplug: PCI Hot Plug PCI Core version: 0.5
[    5.425211] pciehp: PCI Express Hot Plug Controller Driver version: 0.4
[    5.425347] ACPI: AC Adapter [AC] (on-line)
[    5.425412] input: Power Button as /devices/LNXSYSTM:00/LNXPWRBN:00/input/input0
[    5.425416] ACPI: Power Button [PWRF]
[    5.425476] input: Sleep Button as /devices/LNXSYSTM:00/LNXSLPBN:00/input/input1
[    5.425478] ACPI: Sleep Button [SLPF]
[    5.425614] GHES: HEST is not enabled!
[    5.425706] isapnp: Scanning for PnP cards...
[    5.431267] Serial: 8250/16550 driver, 32 ports, IRQ sharing enabled
[    5.550093] 00:02: ttyS0 at I/O 0x3f8 (irq = 4, base_baud = 115200) is a 16550A
[    6.714604] isapnp: No Plug & Play device found
[    6.716282] Linux agpgart interface v0.103
[    6.722286] loop: module loaded
[    6.723036] scsi host0: ata_piix
[    6.723114] scsi host1: ata_piix
[    6.723159] ata1: PATA max UDMA/33 cmd 0x1f0 ctl 0x3f6 bmdma 0xd000 irq 14
[    6.723161] ata2: PATA max UDMA/33 cmd 0x170 ctl 0x376 bmdma 0xd008 irq 15
[    6.723259] libphy: Fixed MDIO Bus: probed
[    6.723262] tun: Universal TUN/TAP device driver, 1.6
[    6.723262] tun: (C) 1999-2004 Max Krasnyansky <maxk@qualcomm.com>
[    6.723548] PPP generic driver version 2.4.2
[    6.723614] ehci_hcd: USB 2.0 'Enhanced' Host Controller (EHCI) Driver
[    6.723622] ehci-pci: EHCI PCI platform driver
[    6.723646] ehci-platform: EHCI generic platform driver
[    6.723656] ohci_hcd: USB 1.1 'Open' Host Controller (OHCI) Driver
[    6.723659] ohci-pci: OHCI PCI platform driver
[    6.723669] ohci-platform: OHCI generic platform driver
[    6.723678] uhci_hcd: USB Universal Host Controller Interface driver
[    6.723748] i8042: PNP: PS/2 Controller [PNP0303:PS2K,PNP0f03:PS2M] at 0x60,0x64 irq 1,12
[    6.758064] serio: i8042 KBD port at 0x60,0x64 irq 1
[    6.758077] serio: i8042 AUX port at 0x60,0x64 irq 12
[    6.758298] mousedev: PS/2 mouse device common for all mice
[    6.758748] rtc_cmos rtc_cmos: rtc core: registered rtc_cmos as rtc0
[    6.758834] rtc_cmos rtc_cmos: alarms up to one day, 114 bytes nvram
[    6.758843] i2c /dev entries driver
[    6.758933] device-mapper: uevent: version 1.0.3
[    6.759021] device-mapper: ioctl: 4.34.0-ioctl (2015-10-28) initialised: dm-devel@redhat.com
[    6.759058] platform eisa.0: Probing EISA bus 0
[    6.759060] platform eisa.0: EISA: Cannot allocate resource for mainboard
[    6.759062] platform eisa.0: Cannot allocate resource for EISA slot 1
[    6.759064] platform eisa.0: Cannot allocate resource for EISA slot 2
[    6.759066] platform eisa.0: Cannot allocate resource for EISA slot 3
[    6.759067] platform eisa.0: Cannot allocate resource for EISA slot 4
[    6.759069] platform eisa.0: Cannot allocate resource for EISA slot 5
[    6.759071] platform eisa.0: Cannot allocate resource for EISA slot 6
[    6.759072] platform eisa.0: Cannot allocate resource for EISA slot 7
[    6.759074] platform eisa.0: Cannot allocate resource for EISA slot 8
[    6.759075] platform eisa.0: EISA: Detected 0 cards
[    6.759102] cpufreq-nforce2: No nForce2 chipset.
[    6.759116] ledtrig-cpu: registered to indicate activity on CPUs
[    6.759464] NET: Registered protocol family 10
[    6.759720] NET: Registered protocol family 17
[    6.759736] Key type dns_resolver registered
[    6.759977] Using IPI No-Shortcut mode
[    6.760138] registered taskstats version 1
[    6.760158] Loading compiled-in X.509 certificates
[    6.763105] Loaded X.509 cert 'Build time autogenerated kernel key: cd25daf5f2c6791a52e12acbf66969414c24a779'
[    6.763133] zswap: loaded using pool lzo/zbud
[    6.765340] Key type trusted registered
[    6.768557] Key type encrypted registered
[    6.768562] AppArmor: AppArmor sha1 policy hashing enabled
[    6.768573] ima: No TPM chip found, activating TPM-bypass!
[    6.768601] evm: HMAC attrs: 0x1
[    6.768841]   Magic number: 14:574:735
[    6.775497] rtc_cmos rtc_cmos: setting system clock to 2018-04-07 13:43:03 UTC (1523108583)
[    6.775634] BIOS EDD facility v0.16 2004-Jun-25, 0 devices found
[    6.775634] EDD information not available.
[    7.074449] input: AT Translated Set 2 keyboard as /devices/platform/i8042/serio0/input/input2
[    7.175941] Freeing unused kernel memory: 948K
[    7.178621] Write protecting the kernel text: 8016k
[    7.364638] Write protecting the kernel read-only data: 3176k
[    7.595346] NX-protecting the kernel data: 6320k
Loading, please [    7.754815] random: systemd-udevd: uninitialized urandom read (16 bytes read, 1 bits of entropy available)
wait...
starting version 229
[    7.755811] random: udevadm: uninitialized urandom read (16 bytes read, 1 bits of entropy available)
[    7.770792] random: udevadm: uninitialized urandom read (16 bytes read, 1 bits of entropy available)
[    7.770850] random: udevadm: uninitialized urandom read (16 bytes read, 1 bits of entropy available)
[    7.771036] random: udevadm: uninitialized urandom read (16 bytes read, 1 bits of entropy available)
[    7.771104] random: udevadm: uninitialized urandom read (16 bytes read, 1 bits of entropy available)
[    7.771167] random: udevadm: uninitialized urandom read (16 bytes read, 1 bits of entropy available)
[    7.771236] random: udevadm: uninitialized urandom read (16 bytes read, 1 bits of entropy available)
[    7.771307] random: udevadm: uninitialized urandom read (16 bytes read, 1 bits of entropy available)
[    7.771376] random: udevadm: uninitialized urandom read (16 bytes read, 1 bits of entropy available)
[    9.131317] e1000: Intel(R) PRO/1000 Network Driver - version 7.3.21-k8-NAPI
[    9.138199] e1000: Copyright (c) 1999-2006 Intel Corporation.
[    9.139982] Fusion MPT base driver 3.04.20
[    9.148570] Copyright (c) 1999-2008 LSI Corporation
[    9.169647] Fusion MPT SPI Host driver 3.04.20
[    9.189408] mptbase: ioc0: Initiating bringup
[    9.276253] ioc0: LSI53C1030 A0: Capabilities={Initiator}
[    9.401533] input: ImExPS/2 Generic Explorer Mouse as /devices/platform/i8042/serio1/input/input4
[    9.636494] scsi host2: ioc0: LSI53C1030 A0, FwRev=00000000h, Ports=1, MaxQ=256, IRQ=20
[   10.535133] scsi 2:0:0:0: Direct-Access     VBOX     HARDDISK         1.0  PQ: 0 ANSI: 5
[   10.787429] scsi target2:0:0: Beginning Domain Validation
[   10.908442] e1000 0000:00:03.0 eth0: (PCI:33MHz:32-bit) 02:43:fb:3a:dc:1d
[   10.908448] e1000 0000:00:03.0 eth0: Intel(R) PRO/1000 Network Connection
[   11.109756] e1000 0000:00:03.0 enp0s3: renamed from eth0
[   11.336486] scsi target2:0:0: Domain Validation skipping write tests
[   11.510902] scsi target2:0:0: Ending Domain Validation
[   11.670776] scsi target2:0:0: asynchronous
[   11.800157] scsi 2:0:1:0: Direct-Access     VBOX     HARDDISK         1.0  PQ: 0 ANSI: 5
[   12.112424] scsi target2:0:1: Beginning Domain Validation
[   12.253384] floppy0: no floppy controllers found
[   12.253388] floppy0: floppy_shutdown: timeout handler died.  
[   12.342684] scsi target2:0:1: Domain Validation skipping write tests
[   12.342687] scsi target2:0:1: Ending Domain Validation
[   12.342796] scsi target2:0:1: asynchronous
[   12.358392] sd 2:0:0:0: [sda] 20971520 512-byte logical blocks: (10.7 GB/10.0 GiB)
[   12.358465] sd 2:0:0:0: Attached scsi generic sg0 type 0
[   12.358937] sd 2:0:1:0: [sdb] 20480 512-byte logical blocks: (10.5 MB/10.0 MiB)
[   12.359020] sd 2:0:0:0: [sda] Write Protect is off
[   12.359191] sd 2:0:0:0: [sda] Incomplete mode parameter data
[   12.359193] sd 2:0:0:0: [sda] Assuming drive cache: write through
[   12.359210] sd 2:0:1:0: [sdb] Write Protect is off
[   12.359505] sd 2:0:1:0: [sdb] Incomplete mode parameter data
[   12.359515] sd 2:0:1:0: [sdb] Assuming drive cache: write through
[   12.360863] sd 2:0:1:0: Attached scsi generic sg1 type 0
[   12.371589]  sda: sda1
[   12.372616] sd 2:0:0:0: [sda] Attached SCSI disk
[   12.397666] sd 2:0:1:0: [sdb] Attached SCSI disk
Begin: Loading e[   16.017231] md: linear personality registered for level -1
ssential drivers ... [   16.129723] md: multipath personality registered for level -4
[   16.143688] md: raid0 personality registered for level 0
[   16.154167] md: raid1 personality registered for level 1
[   16.240037] raid6: mmxx1    gen()  2730 MB/s
[   16.340800] raid6: mmxx2    gen()  4153 MB/s
[   16.564059] raid6: sse1x1   gen()  2661 MB/s
[   16.696160] raid6: sse1x2   gen()  3741 MB/s
[   16.896126] raid6: sse2x1   gen()  4448 MB/s
[   17.092228] raid6: sse2x1   xor()  2703 MB/s
[   17.292123] raid6: sse2x2   gen()  5650 MB/s
[   17.384087] raid6: sse2x2   xor()  3344 MB/s
[   17.426721] raid6: using algorithm sse2x2 gen() 5650 MB/s
[   17.453678] raid6: .... xor() 3344 MB/s, rmw enabled
[   17.519058] raid6: using ssse3x1 recovery algorithm
[   17.704583] xor: automatically using best checksumming function:
[   17.768076]    avx       : 10411.000 MB/sec
[   17.777653] async_tx: api initialized (async)
[   17.799055] md: raid6 personality registered for level 6
[   17.805323] md: raid5 personality registered for level 5
[   17.806265] md: raid4 personality registered for level 4
[   17.818321] md: raid10 personality registered for level 10
done.
Begin: Running /scripts/init-premount ... done.
Begin: Mounting root file system ... Begin: Running /scripts/local-top ... done.
Begin: Running /scripts/local-premount ... [   17.889318] Btrfs loaded
Scanning for Btrfs filesystems
done.
Warning: fsck not present, so skipping root file system
[   18.040591] EXT4-fs (sda1): mounted filesystem with ordered data mode. Opts: (null)
done.
Begin: Running /scripts/local-bottom ... done.
Begin: Running /scripts/init-bottom ... done.
[   18.470571] systemd[1]: systemd 229 running in system mode. (+PAM +AUDIT +SELINUX +IMA +APPARMOR +SMACK +SYSVINIT +UTMP +LIBCRYPTSETUP +GCRYPT +GNUTLS +ACL +XZ -LZ4 +SECCOMP +BLKID +ELFUTILS +KMOD -IDN)
[   18.561201] systemd[1]: Detected virtualization oracle.
[   18.566038] systemd[1]: Detected architecture x86.

Welcome to [1mUbuntu 16.04.4 LTS[0m!

[  1.6121]syte[1]: Set hostname to <ubuntu>.
[ 18682]ysmd]:nialinmahie D froraomenat.
[   19.645057] systemd[1]: Installed transient /etc/machine-id file.
[   19.929102] random: nonblocking pool is initialized
[   20.445799] systemd[1]: Listening on Syslog Socket.
[[0;32m  OK  [0m] Listening on Syslog Socket.
[   20.460670] systemd[1]: Listening on Device-mapper event daemon FIFOs.
[[0;32m  OK  [0m] Listening on Device-mapper event daemon FIFOs.
[   20.475530] systemd[1]: Started Trigger resolvconf update for networkd DNS.
[[0;32m  OK  [0m] Started Trigger resolvconf update for networkd DNS.
[  24975syemd[1]: Created slice User and Session Slice.
[[0;32m  OK  [0m] Created slice User and Session Slice.
[  20.756004] systemd[1]: Set up automount Arbitrary Executable File Formats File System Automount oint.
 [[0;32m  OK  [0m] Set up automount Arbitrary Executab...ats File System Automount Point.
[   20.833472] systemd[1]: Reached target Swap.
[[0;32m  OK  [0m] Reached target Swap.
[   20.838222] systemd[1]: Listening on Journal Audit Socket.
[[0;32m  OK  [0m] Listening on Journal Audit Socket.
[   20.862972] systemd[1]: Listnig n ournal Socke (/dev/log).
[[0;32m  OK  [0m] Listening on Journal Socket (/dev/log).
[  21407]ysmd]:isning on Journal Socket.
[[0;32m  OK  [0m] Listening on Journal Socket.
[   21.410355] systemd[1]: Reached target Ur d ouNa Lku. [[0;32m  OK  [0m] Reached target User and Group Name Lookups.
[   21.823117] systd[: stinondeinctCoatily Naedip
[[0;32m  OK  [0m] Listening on /dev/initctl Compatibility Named Pipe.
[ 22844]ysemd[]:Rehetage EryedVoums.
[[0;32m  OK  [0m] Reached target Encrypted Volumes.
[  2.2033]ysemd[1]: tateForward Password Request tWa Decryath.
[[0;32m  OK  [0m] Started Forward Password Requests to Wall Directory Watch.
[   23.857168] systemd[1]: Listening on LVM2 poll daen ck. [[0;32m  OK  [0m] Listening on LVM2 poll daemon socket.
[ 241635] systemd[1]Lienng oLV metatdaonoct.
[[0;32m  OK  [0m] Listening on LVM2 metadata daemon socket.
[ 25089]ysmd]:eaed trg SstemimSyhriz.
[[0;32m  OK  [0m] Reached target System Time Synchronized.
[   5.5735syem1]Lieng  uevKernel Socket.

[[0;32m  OK  [0m] Listening on udev Kernel Socket.
[   26.257075] systemd[1]: Listening on udev Control Socket.
[[0;32m  OK  [0m] Listening on udev Control Socket.
[   26.388538] systemd[1]: Created slice System Slice.
[[0;32m  OK  [0m] Created slice System Slice.
[   26.449212] systemd[1]: Mounting Debug File System...
         Mounting Debug File System...
[   26.499575] systemd[1]: Mounting POSIX Message Queue File System...
         Mounting POSIX Message Queue File System...
[   26.511759] systemd[1]: Starting Create list of required static device nodes for the current kernel...
         Starting Create list of required st... nodes for the current kernel...
[   26.596448] systemd[1]: Starting Monitoring of LVM2 mirrors, snapshots etc. using dmeventd or progress polling...
         Starting Monitoring of LVM2 mirrors... dmeventd or progress polling...
[   26.660409] systemd[1]: Starting Load Kernel Modules...
         Starting Load Kernel Modules...
[   26.666175] systemd[1]: Mounting Huge Pages File System...
         Mounting Huge Pages File System...
[   26.692238] systemd[1]: Reached target Slices.
[[0;32m  OK  [0m] Reached target Slices.
[   26.732418] systemd[1]: Starting Remount Root and Kernel File Systems...
[   26.752986] Loading iSCSI transport class v2.0-870.
         Starting Remount Root and Kernel File S[   26.762316] EXT4-fs (sda1): re-mounted. Opts: (null)
ystems...
[   26.782680] systemd[1]: Starting Set console keymap...
         Starting Set console keymap...
[   26.794015] systemd[1]: Created slice system-serial\x2dgetty.slice.
[   26.797297] iscsi: registered transport (tcp)
[[0;32m  OK  [0m] Created slice system-serial\x2dgetty.slice.
[   26.824310] systemd[1]: Starting Journal Service...
         Starting Journal Service...
[   26.842514] systemd[1]: Starting Nameserver information manager...
         Starting Nameserver information manager...
[   26.871032] systemd[1]: Starting Uncomplicated firewall...
         Starting Uncomplicated firewall...
[   26.896411] systemd[1]: Mounted POSIX Message Queue File System.
[[0;32m  OK  [0m] Mounted POSIX Message Queue File System.
[   26.916352] systemd[1]: Mounted Debug File System.
[[0;32m  OK  [[   26.942534] iscsi: registered transport (iser)
0m] Mounted Debug File System.
[   26.980301] systemd[1]: Mounted Huge Pages File System.
[[0;32m  OK  [0m] Mounted Huge Pages File System.
[   26.997627] systemd[1]: Started Journal Service.
[[0;32m  OK  [0m] Started Journal Service.
[[0;32m  OK  [0m] Started Create list of required sta...ce nodes for the current kernel.
[[0;32m  OK  [0m] Started Load Kernel Modules.
[[0;32m  OK  [0m] Started Remount Root and Kernel File Systems.
[[0;32m  OK  [0m] Started Set console keymap.
[[0;32m  OK  [0m] Started Uncomplicated firewall.
[[0;32m  OK  [0m] Started Nameserver information manager.
[[0;32m  OK  [0m] Started LVM2 metadata daemon.
         Starting Load/Save Random Seed...
         Starting Initial cloud-init job (pre-networking)...
         Starting udev Coldplug all Devices...
         Mounting FUSE Control File System...
         Starting Apply Kernel Variables...
         Starting Create Static Device Nodes in /dev...
         Starting Flush Journal to Persistent Storage...
[[0;32m  OK  [0m] Mounted FUSE Control File System.
[[0;32m  OK  [0m] Started Load/Save Random Seed.
[[0;32m  OK  [0m] Started Apply Kernel Variables.
[[0;32m  OK  [0m] Started Create Static Device Nodes in /dev.
[[0;32m  OK  [0m] Started udev Coldplug all Devices.
         Starting udev Kernel Device Manager...
[[0;32m  OK  [0m] Started Flush Journal to Persistent Storage.
[[0;32m  OK  [0m] Started Monitoring of LVM2 mirrors,...ng dmeventd or progress polling.
[[0;32m  OK  [0m] Started udev Kernel Device Manager.
[[0;32m  OK  [0m] Started Dispatch Password Requests to Console Directory Watch.
[[0;32m  OK  [0m] Reached target Local File Systems (Pre).
[[0;32m  OK  [0m] Reached target Local File Systems.
         Starting Create Volatile Files and Directories...
         Starting LSB: AppArmor initialization...
         Starting Commit a transient machine-id on disk...
         Starting Tell Plymouth To Write Out Runtime Data...
         Starting Set console font and keymap...
[[0;32m  OK  [0m] Started Create Volatile Files and Directories.
[[0;32m  OK  [0m] Started Commit a transient machine-id on disk.
[[0;32m  OK  [0m] Started Tell Plymouth To Write Out Runtime Data.
         Starting Update UTMP about System Boot/Shutdown...
[[0;32m  OK  [0m] Started Update UTMP about System Boot/Shutdown.
[[0;32m  OK  [0m] Found device /dev/ttyS0.
[[0;32m  OK  [0m] Listening on Load/Save RF Kill Switch Status /dev/rfkill Watch.
[[0;32m  OK  [0m] Started Set console font and keymap.
[[0;32m  OK  [0m] Started LSB: AppArmor initialization.
[[0;32m  OK  [0m] Created slice system-getty.slice.
[   30.583997] cloud-init[446]: Cloud-init v. 17.2 running 'init-local' at Sat, 07 Apr 2018 13:43:26 +0000. Up 30.11 seconds.
[[0;32m  OK  [0m] Started Initial cloud-init job (pre-networking).
[[0;32m  OK  [0m] Reached target Network (Pre).
         Starting Raise network interfaces...
[[0;32m  OK  [0m] Started Raise network interfaces.
[[0;32m  OK  [0m] Reached target Network.
         Starting Initial cloud-init job (metadata service crawler)...
[   33.461337] cloud-init[937]: Cloud-init v. 17.2 running 'init' at Sat, 07 Apr 2018 13:43:28 +0000. Up 31.89 seconds.
[[0;32m  OK  [0m] Started Initial cloud-init job (metadata service crawler).
[   33.544632] cloud-init[937]: ci-info: +++++++++++++++++++++++++++++++++++++Net device info++++++++++++++++++++++++++++++++++++++
[   33.615833] cloud-init[937]: ci-info: +--------+------+----------------------------+---------------+-------+-------------------+
[[0;32m  OK  [0m] Reached target Cloud-config availability.
[   33.616332] [cloud-init[0;32m  OK  [0m[937]: ] ci-info: | Device |  Up  |          Address           |      Mask     | Scope |     Hw-Address    |
Reached target System Initialization.
[   33.741154] cloud-init[937]: ci-info: +--------+------+----------------------------+---------------+-------+-------------------+
[   33.916612] [cloud-init[0;32m  OK  [0m[937]: ] ci-info: | enp0s3 | True |         10.0.2.15          | 255.255.255.0 |   .   | 02:43:fb:3a:dc:1d |Started ACPI Events Check.

[[0;32m  OK  [0m[   33.917130] ] cloud-initReached target Paths.[937]: 
ci-info: | enp0s3 | True | fe80::43:fbff:fe3a:dc1d/64 |       .       |  link | 02:43:fb:3a:dc:1d |
[   34.078700] [cloud-init[0;32m  OK  [0m[937]: ] ci-info: |   lo   | True |         127.0.0.1          |   255.0.0.0   |   .   |         .         |Listening on ACPID Listen Socket.

[   34.079548] [cloud-init[0;32m  OK  [0m[937]: ] ci-info: |   lo   | True |          ::1/128           |       .       |  host |         .         |Started Daily apt download activities.

[   34.085246] cloud-init[937]: ci-info: +--------+------+----------------------------+---------------+-------+-------------------+
[   34.192503]          cloud-init[937]: ci-info: +++++++++++++++++++++++++++Route IPv4 info++++++++++++++++++++++++++++
Starting LXD - unix socket.
[   34.192998] [cloud-init[0;32m  OK  [0m[937]: ] ci-info: +-------+-------------+----------+---------------+-----------+-------+Started Daily Cleanup of Temporary Directories.

[   34.452894] [cloud-init[0;32m  OK  [0m[937]: ] ci-info: | Route | Destination | Gateway  |    Genmask    | Interface | Flags |Started Daily apt upgrade and clean activities.

[   34.541721] [cloud-init[0;32m  OK  [0m[937]: ] ci-info: +-------+-------------+----------+---------------+-----------+-------+Listening on UUID daemon activation socket.

[   34.542377] [cloud-init[0;32m  OK  [0m[937]: ] ci-info: |   0   |   0.0.0.0   | 10.0.2.2 |    0.0.0.0    |   enp0s3  |   UG  |Listening on D-Bus System Message Bus Socket.

[   34.856756] [cloud-init[0;32m  OK  [0m[937]: ] ci-info: |   1   |   10.0.2.0  | 0.0.0.0  | 255.255.255.0 |   enp0s3  |   U   |Started Timer to automatically refresh installed snaps.

[[0;32m  OK  [0m] Reached target Timers.
[   34.857526] cloud-init[937]: ci-info: +-------+-------------+----------+---------------+-----------+-------+
         Starting Socket activation for snappy daemon.
[   35.101646] [cloud-init[0;32m  OK  [0m[937]: ] Generating public/private rsa key pair.Reached target Network is Online.

[   35.273416] cloud-init[937]: Your identification has been saved in /etc/ssh/ssh_host_rsa_key.
[   35.320772]          cloud-initStarting iSCSI initiator daemon (iscsid)...[937]: 
Your public key has been saved in /etc/ssh/ssh_host_rsa_key.pub.
[   35.374162] cloud-init[937]: The key fingerprint is:
[   35.374580] cloud-init[937]: SHA256:xP93z6ivvOpULjDBMlIhRSP1ic/gbGzh0o1GDBbnP8s root@ubuntu-xenial
[[0;32m  OK  [0m] Listening on LXD - unix socket.
[[   35.374732] cloud-init[937]: The key's randomart image is:
[   35.473306] cloud-init[937]: +---[RSA 2048]----+
[0;32m  OK  [0m] Listening on Socket activation for snappy daemon.
[   35.473663] cloud-init[937]: |    *=O.         |
[   35.532248] cloud-init[937]: |   . O * .       |
[   35.569833] cloud-init[937]: |    . X B        |
[   35.570170] cloud-init[937]: |     O % o       |
[[0;32m  OK  [0m] Reached target Sockets.
[   35.570449] cloud-init[937]: |    . @ S . .    |
[   35.628624] cloud-init[937]: |     = . = +     |
[   35.629080] cloud-init[937]: |        E o o . .|
[[0;32m  OK  [0m] Reached target Basic System.
[   35.629392] cloud-init[937]: |         . o . +.|
[   35.672500] cloud-init[937]: |         .o.==o o|
         Starting Pollinate to seed the pseudo random number generator...
[   35.681514] cloud-init[937]: +----[SHA256]-----+
[   35.737759] cloud-init[937]: Generating public/private dsa key pair.
[   35.739501] cloud-init[937]: Your identification has been saved in /etc/ssh/ssh_host_dsa_key.
         Starting System Logging Service...
[   35.739699] cloud-init[937]: Your public key has been saved in /etc/ssh/ssh_host_dsa_key.pub.
[   35.874535] [cloud-init[0;32m  OK  [0m[937]: ] The key fingerprint is:Started ACPI event daemon.

[   35.874756] cloud-init[937]: SHA256:E1qe1Qxl+/qvMrmGtB8mK/C2Ql9ye41+UdWZE/qpjnY root@ubuntu-xenial
[   35.960209] cloud-init[937]: The key's randomart image is:
[   35.965137] cloud-init[937]: +---[DSA 1024]----+
[   35.967365] cloud-init[937]: |          ..o  .=|
[   35.984782] cloud-init[937]: |           = ..+o|
[   35.985078] cloud-init[937]: |        o . +.  o|
[[0;32m  OK  [0m] Started Deferred execution scheduler.
[   35.985249] cloud-init[937]: |       + +   .. o|
[   36.085194] cloud-init[937]: |      . S     .+ |
[   36.105183] cloud-init[937]: |      o ..+  .o  |
[   36.105544] cloud-init[937]: |     . + =.++= . |
[[0;32m  OK  [0m] Started Regular background program processing daemon.
[   36.105764] cloud-init[937]: |      . = +=XEo  |
         Starting Virtualbox guest utils...
[   36.119992] cloud-init[937]: |       o.oo*=*oo.|
         [   36.156527] Starting Accounts Service...cloud-init
[937]: +----[SHA256]-----+
[   36.185948] cloud-init[937]: Generating public/private ecdsa key pair.
[   36.186314] cloud-init[937]: Your identification has been saved in /etc/ssh/ssh_host_ecdsa_key.
         Starting LSB: MD monitoring daemon...
[   36.187296] [cloud-init[0;32m  OK  [0m[937]: ] Your public key has been saved in /etc/ssh/ssh_host_ecdsa_key.pub.Started Unattended Upgrades Shutdown.

[   36.224360] cloud-init[937]: The key fingerprint is:
[   36.277706] cloud-init[937]: SHA256:05qnJOjAlcWi1gTZL8D4JnI6hhzjQAWHnks8xggKVG0 root@ubuntu-xenial
[   36.280363] cloud-init[937]: The key's randomart image is:
[   36.287652] cloud-init[937]: +---[ECDSA 256]---+
         Starting LXD - container startup/shutdown...
[   36.300829] cloud-init[937]: |.=**.            |
[[0;32m  OK  [0m] Started FUSE filesystem for LXC.
[   36.313612] cloud-init[937]: |+o=..E           |
[   36.361077]          cloud-initStarting Login Service...[937]: 
|X...+.o          |
[   36.361564] cloud-init[937]: |*@++.+.  .       |
[   36.422091] cloud-init[937]: |O=B +.  S .      |
[   36.422343] cloud-init[937]: |+B . .   +       |
         Starting Snappy daemon...
[   36.422475] cloud-init[937]: |..o . . + .      |
         Starting Apply the settings specified in cloud-config...
[   36.546537] cloud-init[937]: |   o   o o       |
         Starting LSB: Record successful boot for GRUB...
[   36.654898] cloud-init[937]: |    .   .        |
[[0;32m  OK  [0m] Started D-Bus System Message Bus.
[   36.747064] cloud-init[937]: +----[SHA256]-----+
[   36.836676] cloud-init[937]: Generating public/private ed25519 key pair.
[   36.892491] cloud-init[937]: Your identification has been saved in /etc/ssh/ssh_host_ed25519_key.
[   36.961243] cloud-init[937]: Your public key has been saved in /etc/ssh/ssh_host_ed25519_key.pub.
         Starting /etc/rc.local Compatibility...
[[0;32m  OK  [0m] Started System Logging Service.
[   37.013890] cloud-init[937]: The key fingerprint is:
[   37.104587] [cloud-init[0;32m  OK  [0m[937]: ] SHA256:qUGXwzPy0FMj60hYTT4a1HNHRUJny5Ao0Q9QvHv1AlU root@ubuntu-xenialStarted iSCSI initiator daemon (iscsid).

[   37.105107] cloud-init[937]: The key's randomart image is:
[[0;32m  OK  [0m] Started LXD - container startup/shutdown.
[   37.225163] cloud-init[937]: +--[ED25519 256]--+
[   37.280444] cloud-init[937]: |      o+=*++=+=.E|
[   37.280585] cloud-init[937]: |     + +==*.o*.. |
[[0;32m  OK  [0m] Started Pollinate to seed the pseudo random number generator.
[   37.280701] cloud-init[937]: |    . * &+ = .o  |
[   37.304385] [[0;32m  OK  [0m] cloud-initStarted /etc/rc.local Compatibility.[937]: 
|     o X B. o .  |
[[0;32m  OK  [0m] Started Snappy daemon.
[   37.387171] cloud-init[937]: |      + S  . o . |
[   37.492644] cloud-init[937]: |       o  . . . .|
[   37.548606] cloud-init[937]: |      .    .   . |
[   37.580798] cloud-init[937]: |                 |
[[0;32m  OK  [0m] Started Login Service.
[   37.581087] cloud-init[937]: |                 |
[[0;32m  OK  [0m] Started LSB: MD monitoring daemon.
[[0;32m  OK  [0m] Started LSB: Record successful boot for GRUB.
[   37.685006] cloud-init[937]: +----[SHA256]-----+
         Starting Authenticate and Authorize Users to Run Privileged Tasks...
[   37.730576] cloud-init[1112]: Generating locales (this might take a while)...
         Starting OpenBSD Secure Shell server...
         Starting Login to default iSCSI targets...
[[0;32m  OK  [0m] Started OpenBSD Secure Shell server.
[[0;32m  OK  [0m] Started Virtualbox guest utils.
[[0;32m  OK  [0m] Started Authenticate and Authorize Users to Run Privileged Tasks.
[[0;32m  OK  [0m] Started Accounts Service.
[[0;32m  OK  [0m] Started Login to default iSCSI targets.
[[0;32m  OK  [0m] Reached target Remote File Systems (Pre).
[[0;32m  OK  [0m] Reached target Remote File Systems.
         Starting LSB: automatic crash report generation...
         Starting Permit User Sessions...
         Starting LSB: Set the CPU Frequency Scaling governor to "ondemand"...
         Starting LSB: daemon to balance interrupts for SMP systems...
[[0;32m  OK  [0m] Started Permit User Sessions.
[   38.555893] cloud-init[1112]:   en_US.UTF-8... done
[   38.581514] cloud-init[1112]: Generation complete.
[[0;32m  OK  [0m] Started LSB: Set the CPU Frequency Scaling governor to "ondemand".
[[0;32m  OK  [0m] Started LSB: automatic crash report generation.
[[0;32m  OK  [0m] Started LSB: daemon to balance interrupts for SMP systems.
         Starting Hold until boot process finishes up...
         Starting Terminate Plymouth Boot Screen...
[[0;32m  OK  [0m] Started Hold until boot process finishes up.
[[0;32m  OK  [0m] Started Terminate Plymouth Boot Screen.
[[0;32m  OK  [0m] Started Serial Getty on ttyS0.
[[0;32m  OK  [0m] Started Getty on tty1.
[[0;32m  OK  [0m] Reached target Login Prompts.
[[0;32m  OK  [0m] Reached target Multi-User System.
[[0;32m  OK  [0m] Reached target Graphical Interface.
         Starting Update UTMP about System Runlevel Changes...
         Starting Set console scheme...
[[0;32m  OK  [0m] Started Set console scheme.
[[0;32m  OK  [0m] Started Update UTMP about System Runlevel Changes.
[   39.745903] cloud-init[1112]: Cloud-init v. 17.2 running 'modules:config' at Sat, 07 Apr 2018 13:43:33 +0000. Up 36.92 seconds.
[[0;32m  OK  [0m] Created slice User Slice of vagrant.
[[0;32m  OK  [0m] Started Apply the settings specified in cloud-config.
[[0;32m  OK  [0m] Started Session 1 of user vagrant.
         Starting User Manager for UID 1000...
         Starting Execute cloud user/final scripts...
[[0;32m  OK  [0m] Started User Manager for UID 1000.
ci-info: no authorized ssh keys fingerprints found for user ubuntu.
<14>Apr  7 13:43:37 ec2: 
<14>Apr  7 13:43:37 ec2: #############################################################
<14>Apr  7 13:43:37 ec2: -----BEGIN SSH HOST KEY FINGERPRINTS-----
<14>Apr  7 13:43:37 ec2: 1024 SHA256:E1qe1Qxl+/qvMrmGtB8mK/C2Ql9ye41+UdWZE/qpjnY root@ubuntu-xenial (DSA)
<14>Apr  7 13:43:37 ec2: 256 SHA256:05qnJOjAlcWi1gTZL8D4JnI6hhzjQAWHnks8xggKVG0 root@ubuntu-xenial (ECDSA)
<14>Apr  7 13:43:37 ec2: 256 SHA256:qUGXwzPy0FMj60hYTT4a1HNHRUJny5Ao0Q9QvHv1AlU root@ubuntu-xenial (ED25519)
<14>Apr  7 13:43:37 ec2: 2048 SHA256:xP93z6ivvOpULjDBMlIhRSP1ic/gbGzh0o1GDBbnP8s root@ubuntu-xenial (RSA)
<14>Apr  7 13:43:37 ec2: -----END SSH HOST KEY FINGERPRINTS-----
<14>Apr  7 13:43:37 ec2: #############################################################
-----BEGIN SSH HOST KEY KEYS-----
ecdsa-sha2-nistp256 AAAAE2VjZHNhLXNoYTItbmlzdHAyNTYAAAAIbmlzdHAyNTYAAABBBPTLMX5kvZaUU1TzgnlMvxfybjTDngyIztOZ3xKXt3thqHwfqkVuTXTtslC5UPyYh2CLvYSxqKImjpTmSlH8SlY= root@ubuntu-xenial
ssh-ed25519 AAAAC3NzaC1lZDI1NTE5AAAAIJ2cAnDepf7nvvaXU6oy9g9Y/x6jFYfYBSGtUBgVbB37 root@ubuntu-xenial
ssh-rsa AAAAB3NzaC1yc2EAAAADAQABAAABAQDnfC40aQSb6j99VHrE1k6CgnzjyIpT5UAuAXb9qcrCKY+kClkdWWogCjgk9sOWnSDQVxNESKbb3lEgOpW+dzsC/PkkvODivo6bMVKf68Om0zuwl+jDqpATB/FUcJ6drh6aAyL5C66WspL+PffzDOnW6veVEtGafTzV0409m5BmH5GdejX/sT7th6YFNrvRESDaCQBhwwzGROQKQGJp9TI58JMB2oN+O2W1tkBX4gaVyheFN/bgTn+fmUW4lj+GXijH4fzcOd9WmZn3kE0/7Hvc//uwuYuJTRuW6XEPTVcxUr33fYhrcJ/RoP3c0yEhUpiDw4FGy6enDPzmv1JcvRoP root@ubuntu-xenial
-----END SSH HOST KEY KEYS-----
[   41.458758] cloud-init[1302]: Cloud-init v. 17.2 running 'modules:final' at Sat, 07 Apr 2018 13:43:37 +0000. Up 40.38 seconds.
[[0;32m  OK  [0m] Started Execute cloud user/final scripts.
[   41.548717] cloud-init[1302]: ci-info: no authorized ssh keys fingerprints found for user ubuntu.
[   41.656633] cloud-init[1302]: Cloud-init v. 17.2 finished at Sat, 07 Apr 2018 13:43:38 +0000. Datasource DataSourceNoCloud [seed=/dev/sdb][dsmode=net].  Up 41.44 seconds
[[0;32m  OK  [0m] Reached target Cloud-init target.

Ubuntu 16.04.4 LTS ubuntu-xenial ttyS0

ubuntu-xenial login: [[0;32m  OK  [0m] Stopped target Cloud-init target.
         Stopping Usera         Stopping D-Bus System Message Bus...
         Stopping Getty on tty1...
[[0;32m  OK  [0m] Stopped target Timers.
[[0;32m  OK  [0m] Stopped Daily Cleanup of Temporary Directories.
[[0;32m  OK  [0m] Stopped Daily apt upgrade and clean activities.
[[0;32m  OK  [0m] Stopped Timer to automatically refresh installed snaps.
[[0;32m  OK  [0m] Stopped Daily apt download activities.
[[0;32m  OK  [0m] Stopped target System Time Synchronized.
         Stopping Deferred execution scheduler...
         Stopping OpenBSD Secure Shell server...
         Stopping Session 3 of user vagrant.
         Stopping LSB: MD monitoring daemon...
[[0;32m  OK  [0m] Closed Load/Save RF Kill Switch Status /dev/rfkill Watch.
[[0;32m  OK  [0m] Unmounted /var/lib/lxcfs.
[[0;32m  OK  [0m] Stopped System Logging Service.
[[0;32m  OK  [0m] Stopped ACPI event daemon.
[[0;32m  OK  [0m] Stopped Deferred execution scheduler.
[[0;32m  OK  [0m] Stopped Regular background program processing daemon.
[[0;32m  OK  [0m] Stopped Accounts Service.
[[0;32m  OK  [0m] Stopped Snappy daemon.
[[0;32m  OK  [0m] Stopped Authenticate and Authorize Users to Run Privileged Tasks.
[[0;32m  OK  [0m] Stopped OpenBSD Secure Shell server.
[[0;32m  OK  [0m] Stopped Serial Getty on ttyS0.
[[0;32m  OK  [0m] Stopped Getty on tty1.
[[0;32m  OK  [0m] Stopped User Manager for UID 1000.
[[0;32m  OK  [0m] Stopped Unattended Upgrades Shutdown.
[[0;32m  OK  [0m] Stopped D-Bus System Message Bus.
[[0;32m  OK  [0m] Stopped Session 3 of user vagrant.
[[0;32m  OK  [0m] Stopped FUSE filesystem for LXC.
[[0;32m  OK  [0m] Stopped LXD - container startup/shutdown.
[[0;32m  OK  [0m] Stopped LSB: Set the CPU Frequency Scaling governor to "ondemand".
[[0;32m  OK  [0m] Stopped Virtualbox guest utils.
[[0;32m  OK  [0m] Stopped LSB: daemon to balance interrupts for SMP systems.
[[0;32m  OK  [0m] Stopped LSB: Record successful boot for GRUB.
[[0;32m  OK  [0m] Stopped LSB: automatic crash report generation.
[[0;32m  OK  [0m] Stopped LSB: MD monitoring daemon.
[[0;32m  OK  [0m] Removed slice User Slice of vagrant.
         Stopping Login Service...
[[0;32m  OK  [0m] Removed slice system-getty.slice.
[[0;32m  OK  [0m] Stopped /etc/rc.local Compatibility.
[[0;32m  OK  [0m] Removed slice system-serial\x2dgetty.slice.
         Stopping Permit User Sessions...
[[0;32m  OK  [0m] Stopped Login Service.
[[0;32m  OK  [0m] Stopped Permit User Sessions.
[[0;32m  OK  [0m] Stopped target Remote File Systems.
[[0;32m  OK  [0m] Stopped target Remote File Systems (Pre).
         Stopping Login to default iSCSI targets...
[[0;32m  OK  [0m] Stopped target Basic System.
[[0;32m  OK  [0m] Stopped target Slices.
[[0;32m  OK  [0m] Removed slice User and Session Slice.
[[0;32m  OK  [0m] Stopped target Paths.
[[0;32m  OK  [0m] Stopped Forward Password Requests to Wall Directory Watch.
[[0;32m  OK  [0m] Stopped Dispatch Password Requests to Console Directory Watch.
[[0;32m  OK  [0m] Stopped ACPI Events Check.
[[0;32m  OK  [0m] Stopped target Sockets.
[[0;32m  OK  [0m] Closed ACPID Listen Socket.
[[0;32m  OK  [0m] Closed LXD - unix socket.
[[0;32m  OK  [0m] Closed D-Bus System Message Bus Socket.
[[0;32m  OK  [0m] Closed UUID daemon activation socket.
[[0;32m  OK  [0m] Closed Syslog Socket.
[[0;32m  OK  [0m] Closed Socket activation for snappy daemon.
[[0;32m  OK  [0m] Stopped target System Initialization.
[[0;32m  OK  [0m] Stopped target Encrypted Volumes.
[[0;32m  OK  [0m] Stopped Create Volatile Files and Directories.
[[0;32m  OK  [0m] Stopped Commit a transient machine-id on disk.
[[0;32m  OK  [0m] Stopped target Swap.
         Stopping Load/Save Random Seed...
[[0;32m  OK  [0m] Stopped target User and Group Name Lookups.
[[0;32m  OK  [0m] Stopped Load/Save Random Seed.
[[0;32m  OK  [0m] Stopped Login to default iSCSI targets.
         Stopping iSCSI initiator daemon (iscsid)...
[[0;32m  OK  [0m] Stopped iSCSI initiator daemon (iscsid).
[[0;32m  OK  [0m] Stopped target Network is Online.
[[0;32m  OK  [0m] Stopped target Network.
[[0;32m  OK  [0m] Stopped Initial cloud-init job (metadata service crawler).
         Stopping Raise network interfaces...
[[0;32m  OK  [0m] Stopped Raise network interfaces.
[[0;32m  OK  [0m] Stopped target Local File Systems.
         Unmounting /run/user/1000...
         Unmounting /vagrant...
[[0;32m  OK  [0m] Stopped target Network (Pre).
[[0;32m  OK  [0m] Stopped Initial cloud-init job (pre-networking).
[[0;32m  OK  [0m] Stopped Apply Kernel Variables.
[[0;32m  OK  [0m] Stopped Load Kernel Modules.
[[0;32m  OK  [0m] Unmounted /run/user/1000.
[[0;32m  OK  [0m] Unmounted /vagrant.
[[0;32m  OK  [0m] Reached target Unmount All Filesystems.
[[0;32m  OK  [0m] Stopped target Local File Systems (Pre).
[[0;32m  OK  [0m] Stopped Remount Root and Kernel File Systems.
         Stopping Monitoring of LVM2 mirrors... dmeventd or progress polling...
[[0;32m  OK  [0m] Stopped Create Static Device Nodes in /dev.
[[0;32m  OK  [0m] Reached target Shutdown.
[  173.437548] reboot: Power down

